<?xml version="1.0" encoding="UTF-8"?>
<robot generator="Robot 6.0.2 (Python 3.11.1 on win32)" generated="20230119 11:12:41.852" rpa="false" schemaversion="3">
<suite id="s1" name="Demo11 Advance" source="C:\Users\40032486\PycharmProjects\robot_project\robot_suite\demo11_advance.robot">
<test id="s1-t1" name="TC3" line="25">
<kw name="Open Browser" library="SeleniumLibrary">
<arg>browser=chrome</arg>
<doc>Opens a new browser instance to the optional ``url``.</doc>
<msg timestamp="20230119 11:12:42.239" level="INFO">Opening browser 'chrome' to base url 'None'.</msg>
<status status="PASS" starttime="20230119 11:12:42.238" endtime="20230119 11:12:44.272"/>
</kw>
<kw name="Maximize Browser Window" library="SeleniumLibrary">
<doc>Maximizes current browser window.</doc>
<status status="PASS" starttime="20230119 11:12:44.273" endtime="20230119 11:12:44.400"/>
</kw>
<kw name="Set Selenium Implicit Wait" library="SeleniumLibrary">
<arg>5s</arg>
<doc>Sets the implicit wait value used by Selenium.</doc>
<status status="PASS" starttime="20230119 11:12:44.401" endtime="20230119 11:12:44.403"/>
</kw>
<kw name="Go To" library="SeleniumLibrary">
<arg>url=https://nasscom.in</arg>
<doc>Navigates the current browser window to the provided ``url``.</doc>
<msg timestamp="20230119 11:12:44.405" level="INFO">Opening url 'https://nasscom.in'</msg>
<status status="PASS" starttime="20230119 11:12:44.404" endtime="20230119 11:12:57.463"/>
</kw>
<kw name="Mouse Over" library="SeleniumLibrary">
<arg>link=Membership</arg>
<doc>Simulates hovering the mouse over the element ``locator``.</doc>
<msg timestamp="20230119 11:12:57.465" level="INFO">Simulating Mouse Over on element 'link=Membership'.</msg>
<status status="PASS" starttime="20230119 11:12:57.464" endtime="20230119 11:12:57.815"/>
</kw>
<kw name="Get WebElement" library="SeleniumLibrary">
<var>${element}</var>
<arg>link=Become a Member</arg>
<doc>Returns the first WebElement matching the given ``locator``.</doc>
<msg timestamp="20230119 11:12:57.889" level="INFO">${element} = &lt;selenium.webdriver.remote.webelement.WebElement (session="c632a6daf04678a9a396c80d2f8d457a", element="2f21f9cb-473d-422d-ba94-d383d897fa1a")&gt;</msg>
<status status="PASS" starttime="20230119 11:12:57.816" endtime="20230119 11:12:57.890"/>
</kw>
<kw name="Execute Javascript" library="SeleniumLibrary">
<arg>arguments[0].click()</arg>
<arg>ARGUMENTS</arg>
<arg>${element}</arg>
<doc>Executes the given JavaScript code with possible arguments.</doc>
<msg timestamp="20230119 11:12:57.893" level="INFO">Executing JavaScript:
arguments[0].click()
By using argument:
'&lt;selenium.webdriver.remote.webelement.WebElement (session="c632a6daf04678a9a396c80d2f8d457a", element="2f21f9cb-473d-422d-ba94-d383d897fa1a")&gt;'</msg>
<status status="PASS" starttime="20230119 11:12:57.890" endtime="20230119 11:13:10.630"/>
</kw>
<status status="PASS" starttime="20230119 11:12:42.237" endtime="20230119 11:13:10.631"/>
</test>
<status status="PASS" starttime="20230119 11:12:41.858" endtime="20230119 11:13:10.633"/>
</suite>
<statistics>
<total>
<stat pass="1" fail="0" skip="0">All Tests</stat>
</total>
<tag>
</tag>
<suite>
<stat pass="1" fail="0" skip="0" id="s1" name="Demo11 Advance">Demo11 Advance</stat>
</suite>
</statistics>
<errors>
</errors>
</robot>
