<?xml version="1.0" encoding="UTF-8"?>
<robot generator="Robot 6.0.2 (Python 3.11.1 on win32)" generated="20230120 17:31:00.117" rpa="false" schemaversion="3">
<suite id="s1" name="Demo1 Applaunch" source="C:\Users\40032486\PycharmProjects\robot_project\appium_suite\demo1_applaunch.robot">
<test id="s1-t1" name="TC1" line="4">
<kw name="Create Dictionary" library="BuiltIn">
<var>&amp;{dic}</var>
<arg>buildName=khan lt7</arg>
<arg>projectName=khan project lt7</arg>
<arg>userName=blessytummapudi_g23OhT</arg>
<arg>accessKey=hapgkPCtxBZ7eVaHNoFS</arg>
<doc>Creates and returns a dictionary based on the given ``items``.</doc>
<msg timestamp="20230120 17:31:00.554" level="INFO">&amp;{dic} = { buildName=khan lt7 | projectName=khan project lt7 | userName=blessytummapudi_g23OhT | accessKey=hapgkPCtxBZ7eVaHNoFS }</msg>
<status status="PASS" starttime="20230120 17:31:00.553" endtime="20230120 17:31:00.555"/>
</kw>
<kw name="Open Application" library="AppiumLibrary">
<arg>remote_url=http://hub.browserstack.com/wd/hub</arg>
<arg>platformName=android</arg>
<arg>deviceName=Google Pixel 3</arg>
<arg>app=bs://01058a26ad86312dafac7d86f0bda1d7f21d3d3f</arg>
<arg>platformVersion=9.0</arg>
<arg>bstack:options=${dic}</arg>
<doc>Opens a new application to given Appium server.
Capabilities of appium server, Android and iOS,
Please check https://github.com/appium/appium/blob/master/docs/en/writing-running-appium/server-args.md
| *Option*            | *Man.* | *Description*     |
| remote_url          | Yes    | Appium server url |
| alias               | no     | alias             |
| strict_ssl          | No     | allows you to send commands to an invalid certificate host like a self-signed one. |</doc>
<status status="PASS" starttime="20230120 17:31:00.556" endtime="20230120 17:31:35.779"/>
</kw>
<kw name="Wait Until Page Contains Element" library="AppiumLibrary">
<arg>xpath=//*[@text='Dismiss']</arg>
<doc>Waits until element specified with `locator` appears on current page.</doc>
<msg timestamp="20230120 17:31:38.970" level="INFO">xpath criteria: //*[@text='Dismiss']
xpath criteria: //*[@text='Dismiss']
xpath criteria: //*[@text='Dismiss']</msg>
<status status="PASS" starttime="20230120 17:31:35.779" endtime="20230120 17:31:38.971"/>
</kw>
<kw name="Click Element" library="AppiumLibrary">
<arg>xpath=//*[@text='Dismiss']</arg>
<doc>Click element identified by `locator`.</doc>
<msg timestamp="20230120 17:31:38.973" level="INFO">Clicking element 'xpath=//*[@text='Dismiss']'.</msg>
<msg timestamp="20230120 17:31:39.660" level="INFO">xpath criteria: //*[@text='Dismiss']</msg>
<status status="PASS" starttime="20230120 17:31:38.971" endtime="20230120 17:31:39.660"/>
</kw>
<kw name="Wait Until Page Contains Element" library="AppiumLibrary">
<arg>xpath=//android.widget.TextView[@text='Sign in']</arg>
<doc>Waits until element specified with `locator` appears on current page.</doc>
<msg timestamp="20230120 17:31:40.973" level="INFO">xpath criteria: //android.widget.TextView[@text='Sign in']</msg>
<status status="PASS" starttime="20230120 17:31:39.661" endtime="20230120 17:31:40.973"/>
</kw>
<kw name="Click Element" library="AppiumLibrary">
<arg>xpath=//android.widget.TextView[@text='Sign in']</arg>
<doc>Click element identified by `locator`.</doc>
<msg timestamp="20230120 17:31:40.975" level="INFO">Clicking element 'xpath=//android.widget.TextView[@text='Sign in']'.</msg>
<msg timestamp="20230120 17:31:43.364" level="INFO">xpath criteria: //android.widget.TextView[@text='Sign in']</msg>
<status status="PASS" starttime="20230120 17:31:40.973" endtime="20230120 17:31:43.364"/>
</kw>
<kw name="Sleep" library="BuiltIn">
<arg>5s</arg>
<doc>Pauses the test executed for the given time.</doc>
<msg timestamp="20230120 17:31:48.366" level="INFO">Slept 5 seconds</msg>
<status status="PASS" starttime="20230120 17:31:43.365" endtime="20230120 17:31:48.366"/>
</kw>
<kw name="Close Application" library="AppiumLibrary" type="TEARDOWN">
<doc>Closes the current application and also close webdriver session.</doc>
<status status="PASS" starttime="20230120 17:31:48.367" endtime="20230120 17:31:51.608"/>
</kw>
<status status="PASS" starttime="20230120 17:31:00.553" endtime="20230120 17:31:51.609"/>
</test>
<status status="PASS" starttime="20230120 17:31:00.122" endtime="20230120 17:31:51.610"/>
</suite>
<statistics>
<total>
<stat pass="1" fail="0" skip="0">All Tests</stat>
</total>
<tag>
</tag>
<suite>
<stat pass="1" fail="0" skip="0" id="s1" name="Demo1 Applaunch">Demo1 Applaunch</stat>
</suite>
</statistics>
<errors>
</errors>
</robot>
