<?xml version="1.0" encoding="UTF-8"?>
<robot generator="Robot 6.0.2 (Python 3.11.1 on win32)" generated="20230118 15:51:49.857" rpa="false" schemaversion="3">
<suite id="s1" name="Demo9 Alert" source="C:\Users\40032486\PycharmProjects\robot_project\robot_suite\demo9_alert.robot">
<test id="s1-t1" name="TC1" line="6">
<kw name="Open Browser" library="SeleniumLibrary">
<arg>browser=chrome</arg>
<doc>Opens a new browser instance to the optional ``url``.</doc>
<msg timestamp="20230118 15:51:50.142" level="INFO">Opening browser 'chrome' to base url 'None'.</msg>
<status status="PASS" starttime="20230118 15:51:50.142" endtime="20230118 15:51:51.892"/>
</kw>
<kw name="Maximize Browser Window" library="SeleniumLibrary">
<doc>Maximizes current browser window.</doc>
<status status="PASS" starttime="20230118 15:51:51.892" endtime="20230118 15:51:52.024"/>
</kw>
<kw name="Set Selenium Implicit Wait" library="SeleniumLibrary">
<arg>30s</arg>
<doc>Sets the implicit wait value used by Selenium.</doc>
<status status="PASS" starttime="20230118 15:51:52.025" endtime="20230118 15:51:52.026"/>
</kw>
<kw name="Go To" library="SeleniumLibrary">
<arg>url=https://netbanking.hdfcbank.com/netbanking/IpinResetUsingOTP.htm</arg>
<doc>Navigates the current browser window to the provided ``url``.</doc>
<msg timestamp="20230118 15:51:52.027" level="INFO">Opening url 'https://netbanking.hdfcbank.com/netbanking/IpinResetUsingOTP.htm'</msg>
<status status="PASS" starttime="20230118 15:51:52.027" endtime="20230118 15:51:53.592"/>
</kw>
<kw name="Click Element" library="SeleniumLibrary">
<arg>css=img[alt='Go']</arg>
<doc>Click the element identified by ``locator``.</doc>
<msg timestamp="20230118 15:51:53.594" level="INFO">Clicking element 'css=img[alt='Go']'.</msg>
<status status="PASS" starttime="20230118 15:51:53.592" endtime="20230118 15:51:53.656"/>
</kw>
<kw name="Handle Alert" library="SeleniumLibrary">
<var>${alert_text}</var>
<arg>action=ACCEPT</arg>
<doc>Handles the current alert and returns its message.</doc>
<msg timestamp="20230118 15:51:53.657" level="INFO">HANDLE::&lt;class 'NoneType'&gt;::None</msg>
<msg timestamp="20230118 15:51:53.668" level="INFO">${alert_text} = Customer ID  cannot be left blank.</msg>
<status status="PASS" starttime="20230118 15:51:53.656" endtime="20230118 15:51:53.668"/>
</kw>
<kw name="Log To Console" library="BuiltIn">
<arg>${alert_text}</arg>
<doc>Logs the given message to the console.</doc>
<status status="PASS" starttime="20230118 15:51:53.668" endtime="20230118 15:51:53.669"/>
</kw>
<kw name="Should Be Equal" library="BuiltIn">
<arg>${alert_text}</arg>
<arg>Customer ID${Space}${Space}cannot be left blank.</arg>
<doc>Fails if the given objects are unequal.</doc>
<status status="PASS" starttime="20230118 15:51:53.670" endtime="20230118 15:51:53.670"/>
</kw>
<status status="PASS" starttime="20230118 15:51:50.127" endtime="20230118 15:51:53.671"/>
</test>
<status status="PASS" starttime="20230118 15:51:49.857" endtime="20230118 15:51:53.673"/>
</suite>
<statistics>
<total>
<stat pass="1" fail="0" skip="0">All Tests</stat>
</total>
<tag>
</tag>
<suite>
<stat pass="1" fail="0" skip="0" id="s1" name="Demo9 Alert">Demo9 Alert</stat>
</suite>
</statistics>
<errors>
</errors>
</robot>
