<?xml version="1.0" encoding="UTF-8"?>
<robot generator="Robot 6.0.2 (Python 3.11.1 on win32)" generated="20230124 16:40:19.864" rpa="false" schemaversion="3">
<suite id="s1" name="Demo5 Ios Nativeapp" source="C:\Users\40032486\PycharmProjects\robot_project\appium_suite\demo5_ios_nativeapp.robot">
<test id="s1-t1" name="TC1" line="4">
<kw name="Create Dictionary" library="BuiltIn">
<var>&amp;{dic}</var>
<arg>buildName=browserstack-build-1</arg>
<arg>projectName=First Python project</arg>
<arg>userName=bttummapudi_1VwA6Y</arg>
<arg>accessKey=wxqdmpEzwhmxFVwUqAzU</arg>
<doc>Creates and returns a dictionary based on the given ``items``.</doc>
<msg timestamp="20230124 16:40:20.351" level="INFO">&amp;{dic} = { buildName=browserstack-build-1 | projectName=First Python project | userName=bttummapudi_1VwA6Y | accessKey=wxqdmpEzwhmxFVwUqAzU }</msg>
<status status="PASS" starttime="20230124 16:40:20.350" endtime="20230124 16:40:20.355"/>
</kw>
<kw name="Open Application" library="AppiumLibrary">
<arg>remote_url=http://hub.browserstack.com/wd/hub</arg>
<arg>platformName=ios</arg>
<arg>deviceName=iPhone XS</arg>
<arg>app=bs://16b40a5ff0f82e5098650e7f73fb45255202b267</arg>
<arg>platformVersion=12</arg>
<arg>bstack:options=${dic}</arg>
<doc>Opens a new application to given Appium server.
Capabilities of appium server, Android and iOS,
Please check https://github.com/appium/appium/blob/master/docs/en/writing-running-appium/server-args.md
| *Option*            | *Man.* | *Description*     |
| remote_url          | Yes    | Appium server url |
| alias               | no     | alias             |
| strict_ssl          | No     | allows you to send commands to an invalid certificate host like a self-signed one. |</doc>
<status status="PASS" starttime="20230124 16:40:20.355" endtime="20230124 16:40:31.045"/>
</kw>
<kw name="Set Appium Timeout" library="AppiumLibrary">
<arg>10s</arg>
<doc>Sets the timeout in seconds used by various keywords.</doc>
<status status="PASS" starttime="20230124 16:40:31.046" endtime="20230124 16:40:31.047"/>
</kw>
<kw name="Click Element" library="AppiumLibrary">
<arg>xpath=//XCUIElementTypeOther[@name='test-standard_user']</arg>
<doc>Click element identified by `locator`.</doc>
<msg timestamp="20230124 16:40:31.050" level="INFO">Clicking element 'xpath=//XCUIElementTypeOther[@name='test-standard_user']'.</msg>
<msg timestamp="20230124 16:40:36.892" level="INFO">xpath criteria: //XCUIElementTypeOther[@name='test-standard_user']</msg>
<status status="PASS" starttime="20230124 16:40:31.047" endtime="20230124 16:40:36.892"/>
</kw>
<kw name="Click Element" library="AppiumLibrary">
<arg>xpath=//XCUIElementTypeOther[@name='test-LOGIN']</arg>
<doc>Click element identified by `locator`.</doc>
<msg timestamp="20230124 16:40:36.896" level="INFO">Clicking element 'xpath=//XCUIElementTypeOther[@name='test-LOGIN']'.</msg>
<msg timestamp="20230124 16:40:51.231" level="INFO">xpath criteria: //XCUIElementTypeOther[@name='test-LOGIN']</msg>
<status status="PASS" starttime="20230124 16:40:36.893" endtime="20230124 16:40:51.232"/>
</kw>
<kw name="Wait Until Page Contains Element" library="AppiumLibrary">
<arg>xpath=//XCUIElementTypeOther[@name='test-ADD TO CART']</arg>
<doc>Waits until element specified with `locator` appears on current page.</doc>
<msg timestamp="20230124 16:41:04.477" level="INFO">xpath criteria: //XCUIElementTypeOther[@name='test-ADD TO CART']</msg>
<status status="PASS" starttime="20230124 16:40:51.233" endtime="20230124 16:41:04.478"/>
</kw>
<kw name="Click Element" library="AppiumLibrary">
<arg>xpath=//XCUIElementTypeOther[@name='test-ADD TO CART']</arg>
<doc>Click element identified by `locator`.</doc>
<msg timestamp="20230124 16:41:04.482" level="INFO">Clicking element 'xpath=//XCUIElementTypeOther[@name='test-ADD TO CART']'.</msg>
<msg timestamp="20230124 16:41:30.484" level="INFO">xpath criteria: //XCUIElementTypeOther[@name='test-ADD TO CART']</msg>
<status status="PASS" starttime="20230124 16:41:04.478" endtime="20230124 16:41:30.485"/>
</kw>
<kw name="Wait Until Page Contains Element" library="AppiumLibrary">
<arg>xpath=//XCUIElementTypeOther[@name='test-Cart']</arg>
<doc>Waits until element specified with `locator` appears on current page.</doc>
<msg timestamp="20230124 16:41:31.940" level="INFO">xpath criteria: //XCUIElementTypeOther[@name='test-Cart']</msg>
<status status="PASS" starttime="20230124 16:41:30.485" endtime="20230124 16:41:31.940"/>
</kw>
<kw name="Click Element" library="AppiumLibrary">
<arg>xpath=//XCUIElementTypeOther[@name='test-Cart']</arg>
<doc>Click element identified by `locator`.</doc>
<msg timestamp="20230124 16:41:31.945" level="INFO">Clicking element 'xpath=//XCUIElementTypeOther[@name='test-Cart']'.</msg>
<msg timestamp="20230124 16:41:34.790" level="INFO">xpath criteria: //XCUIElementTypeOther[@name='test-Cart']</msg>
<status status="PASS" starttime="20230124 16:41:31.941" endtime="20230124 16:41:34.790"/>
</kw>
<kw name="Wait Until Page Contains Element" library="AppiumLibrary">
<arg>xpath=//XCUIElementTypeOther[@name='test-CHECKOUT']</arg>
<doc>Waits until element specified with `locator` appears on current page.</doc>
<msg timestamp="20230124 16:41:36.308" level="INFO">xpath criteria: //XCUIElementTypeOther[@name='test-CHECKOUT']</msg>
<status status="PASS" starttime="20230124 16:41:34.791" endtime="20230124 16:41:36.309"/>
</kw>
<kw name="Click Element" library="AppiumLibrary">
<arg>xpath=//XCUIElementTypeOther[@name='test-CHECKOUT']</arg>
<doc>Click element identified by `locator`.</doc>
<msg timestamp="20230124 16:41:36.312" level="INFO">Clicking element 'xpath=//XCUIElementTypeOther[@name='test-CHECKOUT']'.</msg>
<msg timestamp="20230124 16:41:39.781" level="INFO">xpath criteria: //XCUIElementTypeOther[@name='test-CHECKOUT']</msg>
<status status="PASS" starttime="20230124 16:41:36.309" endtime="20230124 16:41:39.781"/>
</kw>
<kw name="Wait Until Page Contains Element" library="AppiumLibrary">
<arg>xpath=//XCUIElementTypeTextField[@name='test-First Name']</arg>
<doc>Waits until element specified with `locator` appears on current page.</doc>
<msg timestamp="20230124 16:41:40.981" level="INFO">xpath criteria: //XCUIElementTypeTextField[@name='test-First Name']</msg>
<status status="PASS" starttime="20230124 16:41:39.781" endtime="20230124 16:41:40.981"/>
</kw>
<kw name="Input Text" library="AppiumLibrary">
<arg>xpath=//XCUIElementTypeTextField[@name='test-First Name']</arg>
<arg>john</arg>
<doc>Types the given `text` into text field identified by `locator`.</doc>
<msg timestamp="20230124 16:41:40.985" level="INFO">Typing text 'john' into text field 'xpath=//XCUIElementTypeTextField[@name='test-First Name']'</msg>
<msg timestamp="20230124 16:41:46.198" level="INFO">xpath criteria: //XCUIElementTypeTextField[@name='test-First Name']</msg>
<status status="PASS" starttime="20230124 16:41:40.982" endtime="20230124 16:41:46.198"/>
</kw>
<kw name="Wait Until Page Contains Element" library="AppiumLibrary">
<arg>xpath=//XCUIElementTypeTextField[@name='test-Last Name']</arg>
<doc>Waits until element specified with `locator` appears on current page.</doc>
<msg timestamp="20230124 16:41:47.899" level="INFO">xpath criteria: //XCUIElementTypeTextField[@name='test-Last Name']</msg>
<status status="PASS" starttime="20230124 16:41:46.199" endtime="20230124 16:41:47.900"/>
</kw>
<kw name="Input Text" library="AppiumLibrary">
<arg>xpath=//XCUIElementTypeTextField[@name='test-Last Name']</arg>
<arg>jo</arg>
<doc>Types the given `text` into text field identified by `locator`.</doc>
<msg timestamp="20230124 16:41:47.903" level="INFO">Typing text 'jo' into text field 'xpath=//XCUIElementTypeTextField[@name='test-Last Name']'</msg>
<msg timestamp="20230124 16:41:51.739" level="INFO">xpath criteria: //XCUIElementTypeTextField[@name='test-Last Name']</msg>
<status status="PASS" starttime="20230124 16:41:47.900" endtime="20230124 16:41:51.741"/>
</kw>
<kw name="Wait Until Page Contains Element" library="AppiumLibrary">
<arg>xpath=//XCUIElementTypeTextField[@name='test-Zip/Postal Code']</arg>
<doc>Waits until element specified with `locator` appears on current page.</doc>
<msg timestamp="20230124 16:41:54.962" level="INFO">xpath criteria: //XCUIElementTypeTextField[@name='test-Zip/Postal Code']</msg>
<status status="PASS" starttime="20230124 16:41:51.741" endtime="20230124 16:41:54.963"/>
</kw>
<kw name="Input Text" library="AppiumLibrary">
<arg>xpath=//XCUIElementTypeTextField[@name='test-Zip/Postal Code']</arg>
<arg>100022</arg>
<doc>Types the given `text` into text field identified by `locator`.</doc>
<msg timestamp="20230124 16:41:54.968" level="INFO">Typing text '100022' into text field 'xpath=//XCUIElementTypeTextField[@name='test-Zip/Postal Code']'</msg>
<msg timestamp="20230124 16:42:03.586" level="INFO">xpath criteria: //XCUIElementTypeTextField[@name='test-Zip/Postal Code']</msg>
<status status="PASS" starttime="20230124 16:41:54.963" endtime="20230124 16:42:03.587"/>
</kw>
<kw name="Wait Until Page Contains Element" library="AppiumLibrary">
<arg>xpath=//XCUIElementTypeOther[@name='test-CONTINUE']</arg>
<doc>Waits until element specified with `locator` appears on current page.</doc>
<msg timestamp="20230124 16:42:05.471" level="INFO">xpath criteria: //XCUIElementTypeOther[@name='test-CONTINUE']</msg>
<status status="PASS" starttime="20230124 16:42:03.587" endtime="20230124 16:42:05.471"/>
</kw>
<kw name="Click Element" library="AppiumLibrary">
<arg>xpath=//XCUIElementTypeOther[@name='test-CONTINUE']</arg>
<doc>Click element identified by `locator`.</doc>
<msg timestamp="20230124 16:42:05.473" level="INFO">Clicking element 'xpath=//XCUIElementTypeOther[@name='test-CONTINUE']'.</msg>
<msg timestamp="20230124 16:42:08.630" level="INFO">xpath criteria: //XCUIElementTypeOther[@name='test-CONTINUE']</msg>
<status status="PASS" starttime="20230124 16:42:05.471" endtime="20230124 16:42:08.630"/>
</kw>
<kw name="Sleep" library="BuiltIn">
<arg>10s</arg>
<doc>Pauses the test executed for the given time.</doc>
<msg timestamp="20230124 16:42:18.633" level="INFO">Slept 10 seconds</msg>
<status status="PASS" starttime="20230124 16:42:08.631" endtime="20230124 16:42:18.633"/>
</kw>
<kw name="Get Matching Xpath Count" library="AppiumLibrary">
<var>${count}</var>
<arg>xpath=//XCUIElementTypeStaticText[@name="Payment Information:"]</arg>
<doc>Returns number of elements matching ``xpath``</doc>
<msg timestamp="20230124 16:42:21.964" level="INFO">xpath criteria: //XCUIElementTypeStaticText[@name="Payment Information:"]</msg>
<msg timestamp="20230124 16:42:21.965" level="INFO">${count} = 0</msg>
<status status="PASS" starttime="20230124 16:42:18.634" endtime="20230124 16:42:21.965"/>
</kw>
<while condition="${count}==0">
<iter>
<kw name="Swipe By Percent" library="AppiumLibrary">
<arg>90</arg>
<arg>70</arg>
<arg>90</arg>
<arg>25</arg>
<doc>Swipe from one percent of the screen to another percent, for an optional duration.
Normal swipe fails to scale for different screen resolutions, this can be avoided using percent.</doc>
<status status="PASS" starttime="20230124 16:42:21.967" endtime="20230124 16:42:29.621"/>
</kw>
<kw name="Get Matching Xpath Count" library="AppiumLibrary">
<var>${count}</var>
<arg>xpath=//XCUIElementTypeStaticText[@name="Payment Information:"]</arg>
<doc>Returns number of elements matching ``xpath``</doc>
<msg timestamp="20230124 16:42:30.406" level="INFO">xpath criteria: //XCUIElementTypeStaticText[@name="Payment Information:"]</msg>
<msg timestamp="20230124 16:42:30.406" level="INFO">${count} = 0</msg>
<status status="PASS" starttime="20230124 16:42:29.622" endtime="20230124 16:42:30.407"/>
</kw>
<status status="PASS" starttime="20230124 16:42:21.966" endtime="20230124 16:42:30.408"/>
</iter>
<iter>
<kw name="Swipe By Percent" library="AppiumLibrary">
<arg>90</arg>
<arg>70</arg>
<arg>90</arg>
<arg>25</arg>
<doc>Swipe from one percent of the screen to another percent, for an optional duration.
Normal swipe fails to scale for different screen resolutions, this can be avoided using percent.</doc>
<status status="PASS" starttime="20230124 16:42:30.409" endtime="20230124 16:42:32.767"/>
</kw>
<kw name="Get Matching Xpath Count" library="AppiumLibrary">
<var>${count}</var>
<arg>xpath=//XCUIElementTypeStaticText[@name="Payment Information:"]</arg>
<doc>Returns number of elements matching ``xpath``</doc>
<msg timestamp="20230124 16:42:35.010" level="INFO">xpath criteria: //XCUIElementTypeStaticText[@name="Payment Information:"]</msg>
<msg timestamp="20230124 16:42:35.011" level="INFO">${count} = 0</msg>
<status status="PASS" starttime="20230124 16:42:32.767" endtime="20230124 16:42:35.011"/>
</kw>
<status status="PASS" starttime="20230124 16:42:30.408" endtime="20230124 16:42:35.012"/>
</iter>
<iter>
<kw name="Swipe By Percent" library="AppiumLibrary">
<arg>90</arg>
<arg>70</arg>
<arg>90</arg>
<arg>25</arg>
<doc>Swipe from one percent of the screen to another percent, for an optional duration.
Normal swipe fails to scale for different screen resolutions, this can be avoided using percent.</doc>
<status status="PASS" starttime="20230124 16:42:35.013" endtime="20230124 16:42:39.471"/>
</kw>
<kw name="Get Matching Xpath Count" library="AppiumLibrary">
<var>${count}</var>
<arg>xpath=//XCUIElementTypeStaticText[@name="Payment Information:"]</arg>
<doc>Returns number of elements matching ``xpath``</doc>
<msg timestamp="20230124 16:42:40.405" level="INFO">xpath criteria: //XCUIElementTypeStaticText[@name="Payment Information:"]</msg>
<msg timestamp="20230124 16:42:40.405" level="INFO">${count} = 0</msg>
<status status="PASS" starttime="20230124 16:42:39.471" endtime="20230124 16:42:40.405"/>
</kw>
<status status="PASS" starttime="20230124 16:42:35.013" endtime="20230124 16:42:40.406"/>
</iter>
<iter>
<kw name="Swipe By Percent" library="AppiumLibrary">
<arg>90</arg>
<arg>70</arg>
<arg>90</arg>
<arg>25</arg>
<doc>Swipe from one percent of the screen to another percent, for an optional duration.
Normal swipe fails to scale for different screen resolutions, this can be avoided using percent.</doc>
<status status="PASS" starttime="20230124 16:42:40.407" endtime="20230124 16:42:42.945"/>
</kw>
<kw name="Get Matching Xpath Count" library="AppiumLibrary">
<var>${count}</var>
<arg>xpath=//XCUIElementTypeStaticText[@name="Payment Information:"]</arg>
<doc>Returns number of elements matching ``xpath``</doc>
<msg timestamp="20230124 16:42:43.824" level="INFO">xpath criteria: //XCUIElementTypeStaticText[@name="Payment Information:"]</msg>
<msg timestamp="20230124 16:42:43.824" level="INFO">${count} = 0</msg>
<status status="PASS" starttime="20230124 16:42:42.946" endtime="20230124 16:42:43.824"/>
</kw>
<status status="PASS" starttime="20230124 16:42:40.406" endtime="20230124 16:42:43.825"/>
</iter>
<iter>
<kw name="Swipe By Percent" library="AppiumLibrary">
<arg>90</arg>
<arg>70</arg>
<arg>90</arg>
<arg>25</arg>
<doc>Swipe from one percent of the screen to another percent, for an optional duration.
Normal swipe fails to scale for different screen resolutions, this can be avoided using percent.</doc>
<status status="PASS" starttime="20230124 16:42:43.826" endtime="20230124 16:42:47.146"/>
</kw>
<kw name="Get Matching Xpath Count" library="AppiumLibrary">
<var>${count}</var>
<arg>xpath=//XCUIElementTypeStaticText[@name="Payment Information:"]</arg>
<doc>Returns number of elements matching ``xpath``</doc>
<msg timestamp="20230124 16:42:48.155" level="INFO">xpath criteria: //XCUIElementTypeStaticText[@name="Payment Information:"]</msg>
<msg timestamp="20230124 16:42:48.155" level="INFO">${count} = 0</msg>
<status status="PASS" starttime="20230124 16:42:47.147" endtime="20230124 16:42:48.156"/>
</kw>
<status status="PASS" starttime="20230124 16:42:43.826" endtime="20230124 16:42:48.156"/>
</iter>
<iter>
<kw name="Swipe By Percent" library="AppiumLibrary">
<arg>90</arg>
<arg>70</arg>
<arg>90</arg>
<arg>25</arg>
<doc>Swipe from one percent of the screen to another percent, for an optional duration.
Normal swipe fails to scale for different screen resolutions, this can be avoided using percent.</doc>
<status status="PASS" starttime="20230124 16:42:48.157" endtime="20230124 16:42:50.639"/>
</kw>
<kw name="Get Matching Xpath Count" library="AppiumLibrary">
<var>${count}</var>
<arg>xpath=//XCUIElementTypeStaticText[@name="Payment Information:"]</arg>
<doc>Returns number of elements matching ``xpath``</doc>
<msg timestamp="20230124 16:42:51.503" level="INFO">xpath criteria: //XCUIElementTypeStaticText[@name="Payment Information:"]</msg>
<msg timestamp="20230124 16:42:51.503" level="INFO">${count} = 0</msg>
<status status="PASS" starttime="20230124 16:42:50.641" endtime="20230124 16:42:51.503"/>
</kw>
<status status="PASS" starttime="20230124 16:42:48.156" endtime="20230124 16:42:51.503"/>
</iter>
<iter>
<kw name="Swipe By Percent" library="AppiumLibrary">
<arg>90</arg>
<arg>70</arg>
<arg>90</arg>
<arg>25</arg>
<doc>Swipe from one percent of the screen to another percent, for an optional duration.
Normal swipe fails to scale for different screen resolutions, this can be avoided using percent.</doc>
<status status="PASS" starttime="20230124 16:42:51.504" endtime="20230124 16:42:56.463"/>
</kw>
<kw name="Get Matching Xpath Count" library="AppiumLibrary">
<var>${count}</var>
<arg>xpath=//XCUIElementTypeStaticText[@name="Payment Information:"]</arg>
<doc>Returns number of elements matching ``xpath``</doc>
<msg timestamp="20230124 16:42:58.290" level="INFO">xpath criteria: //XCUIElementTypeStaticText[@name="Payment Information:"]</msg>
<msg timestamp="20230124 16:42:58.291" level="INFO">${count} = 0</msg>
<status status="PASS" starttime="20230124 16:42:56.463" endtime="20230124 16:42:58.291"/>
</kw>
<status status="PASS" starttime="20230124 16:42:51.504" endtime="20230124 16:42:58.292"/>
</iter>
<iter>
<kw name="Swipe By Percent" library="AppiumLibrary">
<arg>90</arg>
<arg>70</arg>
<arg>90</arg>
<arg>25</arg>
<doc>Swipe from one percent of the screen to another percent, for an optional duration.
Normal swipe fails to scale for different screen resolutions, this can be avoided using percent.</doc>
<status status="PASS" starttime="20230124 16:42:58.293" endtime="20230124 16:43:03.546"/>
</kw>
<kw name="Get Matching Xpath Count" library="AppiumLibrary">
<var>${count}</var>
<arg>xpath=//XCUIElementTypeStaticText[@name="Payment Information:"]</arg>
<doc>Returns number of elements matching ``xpath``</doc>
<msg timestamp="20230124 16:43:06.559" level="INFO">xpath criteria: //XCUIElementTypeStaticText[@name="Payment Information:"]</msg>
<msg timestamp="20230124 16:43:06.560" level="INFO">${count} = 0</msg>
<status status="PASS" starttime="20230124 16:43:03.547" endtime="20230124 16:43:06.560"/>
</kw>
<status status="PASS" starttime="20230124 16:42:58.292" endtime="20230124 16:43:06.560"/>
</iter>
<iter>
<kw name="Swipe By Percent" library="AppiumLibrary">
<arg>90</arg>
<arg>70</arg>
<arg>90</arg>
<arg>25</arg>
<doc>Swipe from one percent of the screen to another percent, for an optional duration.
Normal swipe fails to scale for different screen resolutions, this can be avoided using percent.</doc>
<status status="PASS" starttime="20230124 16:43:06.561" endtime="20230124 16:43:21.312"/>
</kw>
<kw name="Get Matching Xpath Count" library="AppiumLibrary">
<var>${count}</var>
<arg>xpath=//XCUIElementTypeStaticText[@name="Payment Information:"]</arg>
<doc>Returns number of elements matching ``xpath``</doc>
<msg timestamp="20230124 16:43:22.463" level="INFO">xpath criteria: //XCUIElementTypeStaticText[@name="Payment Information:"]</msg>
<msg timestamp="20230124 16:43:22.463" level="INFO">${count} = 0</msg>
<status status="PASS" starttime="20230124 16:43:21.313" endtime="20230124 16:43:22.463"/>
</kw>
<status status="PASS" starttime="20230124 16:43:06.561" endtime="20230124 16:43:22.463"/>
</iter>
<iter>
<kw name="Swipe By Percent" library="AppiumLibrary">
<arg>90</arg>
<arg>70</arg>
<arg>90</arg>
<arg>25</arg>
<doc>Swipe from one percent of the screen to another percent, for an optional duration.
Normal swipe fails to scale for different screen resolutions, this can be avoided using percent.</doc>
<status status="PASS" starttime="20230124 16:43:22.464" endtime="20230124 16:43:25.310"/>
</kw>
<kw name="Get Matching Xpath Count" library="AppiumLibrary">
<var>${count}</var>
<arg>xpath=//XCUIElementTypeStaticText[@name="Payment Information:"]</arg>
<doc>Returns number of elements matching ``xpath``</doc>
<msg timestamp="20230124 16:43:26.240" level="INFO">xpath criteria: //XCUIElementTypeStaticText[@name="Payment Information:"]</msg>
<msg timestamp="20230124 16:43:26.241" level="INFO">${count} = 0</msg>
<status status="PASS" starttime="20230124 16:43:25.311" endtime="20230124 16:43:26.241"/>
</kw>
<status status="PASS" starttime="20230124 16:43:22.464" endtime="20230124 16:43:26.241"/>
</iter>
<iter>
<kw name="Swipe By Percent" library="AppiumLibrary">
<arg>90</arg>
<arg>70</arg>
<arg>90</arg>
<arg>25</arg>
<doc>Swipe from one percent of the screen to another percent, for an optional duration.
Normal swipe fails to scale for different screen resolutions, this can be avoided using percent.</doc>
<status status="PASS" starttime="20230124 16:43:26.242" endtime="20230124 16:43:28.582"/>
</kw>
<kw name="Get Matching Xpath Count" library="AppiumLibrary">
<var>${count}</var>
<arg>xpath=//XCUIElementTypeStaticText[@name="Payment Information:"]</arg>
<doc>Returns number of elements matching ``xpath``</doc>
<msg timestamp="20230124 16:43:29.386" level="INFO">xpath criteria: //XCUIElementTypeStaticText[@name="Payment Information:"]</msg>
<msg timestamp="20230124 16:43:29.386" level="INFO">${count} = 0</msg>
<status status="PASS" starttime="20230124 16:43:28.583" endtime="20230124 16:43:29.386"/>
</kw>
<status status="PASS" starttime="20230124 16:43:26.242" endtime="20230124 16:43:29.387"/>
</iter>
<iter>
<kw name="Swipe By Percent" library="AppiumLibrary">
<arg>90</arg>
<arg>70</arg>
<arg>90</arg>
<arg>25</arg>
<doc>Swipe from one percent of the screen to another percent, for an optional duration.
Normal swipe fails to scale for different screen resolutions, this can be avoided using percent.</doc>
<status status="PASS" starttime="20230124 16:43:29.388" endtime="20230124 16:43:32.043"/>
</kw>
<kw name="Get Matching Xpath Count" library="AppiumLibrary">
<var>${count}</var>
<arg>xpath=//XCUIElementTypeStaticText[@name="Payment Information:"]</arg>
<doc>Returns number of elements matching ``xpath``</doc>
<msg timestamp="20230124 16:43:32.840" level="INFO">xpath criteria: //XCUIElementTypeStaticText[@name="Payment Information:"]</msg>
<msg timestamp="20230124 16:43:32.840" level="INFO">${count} = 0</msg>
<status status="PASS" starttime="20230124 16:43:32.044" endtime="20230124 16:43:32.840"/>
</kw>
<status status="PASS" starttime="20230124 16:43:29.387" endtime="20230124 16:43:32.841"/>
</iter>
<iter>
<kw name="Swipe By Percent" library="AppiumLibrary">
<arg>90</arg>
<arg>70</arg>
<arg>90</arg>
<arg>25</arg>
<doc>Swipe from one percent of the screen to another percent, for an optional duration.
Normal swipe fails to scale for different screen resolutions, this can be avoided using percent.</doc>
<status status="PASS" starttime="20230124 16:43:32.843" endtime="20230124 16:43:34.987"/>
</kw>
<kw name="Get Matching Xpath Count" library="AppiumLibrary">
<var>${count}</var>
<arg>xpath=//XCUIElementTypeStaticText[@name="Payment Information:"]</arg>
<doc>Returns number of elements matching ``xpath``</doc>
<msg timestamp="20230124 16:43:35.788" level="INFO">xpath criteria: //XCUIElementTypeStaticText[@name="Payment Information:"]</msg>
<msg timestamp="20230124 16:43:35.789" level="INFO">${count} = 0</msg>
<status status="PASS" starttime="20230124 16:43:34.988" endtime="20230124 16:43:35.789"/>
</kw>
<status status="PASS" starttime="20230124 16:43:32.841" endtime="20230124 16:43:35.789"/>
</iter>
<iter>
<kw name="Swipe By Percent" library="AppiumLibrary">
<arg>90</arg>
<arg>70</arg>
<arg>90</arg>
<arg>25</arg>
<doc>Swipe from one percent of the screen to another percent, for an optional duration.
Normal swipe fails to scale for different screen resolutions, this can be avoided using percent.</doc>
<status status="PASS" starttime="20230124 16:43:35.791" endtime="20230124 16:43:37.981"/>
</kw>
<kw name="Get Matching Xpath Count" library="AppiumLibrary">
<var>${count}</var>
<arg>xpath=//XCUIElementTypeStaticText[@name="Payment Information:"]</arg>
<doc>Returns number of elements matching ``xpath``</doc>
<msg timestamp="20230124 16:43:38.741" level="INFO">xpath criteria: //XCUIElementTypeStaticText[@name="Payment Information:"]</msg>
<msg timestamp="20230124 16:43:38.741" level="INFO">${count} = 0</msg>
<status status="PASS" starttime="20230124 16:43:37.982" endtime="20230124 16:43:38.741"/>
</kw>
<status status="PASS" starttime="20230124 16:43:35.790" endtime="20230124 16:43:38.741"/>
</iter>
<iter>
<kw name="Swipe By Percent" library="AppiumLibrary">
<arg>90</arg>
<arg>70</arg>
<arg>90</arg>
<arg>25</arg>
<doc>Swipe from one percent of the screen to another percent, for an optional duration.
Normal swipe fails to scale for different screen resolutions, this can be avoided using percent.</doc>
<status status="PASS" starttime="20230124 16:43:38.743" endtime="20230124 16:43:40.989"/>
</kw>
<kw name="Get Matching Xpath Count" library="AppiumLibrary">
<var>${count}</var>
<arg>xpath=//XCUIElementTypeStaticText[@name="Payment Information:"]</arg>
<doc>Returns number of elements matching ``xpath``</doc>
<msg timestamp="20230124 16:43:41.833" level="INFO">xpath criteria: //XCUIElementTypeStaticText[@name="Payment Information:"]</msg>
<msg timestamp="20230124 16:43:41.833" level="INFO">${count} = 0</msg>
<status status="PASS" starttime="20230124 16:43:40.989" endtime="20230124 16:43:41.834"/>
</kw>
<status status="PASS" starttime="20230124 16:43:38.742" endtime="20230124 16:43:41.834"/>
</iter>
<iter>
<kw name="Swipe By Percent" library="AppiumLibrary">
<arg>90</arg>
<arg>70</arg>
<arg>90</arg>
<arg>25</arg>
<doc>Swipe from one percent of the screen to another percent, for an optional duration.
Normal swipe fails to scale for different screen resolutions, this can be avoided using percent.</doc>
<status status="PASS" starttime="20230124 16:43:41.834" endtime="20230124 16:43:44.202"/>
</kw>
<kw name="Get Matching Xpath Count" library="AppiumLibrary">
<var>${count}</var>
<arg>xpath=//XCUIElementTypeStaticText[@name="Payment Information:"]</arg>
<doc>Returns number of elements matching ``xpath``</doc>
<msg timestamp="20230124 16:43:45.003" level="INFO">xpath criteria: //XCUIElementTypeStaticText[@name="Payment Information:"]</msg>
<msg timestamp="20230124 16:43:45.003" level="INFO">${count} = 0</msg>
<status status="PASS" starttime="20230124 16:43:44.203" endtime="20230124 16:43:45.003"/>
</kw>
<status status="PASS" starttime="20230124 16:43:41.834" endtime="20230124 16:43:45.004"/>
</iter>
<iter>
<kw name="Swipe By Percent" library="AppiumLibrary">
<arg>90</arg>
<arg>70</arg>
<arg>90</arg>
<arg>25</arg>
<doc>Swipe from one percent of the screen to another percent, for an optional duration.
Normal swipe fails to scale for different screen resolutions, this can be avoided using percent.</doc>
<status status="PASS" starttime="20230124 16:43:45.006" endtime="20230124 16:43:47.107"/>
</kw>
<kw name="Get Matching Xpath Count" library="AppiumLibrary">
<var>${count}</var>
<arg>xpath=//XCUIElementTypeStaticText[@name="Payment Information:"]</arg>
<doc>Returns number of elements matching ``xpath``</doc>
<msg timestamp="20230124 16:43:47.902" level="INFO">xpath criteria: //XCUIElementTypeStaticText[@name="Payment Information:"]</msg>
<msg timestamp="20230124 16:43:47.903" level="INFO">${count} = 0</msg>
<status status="PASS" starttime="20230124 16:43:47.108" endtime="20230124 16:43:47.903"/>
</kw>
<status status="PASS" starttime="20230124 16:43:45.004" endtime="20230124 16:43:47.903"/>
</iter>
<iter>
<kw name="Swipe By Percent" library="AppiumLibrary">
<arg>90</arg>
<arg>70</arg>
<arg>90</arg>
<arg>25</arg>
<doc>Swipe from one percent of the screen to another percent, for an optional duration.
Normal swipe fails to scale for different screen resolutions, this can be avoided using percent.</doc>
<status status="PASS" starttime="20230124 16:43:47.905" endtime="20230124 16:43:53.012"/>
</kw>
<kw name="Get Matching Xpath Count" library="AppiumLibrary">
<var>${count}</var>
<arg>xpath=//XCUIElementTypeStaticText[@name="Payment Information:"]</arg>
<doc>Returns number of elements matching ``xpath``</doc>
<msg timestamp="20230124 16:43:54.109" level="INFO">xpath criteria: //XCUIElementTypeStaticText[@name="Payment Information:"]</msg>
<msg timestamp="20230124 16:43:54.110" level="INFO">${count} = 0</msg>
<status status="PASS" starttime="20230124 16:43:53.012" endtime="20230124 16:43:54.110"/>
</kw>
<status status="PASS" starttime="20230124 16:43:47.904" endtime="20230124 16:43:54.111"/>
</iter>
<iter>
<kw name="Swipe By Percent" library="AppiumLibrary">
<arg>90</arg>
<arg>70</arg>
<arg>90</arg>
<arg>25</arg>
<doc>Swipe from one percent of the screen to another percent, for an optional duration.
Normal swipe fails to scale for different screen resolutions, this can be avoided using percent.</doc>
<status status="PASS" starttime="20230124 16:43:54.112" endtime="20230124 16:43:56.909"/>
</kw>
<kw name="Get Matching Xpath Count" library="AppiumLibrary">
<var>${count}</var>
<arg>xpath=//XCUIElementTypeStaticText[@name="Payment Information:"]</arg>
<doc>Returns number of elements matching ``xpath``</doc>
<msg timestamp="20230124 16:43:57.645" level="INFO">xpath criteria: //XCUIElementTypeStaticText[@name="Payment Information:"]</msg>
<msg timestamp="20230124 16:43:57.645" level="INFO">${count} = 0</msg>
<status status="PASS" starttime="20230124 16:43:56.910" endtime="20230124 16:43:57.645"/>
</kw>
<status status="PASS" starttime="20230124 16:43:54.111" endtime="20230124 16:43:57.646"/>
</iter>
<iter>
<kw name="Swipe By Percent" library="AppiumLibrary">
<arg>90</arg>
<arg>70</arg>
<arg>90</arg>
<arg>25</arg>
<doc>Swipe from one percent of the screen to another percent, for an optional duration.
Normal swipe fails to scale for different screen resolutions, this can be avoided using percent.</doc>
<status status="PASS" starttime="20230124 16:43:57.647" endtime="20230124 16:44:02.783"/>
</kw>
<kw name="Get Matching Xpath Count" library="AppiumLibrary">
<var>${count}</var>
<arg>xpath=//XCUIElementTypeStaticText[@name="Payment Information:"]</arg>
<doc>Returns number of elements matching ``xpath``</doc>
<msg timestamp="20230124 16:44:04.908" level="INFO">xpath criteria: //XCUIElementTypeStaticText[@name="Payment Information:"]</msg>
<msg timestamp="20230124 16:44:04.908" level="INFO">${count} = 0</msg>
<status status="PASS" starttime="20230124 16:44:02.784" endtime="20230124 16:44:04.909"/>
</kw>
<status status="PASS" starttime="20230124 16:43:57.646" endtime="20230124 16:44:04.909"/>
</iter>
<iter>
<kw name="Swipe By Percent" library="AppiumLibrary">
<arg>90</arg>
<arg>70</arg>
<arg>90</arg>
<arg>25</arg>
<doc>Swipe from one percent of the screen to another percent, for an optional duration.
Normal swipe fails to scale for different screen resolutions, this can be avoided using percent.</doc>
<status status="PASS" starttime="20230124 16:44:04.911" endtime="20230124 16:44:10.997"/>
</kw>
<kw name="Get Matching Xpath Count" library="AppiumLibrary">
<var>${count}</var>
<arg>xpath=//XCUIElementTypeStaticText[@name="Payment Information:"]</arg>
<doc>Returns number of elements matching ``xpath``</doc>
<msg timestamp="20230124 16:44:12.326" level="INFO">xpath criteria: //XCUIElementTypeStaticText[@name="Payment Information:"]</msg>
<msg timestamp="20230124 16:44:12.326" level="INFO">${count} = 0</msg>
<status status="PASS" starttime="20230124 16:44:10.998" endtime="20230124 16:44:12.326"/>
</kw>
<status status="PASS" starttime="20230124 16:44:04.909" endtime="20230124 16:44:12.327"/>
</iter>
<iter>
<kw name="Swipe By Percent" library="AppiumLibrary">
<arg>90</arg>
<arg>70</arg>
<arg>90</arg>
<arg>25</arg>
<doc>Swipe from one percent of the screen to another percent, for an optional duration.
Normal swipe fails to scale for different screen resolutions, this can be avoided using percent.</doc>
<status status="PASS" starttime="20230124 16:44:12.328" endtime="20230124 16:44:18.181"/>
</kw>
<kw name="Get Matching Xpath Count" library="AppiumLibrary">
<var>${count}</var>
<arg>xpath=//XCUIElementTypeStaticText[@name="Payment Information:"]</arg>
<doc>Returns number of elements matching ``xpath``</doc>
<msg timestamp="20230124 16:44:19.035" level="INFO">xpath criteria: //XCUIElementTypeStaticText[@name="Payment Information:"]</msg>
<msg timestamp="20230124 16:44:19.035" level="INFO">${count} = 0</msg>
<status status="PASS" starttime="20230124 16:44:18.182" endtime="20230124 16:44:19.036"/>
</kw>
<status status="PASS" starttime="20230124 16:44:12.327" endtime="20230124 16:44:19.036"/>
</iter>
<iter>
<kw name="Swipe By Percent" library="AppiumLibrary">
<arg>90</arg>
<arg>70</arg>
<arg>90</arg>
<arg>25</arg>
<doc>Swipe from one percent of the screen to another percent, for an optional duration.
Normal swipe fails to scale for different screen resolutions, this can be avoided using percent.</doc>
<status status="PASS" starttime="20230124 16:44:19.037" endtime="20230124 16:44:21.904"/>
</kw>
<kw name="Get Matching Xpath Count" library="AppiumLibrary">
<var>${count}</var>
<arg>xpath=//XCUIElementTypeStaticText[@name="Payment Information:"]</arg>
<doc>Returns number of elements matching ``xpath``</doc>
<msg timestamp="20230124 16:44:22.753" level="INFO">xpath criteria: //XCUIElementTypeStaticText[@name="Payment Information:"]</msg>
<msg timestamp="20230124 16:44:22.754" level="INFO">${count} = 0</msg>
<status status="PASS" starttime="20230124 16:44:21.904" endtime="20230124 16:44:22.754"/>
</kw>
<status status="PASS" starttime="20230124 16:44:19.037" endtime="20230124 16:44:22.754"/>
</iter>
<iter>
<kw name="Swipe By Percent" library="AppiumLibrary">
<arg>90</arg>
<arg>70</arg>
<arg>90</arg>
<arg>25</arg>
<doc>Swipe from one percent of the screen to another percent, for an optional duration.
Normal swipe fails to scale for different screen resolutions, this can be avoided using percent.</doc>
<status status="PASS" starttime="20230124 16:44:22.756" endtime="20230124 16:44:25.264"/>
</kw>
<kw name="Get Matching Xpath Count" library="AppiumLibrary">
<var>${count}</var>
<arg>xpath=//XCUIElementTypeStaticText[@name="Payment Information:"]</arg>
<doc>Returns number of elements matching ``xpath``</doc>
<msg timestamp="20230124 16:44:26.022" level="INFO">xpath criteria: //XCUIElementTypeStaticText[@name="Payment Information:"]</msg>
<msg timestamp="20230124 16:44:26.023" level="INFO">${count} = 0</msg>
<status status="PASS" starttime="20230124 16:44:25.264" endtime="20230124 16:44:26.023"/>
</kw>
<status status="PASS" starttime="20230124 16:44:22.755" endtime="20230124 16:44:26.023"/>
</iter>
<iter>
<kw name="Swipe By Percent" library="AppiumLibrary">
<arg>90</arg>
<arg>70</arg>
<arg>90</arg>
<arg>25</arg>
<doc>Swipe from one percent of the screen to another percent, for an optional duration.
Normal swipe fails to scale for different screen resolutions, this can be avoided using percent.</doc>
<status status="PASS" starttime="20230124 16:44:26.024" endtime="20230124 16:44:28.682"/>
</kw>
<kw name="Get Matching Xpath Count" library="AppiumLibrary">
<var>${count}</var>
<arg>xpath=//XCUIElementTypeStaticText[@name="Payment Information:"]</arg>
<doc>Returns number of elements matching ``xpath``</doc>
<msg timestamp="20230124 16:44:29.478" level="INFO">xpath criteria: //XCUIElementTypeStaticText[@name="Payment Information:"]</msg>
<msg timestamp="20230124 16:44:29.479" level="INFO">${count} = 0</msg>
<status status="PASS" starttime="20230124 16:44:28.683" endtime="20230124 16:44:29.479"/>
</kw>
<status status="PASS" starttime="20230124 16:44:26.023" endtime="20230124 16:44:29.480"/>
</iter>
<iter>
<kw name="Swipe By Percent" library="AppiumLibrary">
<arg>90</arg>
<arg>70</arg>
<arg>90</arg>
<arg>25</arg>
<doc>Swipe from one percent of the screen to another percent, for an optional duration.
Normal swipe fails to scale for different screen resolutions, this can be avoided using percent.</doc>
<status status="PASS" starttime="20230124 16:44:29.482" endtime="20230124 16:44:31.850"/>
</kw>
<kw name="Get Matching Xpath Count" library="AppiumLibrary">
<var>${count}</var>
<arg>xpath=//XCUIElementTypeStaticText[@name="Payment Information:"]</arg>
<doc>Returns number of elements matching ``xpath``</doc>
<msg timestamp="20230124 16:44:32.642" level="INFO">xpath criteria: //XCUIElementTypeStaticText[@name="Payment Information:"]</msg>
<msg timestamp="20230124 16:44:32.644" level="INFO">${count} = 0</msg>
<status status="PASS" starttime="20230124 16:44:31.851" endtime="20230124 16:44:32.644"/>
</kw>
<status status="PASS" starttime="20230124 16:44:29.481" endtime="20230124 16:44:32.644"/>
</iter>
<iter>
<kw name="Swipe By Percent" library="AppiumLibrary">
<arg>90</arg>
<arg>70</arg>
<arg>90</arg>
<arg>25</arg>
<doc>Swipe from one percent of the screen to another percent, for an optional duration.
Normal swipe fails to scale for different screen resolutions, this can be avoided using percent.</doc>
<status status="PASS" starttime="20230124 16:44:32.645" endtime="20230124 16:44:34.964"/>
</kw>
<kw name="Get Matching Xpath Count" library="AppiumLibrary">
<var>${count}</var>
<arg>xpath=//XCUIElementTypeStaticText[@name="Payment Information:"]</arg>
<doc>Returns number of elements matching ``xpath``</doc>
<msg timestamp="20230124 16:44:35.753" level="INFO">xpath criteria: //XCUIElementTypeStaticText[@name="Payment Information:"]</msg>
<msg timestamp="20230124 16:44:35.753" level="INFO">${count} = 0</msg>
<status status="PASS" starttime="20230124 16:44:34.964" endtime="20230124 16:44:35.754"/>
</kw>
<status status="PASS" starttime="20230124 16:44:32.644" endtime="20230124 16:44:35.754"/>
</iter>
<iter>
<kw name="Swipe By Percent" library="AppiumLibrary">
<arg>90</arg>
<arg>70</arg>
<arg>90</arg>
<arg>25</arg>
<doc>Swipe from one percent of the screen to another percent, for an optional duration.
Normal swipe fails to scale for different screen resolutions, this can be avoided using percent.</doc>
<status status="PASS" starttime="20230124 16:44:35.756" endtime="20230124 16:44:38.283"/>
</kw>
<kw name="Get Matching Xpath Count" library="AppiumLibrary">
<var>${count}</var>
<arg>xpath=//XCUIElementTypeStaticText[@name="Payment Information:"]</arg>
<doc>Returns number of elements matching ``xpath``</doc>
<msg timestamp="20230124 16:44:39.014" level="INFO">xpath criteria: //XCUIElementTypeStaticText[@name="Payment Information:"]</msg>
<msg timestamp="20230124 16:44:39.015" level="INFO">${count} = 0</msg>
<status status="PASS" starttime="20230124 16:44:38.283" endtime="20230124 16:44:39.015"/>
</kw>
<status status="PASS" starttime="20230124 16:44:35.755" endtime="20230124 16:44:39.015"/>
</iter>
<iter>
<kw name="Swipe By Percent" library="AppiumLibrary">
<arg>90</arg>
<arg>70</arg>
<arg>90</arg>
<arg>25</arg>
<doc>Swipe from one percent of the screen to another percent, for an optional duration.
Normal swipe fails to scale for different screen resolutions, this can be avoided using percent.</doc>
<status status="PASS" starttime="20230124 16:44:39.017" endtime="20230124 16:44:41.262"/>
</kw>
<kw name="Get Matching Xpath Count" library="AppiumLibrary">
<var>${count}</var>
<arg>xpath=//XCUIElementTypeStaticText[@name="Payment Information:"]</arg>
<doc>Returns number of elements matching ``xpath``</doc>
<msg timestamp="20230124 16:44:42.238" level="INFO">xpath criteria: //XCUIElementTypeStaticText[@name="Payment Information:"]</msg>
<msg timestamp="20230124 16:44:42.239" level="INFO">${count} = 0</msg>
<status status="PASS" starttime="20230124 16:44:41.263" endtime="20230124 16:44:42.239"/>
</kw>
<status status="PASS" starttime="20230124 16:44:39.016" endtime="20230124 16:44:42.240"/>
</iter>
<iter>
<kw name="Swipe By Percent" library="AppiumLibrary">
<arg>90</arg>
<arg>70</arg>
<arg>90</arg>
<arg>25</arg>
<doc>Swipe from one percent of the screen to another percent, for an optional duration.
Normal swipe fails to scale for different screen resolutions, this can be avoided using percent.</doc>
<status status="PASS" starttime="20230124 16:44:42.242" endtime="20230124 16:44:44.463"/>
</kw>
<kw name="Get Matching Xpath Count" library="AppiumLibrary">
<var>${count}</var>
<arg>xpath=//XCUIElementTypeStaticText[@name="Payment Information:"]</arg>
<doc>Returns number of elements matching ``xpath``</doc>
<msg timestamp="20230124 16:44:45.271" level="INFO">xpath criteria: //XCUIElementTypeStaticText[@name="Payment Information:"]</msg>
<msg timestamp="20230124 16:44:45.271" level="INFO">${count} = 0</msg>
<status status="PASS" starttime="20230124 16:44:44.464" endtime="20230124 16:44:45.271"/>
</kw>
<status status="PASS" starttime="20230124 16:44:42.241" endtime="20230124 16:44:45.271"/>
</iter>
<iter>
<kw name="Swipe By Percent" library="AppiumLibrary">
<arg>90</arg>
<arg>70</arg>
<arg>90</arg>
<arg>25</arg>
<doc>Swipe from one percent of the screen to another percent, for an optional duration.
Normal swipe fails to scale for different screen resolutions, this can be avoided using percent.</doc>
<status status="PASS" starttime="20230124 16:44:45.272" endtime="20230124 16:44:47.664"/>
</kw>
<kw name="Get Matching Xpath Count" library="AppiumLibrary">
<var>${count}</var>
<arg>xpath=//XCUIElementTypeStaticText[@name="Payment Information:"]</arg>
<doc>Returns number of elements matching ``xpath``</doc>
<msg timestamp="20230124 16:44:48.384" level="INFO">xpath criteria: //XCUIElementTypeStaticText[@name="Payment Information:"]</msg>
<msg timestamp="20230124 16:44:48.385" level="INFO">${count} = 0</msg>
<status status="PASS" starttime="20230124 16:44:47.664" endtime="20230124 16:44:48.385"/>
</kw>
<status status="PASS" starttime="20230124 16:44:45.272" endtime="20230124 16:44:48.385"/>
</iter>
<iter>
<kw name="Swipe By Percent" library="AppiumLibrary">
<arg>90</arg>
<arg>70</arg>
<arg>90</arg>
<arg>25</arg>
<doc>Swipe from one percent of the screen to another percent, for an optional duration.
Normal swipe fails to scale for different screen resolutions, this can be avoided using percent.</doc>
<status status="PASS" starttime="20230124 16:44:48.386" endtime="20230124 16:44:50.637"/>
</kw>
<kw name="Get Matching Xpath Count" library="AppiumLibrary">
<var>${count}</var>
<arg>xpath=//XCUIElementTypeStaticText[@name="Payment Information:"]</arg>
<doc>Returns number of elements matching ``xpath``</doc>
<msg timestamp="20230124 16:44:51.384" level="INFO">xpath criteria: //XCUIElementTypeStaticText[@name="Payment Information:"]</msg>
<msg timestamp="20230124 16:44:51.385" level="INFO">${count} = 0</msg>
<status status="PASS" starttime="20230124 16:44:50.637" endtime="20230124 16:44:51.385"/>
</kw>
<status status="PASS" starttime="20230124 16:44:48.386" endtime="20230124 16:44:51.385"/>
</iter>
<iter>
<kw name="Swipe By Percent" library="AppiumLibrary">
<arg>90</arg>
<arg>70</arg>
<arg>90</arg>
<arg>25</arg>
<doc>Swipe from one percent of the screen to another percent, for an optional duration.
Normal swipe fails to scale for different screen resolutions, this can be avoided using percent.</doc>
<status status="PASS" starttime="20230124 16:44:51.386" endtime="20230124 16:44:53.919"/>
</kw>
<kw name="Get Matching Xpath Count" library="AppiumLibrary">
<var>${count}</var>
<arg>xpath=//XCUIElementTypeStaticText[@name="Payment Information:"]</arg>
<doc>Returns number of elements matching ``xpath``</doc>
<msg timestamp="20230124 16:44:54.708" level="INFO">xpath criteria: //XCUIElementTypeStaticText[@name="Payment Information:"]</msg>
<msg timestamp="20230124 16:44:54.709" level="INFO">${count} = 0</msg>
<status status="PASS" starttime="20230124 16:44:53.919" endtime="20230124 16:44:54.709"/>
</kw>
<status status="PASS" starttime="20230124 16:44:51.386" endtime="20230124 16:44:54.709"/>
</iter>
<iter>
<kw name="Swipe By Percent" library="AppiumLibrary">
<arg>90</arg>
<arg>70</arg>
<arg>90</arg>
<arg>25</arg>
<doc>Swipe from one percent of the screen to another percent, for an optional duration.
Normal swipe fails to scale for different screen resolutions, this can be avoided using percent.</doc>
<status status="PASS" starttime="20230124 16:44:54.710" endtime="20230124 16:44:57.181"/>
</kw>
<kw name="Get Matching Xpath Count" library="AppiumLibrary">
<var>${count}</var>
<arg>xpath=//XCUIElementTypeStaticText[@name="Payment Information:"]</arg>
<doc>Returns number of elements matching ``xpath``</doc>
<msg timestamp="20230124 16:44:57.995" level="INFO">xpath criteria: //XCUIElementTypeStaticText[@name="Payment Information:"]</msg>
<msg timestamp="20230124 16:44:57.995" level="INFO">${count} = 0</msg>
<status status="PASS" starttime="20230124 16:44:57.182" endtime="20230124 16:44:57.995"/>
</kw>
<status status="PASS" starttime="20230124 16:44:54.710" endtime="20230124 16:44:57.996"/>
</iter>
<iter>
<kw name="Swipe By Percent" library="AppiumLibrary">
<arg>90</arg>
<arg>70</arg>
<arg>90</arg>
<arg>25</arg>
<doc>Swipe from one percent of the screen to another percent, for an optional duration.
Normal swipe fails to scale for different screen resolutions, this can be avoided using percent.</doc>
<status status="PASS" starttime="20230124 16:44:57.996" endtime="20230124 16:45:00.461"/>
</kw>
<kw name="Get Matching Xpath Count" library="AppiumLibrary">
<var>${count}</var>
<arg>xpath=//XCUIElementTypeStaticText[@name="Payment Information:"]</arg>
<doc>Returns number of elements matching ``xpath``</doc>
<msg timestamp="20230124 16:45:01.261" level="INFO">xpath criteria: //XCUIElementTypeStaticText[@name="Payment Information:"]</msg>
<msg timestamp="20230124 16:45:01.261" level="INFO">${count} = 0</msg>
<status status="PASS" starttime="20230124 16:45:00.462" endtime="20230124 16:45:01.261"/>
</kw>
<status status="PASS" starttime="20230124 16:44:57.996" endtime="20230124 16:45:01.261"/>
</iter>
<iter>
<kw name="Swipe By Percent" library="AppiumLibrary">
<arg>90</arg>
<arg>70</arg>
<arg>90</arg>
<arg>25</arg>
<doc>Swipe from one percent of the screen to another percent, for an optional duration.
Normal swipe fails to scale for different screen resolutions, this can be avoided using percent.</doc>
<status status="PASS" starttime="20230124 16:45:01.262" endtime="20230124 16:45:03.822"/>
</kw>
<kw name="Get Matching Xpath Count" library="AppiumLibrary">
<var>${count}</var>
<arg>xpath=//XCUIElementTypeStaticText[@name="Payment Information:"]</arg>
<doc>Returns number of elements matching ``xpath``</doc>
<msg timestamp="20230124 16:45:04.625" level="INFO">xpath criteria: //XCUIElementTypeStaticText[@name="Payment Information:"]</msg>
<msg timestamp="20230124 16:45:04.625" level="INFO">${count} = 0</msg>
<status status="PASS" starttime="20230124 16:45:03.822" endtime="20230124 16:45:04.625"/>
</kw>
<status status="PASS" starttime="20230124 16:45:01.261" endtime="20230124 16:45:04.625"/>
</iter>
<iter>
<kw name="Swipe By Percent" library="AppiumLibrary">
<arg>90</arg>
<arg>70</arg>
<arg>90</arg>
<arg>25</arg>
<doc>Swipe from one percent of the screen to another percent, for an optional duration.
Normal swipe fails to scale for different screen resolutions, this can be avoided using percent.</doc>
<status status="PASS" starttime="20230124 16:45:04.626" endtime="20230124 16:45:06.880"/>
</kw>
<kw name="Get Matching Xpath Count" library="AppiumLibrary">
<var>${count}</var>
<arg>xpath=//XCUIElementTypeStaticText[@name="Payment Information:"]</arg>
<doc>Returns number of elements matching ``xpath``</doc>
<msg timestamp="20230124 16:45:07.675" level="INFO">xpath criteria: //XCUIElementTypeStaticText[@name="Payment Information:"]</msg>
<msg timestamp="20230124 16:45:07.676" level="INFO">${count} = 0</msg>
<status status="PASS" starttime="20230124 16:45:06.880" endtime="20230124 16:45:07.676"/>
</kw>
<status status="PASS" starttime="20230124 16:45:04.625" endtime="20230124 16:45:07.677"/>
</iter>
<iter>
<kw name="Swipe By Percent" library="AppiumLibrary">
<arg>90</arg>
<arg>70</arg>
<arg>90</arg>
<arg>25</arg>
<doc>Swipe from one percent of the screen to another percent, for an optional duration.
Normal swipe fails to scale for different screen resolutions, this can be avoided using percent.</doc>
<status status="PASS" starttime="20230124 16:45:07.678" endtime="20230124 16:45:10.064"/>
</kw>
<kw name="Get Matching Xpath Count" library="AppiumLibrary">
<var>${count}</var>
<arg>xpath=//XCUIElementTypeStaticText[@name="Payment Information:"]</arg>
<doc>Returns number of elements matching ``xpath``</doc>
<msg timestamp="20230124 16:45:10.869" level="INFO">xpath criteria: //XCUIElementTypeStaticText[@name="Payment Information:"]</msg>
<msg timestamp="20230124 16:45:10.870" level="INFO">${count} = 0</msg>
<status status="PASS" starttime="20230124 16:45:10.064" endtime="20230124 16:45:10.870"/>
</kw>
<status status="PASS" starttime="20230124 16:45:07.677" endtime="20230124 16:45:10.871"/>
</iter>
<iter>
<kw name="Swipe By Percent" library="AppiumLibrary">
<arg>90</arg>
<arg>70</arg>
<arg>90</arg>
<arg>25</arg>
<doc>Swipe from one percent of the screen to another percent, for an optional duration.
Normal swipe fails to scale for different screen resolutions, this can be avoided using percent.</doc>
<status status="PASS" starttime="20230124 16:45:10.872" endtime="20230124 16:45:13.197"/>
</kw>
<kw name="Get Matching Xpath Count" library="AppiumLibrary">
<var>${count}</var>
<arg>xpath=//XCUIElementTypeStaticText[@name="Payment Information:"]</arg>
<doc>Returns number of elements matching ``xpath``</doc>
<msg timestamp="20230124 16:45:13.925" level="INFO">xpath criteria: //XCUIElementTypeStaticText[@name="Payment Information:"]</msg>
<msg timestamp="20230124 16:45:13.925" level="INFO">${count} = 0</msg>
<status status="PASS" starttime="20230124 16:45:13.199" endtime="20230124 16:45:13.925"/>
</kw>
<status status="PASS" starttime="20230124 16:45:10.871" endtime="20230124 16:45:13.926"/>
</iter>
<iter>
<kw name="Swipe By Percent" library="AppiumLibrary">
<arg>90</arg>
<arg>70</arg>
<arg>90</arg>
<arg>25</arg>
<doc>Swipe from one percent of the screen to another percent, for an optional duration.
Normal swipe fails to scale for different screen resolutions, this can be avoided using percent.</doc>
<status status="PASS" starttime="20230124 16:45:13.928" endtime="20230124 16:45:16.342"/>
</kw>
<kw name="Get Matching Xpath Count" library="AppiumLibrary">
<var>${count}</var>
<arg>xpath=//XCUIElementTypeStaticText[@name="Payment Information:"]</arg>
<doc>Returns number of elements matching ``xpath``</doc>
<msg timestamp="20230124 16:45:17.118" level="INFO">xpath criteria: //XCUIElementTypeStaticText[@name="Payment Information:"]</msg>
<msg timestamp="20230124 16:45:17.118" level="INFO">${count} = 0</msg>
<status status="PASS" starttime="20230124 16:45:16.344" endtime="20230124 16:45:17.118"/>
</kw>
<status status="PASS" starttime="20230124 16:45:13.927" endtime="20230124 16:45:17.118"/>
</iter>
<iter>
<kw name="Swipe By Percent" library="AppiumLibrary">
<arg>90</arg>
<arg>70</arg>
<arg>90</arg>
<arg>25</arg>
<doc>Swipe from one percent of the screen to another percent, for an optional duration.
Normal swipe fails to scale for different screen resolutions, this can be avoided using percent.</doc>
<status status="PASS" starttime="20230124 16:45:17.120" endtime="20230124 16:45:19.525"/>
</kw>
<kw name="Get Matching Xpath Count" library="AppiumLibrary">
<var>${count}</var>
<arg>xpath=//XCUIElementTypeStaticText[@name="Payment Information:"]</arg>
<doc>Returns number of elements matching ``xpath``</doc>
<msg timestamp="20230124 16:45:20.263" level="INFO">xpath criteria: //XCUIElementTypeStaticText[@name="Payment Information:"]</msg>
<msg timestamp="20230124 16:45:20.264" level="INFO">${count} = 0</msg>
<status status="PASS" starttime="20230124 16:45:19.526" endtime="20230124 16:45:20.264"/>
</kw>
<status status="PASS" starttime="20230124 16:45:17.119" endtime="20230124 16:45:20.264"/>
</iter>
<iter>
<kw name="Swipe By Percent" library="AppiumLibrary">
<arg>90</arg>
<arg>70</arg>
<arg>90</arg>
<arg>25</arg>
<doc>Swipe from one percent of the screen to another percent, for an optional duration.
Normal swipe fails to scale for different screen resolutions, this can be avoided using percent.</doc>
<status status="PASS" starttime="20230124 16:45:20.266" endtime="20230124 16:45:22.706"/>
</kw>
<kw name="Get Matching Xpath Count" library="AppiumLibrary">
<var>${count}</var>
<arg>xpath=//XCUIElementTypeStaticText[@name="Payment Information:"]</arg>
<doc>Returns number of elements matching ``xpath``</doc>
<msg timestamp="20230124 16:45:23.446" level="INFO">xpath criteria: //XCUIElementTypeStaticText[@name="Payment Information:"]</msg>
<msg timestamp="20230124 16:45:23.446" level="INFO">${count} = 0</msg>
<status status="PASS" starttime="20230124 16:45:22.706" endtime="20230124 16:45:23.446"/>
</kw>
<status status="PASS" starttime="20230124 16:45:20.265" endtime="20230124 16:45:23.447"/>
</iter>
<iter>
<kw name="Swipe By Percent" library="AppiumLibrary">
<arg>90</arg>
<arg>70</arg>
<arg>90</arg>
<arg>25</arg>
<doc>Swipe from one percent of the screen to another percent, for an optional duration.
Normal swipe fails to scale for different screen resolutions, this can be avoided using percent.</doc>
<status status="PASS" starttime="20230124 16:45:23.449" endtime="20230124 16:45:26.349"/>
</kw>
<kw name="Get Matching Xpath Count" library="AppiumLibrary">
<var>${count}</var>
<arg>xpath=//XCUIElementTypeStaticText[@name="Payment Information:"]</arg>
<doc>Returns number of elements matching ``xpath``</doc>
<msg timestamp="20230124 16:45:27.158" level="INFO">xpath criteria: //XCUIElementTypeStaticText[@name="Payment Information:"]</msg>
<msg timestamp="20230124 16:45:27.158" level="INFO">${count} = 0</msg>
<status status="PASS" starttime="20230124 16:45:26.350" endtime="20230124 16:45:27.159"/>
</kw>
<status status="PASS" starttime="20230124 16:45:23.447" endtime="20230124 16:45:27.159"/>
</iter>
<iter>
<kw name="Swipe By Percent" library="AppiumLibrary">
<arg>90</arg>
<arg>70</arg>
<arg>90</arg>
<arg>25</arg>
<doc>Swipe from one percent of the screen to another percent, for an optional duration.
Normal swipe fails to scale for different screen resolutions, this can be avoided using percent.</doc>
<status status="PASS" starttime="20230124 16:45:27.160" endtime="20230124 16:45:29.626"/>
</kw>
<kw name="Get Matching Xpath Count" library="AppiumLibrary">
<var>${count}</var>
<arg>xpath=//XCUIElementTypeStaticText[@name="Payment Information:"]</arg>
<doc>Returns number of elements matching ``xpath``</doc>
<msg timestamp="20230124 16:45:30.394" level="INFO">xpath criteria: //XCUIElementTypeStaticText[@name="Payment Information:"]</msg>
<msg timestamp="20230124 16:45:30.395" level="INFO">${count} = 0</msg>
<status status="PASS" starttime="20230124 16:45:29.627" endtime="20230124 16:45:30.395"/>
</kw>
<status status="PASS" starttime="20230124 16:45:27.159" endtime="20230124 16:45:30.395"/>
</iter>
<iter>
<kw name="Swipe By Percent" library="AppiumLibrary">
<arg>90</arg>
<arg>70</arg>
<arg>90</arg>
<arg>25</arg>
<doc>Swipe from one percent of the screen to another percent, for an optional duration.
Normal swipe fails to scale for different screen resolutions, this can be avoided using percent.</doc>
<status status="PASS" starttime="20230124 16:45:30.398" endtime="20230124 16:45:32.627"/>
</kw>
<kw name="Get Matching Xpath Count" library="AppiumLibrary">
<var>${count}</var>
<arg>xpath=//XCUIElementTypeStaticText[@name="Payment Information:"]</arg>
<doc>Returns number of elements matching ``xpath``</doc>
<msg timestamp="20230124 16:45:33.342" level="INFO">xpath criteria: //XCUIElementTypeStaticText[@name="Payment Information:"]</msg>
<msg timestamp="20230124 16:45:33.342" level="INFO">${count} = 0</msg>
<status status="PASS" starttime="20230124 16:45:32.628" endtime="20230124 16:45:33.343"/>
</kw>
<status status="PASS" starttime="20230124 16:45:30.397" endtime="20230124 16:45:33.343"/>
</iter>
<iter>
<kw name="Swipe By Percent" library="AppiumLibrary">
<arg>90</arg>
<arg>70</arg>
<arg>90</arg>
<arg>25</arg>
<doc>Swipe from one percent of the screen to another percent, for an optional duration.
Normal swipe fails to scale for different screen resolutions, this can be avoided using percent.</doc>
<status status="PASS" starttime="20230124 16:45:33.344" endtime="20230124 16:45:35.678"/>
</kw>
<kw name="Get Matching Xpath Count" library="AppiumLibrary">
<var>${count}</var>
<arg>xpath=//XCUIElementTypeStaticText[@name="Payment Information:"]</arg>
<doc>Returns number of elements matching ``xpath``</doc>
<msg timestamp="20230124 16:45:36.486" level="INFO">xpath criteria: //XCUIElementTypeStaticText[@name="Payment Information:"]</msg>
<msg timestamp="20230124 16:45:36.486" level="INFO">${count} = 0</msg>
<status status="PASS" starttime="20230124 16:45:35.679" endtime="20230124 16:45:36.486"/>
</kw>
<status status="PASS" starttime="20230124 16:45:33.344" endtime="20230124 16:45:36.488"/>
</iter>
<iter>
<kw name="Swipe By Percent" library="AppiumLibrary">
<arg>90</arg>
<arg>70</arg>
<arg>90</arg>
<arg>25</arg>
<doc>Swipe from one percent of the screen to another percent, for an optional duration.
Normal swipe fails to scale for different screen resolutions, this can be avoided using percent.</doc>
<status status="PASS" starttime="20230124 16:45:36.489" endtime="20230124 16:45:38.930"/>
</kw>
<kw name="Get Matching Xpath Count" library="AppiumLibrary">
<var>${count}</var>
<arg>xpath=//XCUIElementTypeStaticText[@name="Payment Information:"]</arg>
<doc>Returns number of elements matching ``xpath``</doc>
<msg timestamp="20230124 16:45:40.355" level="INFO">xpath criteria: //XCUIElementTypeStaticText[@name="Payment Information:"]</msg>
<msg timestamp="20230124 16:45:40.356" level="INFO">${count} = 0</msg>
<status status="PASS" starttime="20230124 16:45:38.931" endtime="20230124 16:45:40.356"/>
</kw>
<status status="PASS" starttime="20230124 16:45:36.488" endtime="20230124 16:45:40.356"/>
</iter>
<iter>
<kw name="Swipe By Percent" library="AppiumLibrary">
<arg>90</arg>
<arg>70</arg>
<arg>90</arg>
<arg>25</arg>
<doc>Swipe from one percent of the screen to another percent, for an optional duration.
Normal swipe fails to scale for different screen resolutions, this can be avoided using percent.</doc>
<status status="PASS" starttime="20230124 16:45:40.357" endtime="20230124 16:45:42.605"/>
</kw>
<kw name="Get Matching Xpath Count" library="AppiumLibrary">
<var>${count}</var>
<arg>xpath=//XCUIElementTypeStaticText[@name="Payment Information:"]</arg>
<doc>Returns number of elements matching ``xpath``</doc>
<msg timestamp="20230124 16:45:43.410" level="INFO">xpath criteria: //XCUIElementTypeStaticText[@name="Payment Information:"]</msg>
<msg timestamp="20230124 16:45:43.410" level="INFO">${count} = 0</msg>
<status status="PASS" starttime="20230124 16:45:42.606" endtime="20230124 16:45:43.410"/>
</kw>
<status status="PASS" starttime="20230124 16:45:40.357" endtime="20230124 16:45:43.411"/>
</iter>
<iter>
<kw name="Swipe By Percent" library="AppiumLibrary">
<arg>90</arg>
<arg>70</arg>
<arg>90</arg>
<arg>25</arg>
<doc>Swipe from one percent of the screen to another percent, for an optional duration.
Normal swipe fails to scale for different screen resolutions, this can be avoided using percent.</doc>
<status status="PASS" starttime="20230124 16:45:43.412" endtime="20230124 16:45:45.798"/>
</kw>
<kw name="Get Matching Xpath Count" library="AppiumLibrary">
<var>${count}</var>
<arg>xpath=//XCUIElementTypeStaticText[@name="Payment Information:"]</arg>
<doc>Returns number of elements matching ``xpath``</doc>
<msg timestamp="20230124 16:45:46.592" level="INFO">xpath criteria: //XCUIElementTypeStaticText[@name="Payment Information:"]</msg>
<msg timestamp="20230124 16:45:46.592" level="INFO">${count} = 0</msg>
<status status="PASS" starttime="20230124 16:45:45.799" endtime="20230124 16:45:46.592"/>
</kw>
<status status="PASS" starttime="20230124 16:45:43.411" endtime="20230124 16:45:46.593"/>
</iter>
<iter>
<kw name="Swipe By Percent" library="AppiumLibrary">
<arg>90</arg>
<arg>70</arg>
<arg>90</arg>
<arg>25</arg>
<doc>Swipe from one percent of the screen to another percent, for an optional duration.
Normal swipe fails to scale for different screen resolutions, this can be avoided using percent.</doc>
<kw name="Capture Page Screenshot" library="AppiumLibrary">
<doc>Takes a screenshot of the current page and embeds it into the log.</doc>
<msg timestamp="20230124 16:45:48.589" level="INFO" html="true">&lt;/td&gt;&lt;/tr&gt;&lt;tr&gt;&lt;td colspan="3"&gt;&lt;img src="data:image/png;base64, iVBORw0KGgoAAAANSUhEUgAABGUAAAmECAIAAAAjR0TuAAAAAXNSR0IArs4c6QAA
AAlwSFlzAAAhOAAAITgBRZYxYAAAABxpRE9UAAAAAgAAAAAAAATCAAAAKAAABMIA
AATCAAEudb5nynkAAEAASURBVHgB7J0HuBRVmve/md3ZeXY2zu6zz+464+583yhc
QAUVUQQVAzoKOiqOCgYwASogBkxgAlFwVERUUEkGcETBiAoYMCMqJjCgEm7OOSe+
3+m6t27druru6nRvXeffTz9Qt7rq1Fu/c7r6/M/7nvf8nz16iYAIiIAIiIAIiIAI
iIAIiIAIeBH4P147tU8EREAEREAEREAEREAEREAERGCP9JIagQiIgAiIgAiIgAiI
gAiIgAh4E5Be8uaivSIgAiIgAiIgAiIgAiIgAiIgvaQ2IAIiIAIiIAIiIAIiIAIi
IALeBKSXvLlorwiIgAiIgAiIgAiIgAiIgAhIL6kNiIAIiIAIiIAIiIAIiIAIiIA3
Aeklby7aKwIiIAIiIAIiIAIiIAIiIALSS2oDIiACIiACIiACIiACIiACIuBNQHrJ
m4v2ioAIiIAIiIAIiIAIiIAIiID0ktqACIiACIiACIiACIiACIiACHgTkF7y5qK9
IiACIiACIiACIiACIiACIiC9pDYgAiIgAiIgAiIgAiIgAiIgAt4EpJe8uWivCIiA
CIiACIiACIiACIiACEgvqQ2IgAiIgAiIgAiIgAiIgAiIgDcB6SVvLtorAiIgAiIg
AiIgAiIgAiIgAtJLagMiIAIiIAIiIAIiIAIiIAIi4E1Aesmbi/aKgAiIgAiIgAiI
gAiIgAiIgPSS2oAIiIAIiIAIiIAIiIAIiIAIeBOQXvLmor0iIAIiIAIiIAIiIAIi
IAIiIL2kNiACIiACIiACIiACIiACIiAC3gSkl7y5aK8IiIAIiIAIiIAIiIAIiIAI
SC+pDYiACIiACIiACIiACIiACIiANwHpJW8u2isCIiACIiACIiACIiACIiAC0ktq
AyIgAiIgAiIgAiIgAiIgAiLgTUB6yZuL9oqACIiACIiACIiACIiACIiA9JLagAiI
gAiIgAiIgAiIgAiIgAh4E5Be8uaivSIgAiIgAiIgAiIgAiIgAiIgvaQ2IAIiIAIi
IAIiIAIiIAIiIALeBKSXvLlorwiIgAiIgAiIgAiIgAiIgAhIL6kNiIAIiIAIiIAI
iIAIiIAIiIA3Aeklby7aKwIiIAIiIAIiIAIiIAIiIALSS2oDIiACIiACIiACIiAC
IiACIuBNQHrJm4v2ioAIiIAIiIAIiIAIiIAIiID0ktqACIiACIiACIiACIiACIiA
CHgTkF7y5qK9IiACIiACIiACIiACIiACIiC9pDYgAiIgAiIgAiIgAiIgAiIgAt4E
pJe8uWivCIiACIiACIiACIiACIiACEgvqQ2IgAiIgAiIgAiIgAiIgAiIgDcB6SVv
LtorAiIgAiIgAiIgAiIgAiIgAtJLagMiIAIiIAIiIAIiIAIiIAIi4E1Aesmbi/aK
gAiIgAiIgAiIgAiIgAiIgPSS2oAIiIAIiIAIiIAIiIAIiIAIeBOQXvLmor0iIAIi
IAIiIAIiIAIiIAIiIL2kNiACIiACIiACIiACIiACIiAC3gSkl7y5aK8IiIAIiIAI
iIAIiIAIiIAISC+pDYiACIiACIiACIiACIiACIiANwHpJW8u2isCIiACIiACIiAC
IiACIiAC0ktqAyIgAiIgAiIgAiIgAiIgAiLgTUB6yZuL9oqACIiACIiACIiACIiA
CIiA9JLagAiIgAiIgAiIgAiIgAiIgAh4E5Be8uaivSIgAiIgAiIgAiIgAiIgAiIg
vaQ2IAIiIAIiIAIiIAIiIAI/KQIFBQWbNm165ZVXVq5cuXz58qVLly5evPiRRx55
OInXkiVLSktLwzAVFhb6KZJLYwBmYAwmYRjmYWRYacH8U3opRr1QryM6v+bPnx/j
HMfHSZ7uKCn2ZrzXeuONNzrfmd+/Zs+eHdsaHSECIiACIiACIiACItDlBOrq6t56
6y0/GibeY7777jvrbqqrqz/++GNr+/PPP4+3HOfxmIrBXQ4pvgtKL0XkVVxcfPrp
p/8f1+uiiy6KeI7jgyRPd5QUezOxa91zzz2um/O1Y9SoUbFt0hEiIAIiIAIiIAIi
IAJdSyA/P/+JJ55wCpJUbSNs7FsZN25cVlaW9eerr76a5CUwGLPtwgO4Ib3kXSnU
/X//9397qgc/einJ071tirA34WtNmzbN8wZj7pReilAV2i0CIiACIiACIiAC3UYg
Ly+PkDlLvRD/tnHjxu3bt+/evZv9xNHV1NQ0Nzcnb9yyZct69eoVbzlcGgMwA2Mw
CcMwz44PxOwgSybppfDqrq2tnTRpUhTNEF0vJXl6uDVR/07yWuedd16U24zykfRS
1GrRhyIgAiIgAiIgAiLQ1QQQJCtWrLDEEh6b3NzcdFiwbdu2f/iHf5g4cWJKCsdI
2xuG8SmRcykxLKwQ6aVOQLZs2dKnT58oUoGPouilJE+3TGlpafniiy+YBvfjjz92
Mq7zH8lfa/jw4c47pfX/o7/XOeec09kW/SUCIiACIiACIiACItCdBHbt2mWJJfw/
5eXl6TCFaUv9+vWj97hq1apUlV9WVobBluXcQqqKTW050kttPFEpc+fO/bu/+zun
hGD7n//5n8P2eOqlJE+3KzU7O3vw4MH2FXEBNTY22p9aG6m61v77729fiI3gT7YL
46A/RUAEREAEREAEREAELAIffvihpTrYsPa07mktaCxeVvjshB3TR31/2cnbLxn5
3cXxvuflLbUJM22JHuPPf/7zoqIia+eMrHv9F4gBmIExmIRhmBfJcvuKAdmQXmqr
iOeff94pHqzt888/n9lsYfs99VKSp9ut4cQTTwy73KxZs+xPrY1UXes//uM/7Gv9
y7/8S9hV9KcIiIAIiIAIiIAIiEBPIbB27VpLL+3cudOyGU0yLfNO/3rGfeRlO2+u
a6m3SsMLZPUbBwwYYO1pam1C/7jP8rMHwzDPKgeDLcu5BWtP0P6VXmqrkTVr1tji
gY1f//rXTz/9NJ9VVFQ497PtqZeSPN0ygmlwSPawyw0cODCs0aTkWk1NTT/72c/s
a/Xu3TvsKvpTBERABERABERABESgpxB46qmnLNVhL5GEG8ePdIl0zBnfX767Ice6
fWvaktVvvOqqq6ydW2u3RzrXz37Ms8rBYMtybiGYtKWX2urFKUKGDRuWmZlpfZCA
XkrgdPtaTg1jNcoDDjggrOkkaapVWk5Oji2W2MDmsKvoTxEQAREQAREQAREQgZ5C
wM6M19DQYNlM5Jsf3RLpmNcr3rfKsactWV3Hl19+2dr/VPGLkc71sx/zrHIw2NJL
3IK1J2j/Si+11YglQn7xi18wi4kJQnY9xaWXEj7dvtxhhx3mlDFsX3311fan1kaS
plqFfPrpp84LnX322WFX0Z8iIAIiIAIiIAIiIAI9ggB9V0tykKHbNjjhYDnUjnva
ktVvpK9bWVlpXeKGrD/70UWRjsE821Q7sbjdCUek2Z92+4b0UlsVIEIyMjJQEWFV
4l8vJXO6fdGvv/76d7/7na1khg4dWlVVZX9qbSRpqlUIEaL2VdiYOnVq2FX0pwiI
gAiIgAiIgAiIQI8gwDwLSy8tXrzYNjixBA/IG89pS1a/8fDDD7fLj7KxpvS1SDLJ
3o95dgmYbdnPjVg758yZ880339gHdO+G9FIbf/I6sJyRuzJ86qUkT3deFz29evXq
+fPnr1u3rrW1LXOI84CUXAuPp1Mv0SitS5CAkvWb582bN3bs2EMPPRS/Ex+xJC7Z
Hp02aFsEREAEREAEREAERCAgBGz/0qOPPmqbZCuTuDYiTVuy+o0zZsywy4+0sb1u
56nbJ/q5qF0CZlt6yfYv3XLLLbfeemtAJJP0kl1T3hs+9ZL3yb7TRUQ6Pa79cZk6
e/Zsp1567LHHuNYzzzzDKkzO/fb2v//7vwd2El5clHSwCIiACIiACIiACPz0CFh6
g3/tW/OjWNzHRJq2ZPUJ33zzTbt8z42altpLdtzgLtZzj12C23j0Ei+myZAOzT6s
uzakl2KQj0uEuMtK8nR3gVH2xHWtSZMm2VqIDTxI06dPd2ebcB7D9qhRowoKCqLY
oI9EQAREQAREQAREQAS6noBbcnhKlOg7I01bCusQhv3JeqH2/f4599Hol3B+ap/l
Nt7SS/z7+uuv24d114b0UgzycYkQd1lJnu4uMMqeuK51xhlnONv6b3/7W+efUbZJ
um+HlkYxRh+JgAiIgAiIgAiIgAh0GQG35HAqEz/bUaYtRekZ7rvvvnYGiA0V7/m5
kH2MDcdtvK2XFixYYB/WXRvSSzHIxyVC3GUlebq7wCh74roWmSQ8m36/fv2uvPJK
5i/NnDkTTfWf//mf7sOI5Ytihj4SAREQAREQAREQARHoYgJuyWHLEj8b0actuXuD
1p5f/vKXdrK0rIY8CvFzLfsYG5HbeFsv0SO1D+uuDemlGOTjEiHuspI83V1glD1x
XWufffYJa/q/+tWv3MsqU+YFF1wQdiTfjW+//TaKJfpIBERABERABERABESgKwm4
JYctS/xsRJ+2FNYVtP9khN26x4bWxim7bvNzIecxNh+38dJLNpwesBGXCHHfT5Kn
uwuMsieua/3jP/6j3dbZQAKtX78+UuHXXnut82C2zzrrrEgHa78IiIAIiIAIiIAI
iEAXE3BLDqcyib6d2LSlESNG2JmcHy5YGf0Snp/aiNzG23pJ8Xg2peBuxCVC3LeR
5OnuAqPs8X8t1lEe3vn1wgsvRCmZzCTOVaHQS7169YpyvD4SAREQAREQAREQARHo
SgJuyeEpUdw7ndOWIhnMIjdhQ+d77bVXYWGhdfymqs9O/u4Sd8kx99iXcxtv6yXl
e7ApBXfDvwjxvIckT/csM9LOtF6LfI7O78nf/M3f1NfXR7JE+0VABERABERABERA
BLqSgFtyxJQrHOCcthTF2rC8yj//+c/txOJFTaWjf5jq51ruY+wruo239JLyiduI
Ar2RpAhJ7PTi4uIvvvgi3nzziV3LJ/2XXnrJqZfYxkKf5+owERABERABERABERCB
9BFIeL1ae9pSdNvC4ozsVWtb9rRcn3mXWwj53GNfVOvV2ih65EaSIiTe08vKyuxM
33/7t39744032oGhMfHFe62YBToP+O6778L00urVq50HaFsEREAEREAEREAERKBb
CLDWi+WiWbx4sW3AydsTiZGzpc5N2W25HL788ktnJ3DIkCH20jIri1+0j493A/Ns
UzHbst8uec6cOd988419QPduKD9eDP5JipB4Tx8zZoyzRbL94IMPxjCx/eN4r9V+
nq//33vvvTDDNm/e7OtMHSQCIiACIiACIiACIpBOArZ/6ZFHHrGvM+r7y+LVMM7j
Xyp7wyrqjjvusDuBv/71r3ft2mXt/6r2u1O2j3eeEtc25tmmYrall7gRa2d1dbX9
abdvSC/FqIIkRUhcp5OG4Re/+IXdIq2NwYMHxzCx/WP/11q1ahVjA/br9NNPby8j
4v/4SZ2GEbcab7hgxKL1gQiIgAiIgAiIgAh0OQFmYu/YsYP5BVvaX2yzxz1Du3uP
9AlmyZIlluSgP2mdMmHH9LgETNjBBY3FVjn0Re1OoB1eVNlcNe7Ha8NOietPzLPK
x2DLcm7B58128WHSSzGA+xchngXFdXppaandHO2Nvn37epbs3un/Wh988IFdvrUR
cz2l0aNHO09h+Sa3AdojAiIgAiIgAiIgAj2FANIIofRJ5xd72B92C917ZJgxkf58
6qmnLNVBf9I6Zlnhs3EJGOfBk3bdahVCEjxGya1O4MSJE62drXtaZ+U84Dw+gW3M
s0rDYMtybsHaE7R/pZdi1Ih/EeJZULyn9+vXzylL2B4/frxnye6d/q/V2Nj493//
984LXXzxxe4C7T3vvPOO82C2TzvtNPtTbYiACIiACIiACIhAjyOAN6mzVmr7y53R
qnuP9Al27dq1lurYuXOndQoOommZdyagZDjl8aI1ViHLli2zOoH7779/bW2ttZNQ
vcSKtc/CMNt/hcGW5dyCVX7Q/pVeilEj/kWIZ0Hxno7n51//9V9tcbLvvvvaue09
y3fujOtaRx99tH0Va+Pee+91lmZvk+mB1ZbCDn7uuefsA7QhAiIgAiIgAiIgAj2O
gNu5ZAkm9ofdS/ceGWZMpD8//PBDS3WwYR2DFwhNghuHyDcmC8WV/uHbuh+tQkaN
GkUn8Fe/+tXWrVutPTvqM0/ffqmtfPxvYABmYAwmYRjmWQW6Lbf2B+df6aUYdRGX
CHGXlcDpOTk5d99999SpU2n0to53l+zeE9e11q9fb3tXbS10zDHHkNfBCtslLx/e
53vuuSfME8XBxOa5r649IiACIiACIiACItCDCHSvCvJ/dZ9IScNg6SU8QuXl5T7P
in4YfcJ/+qd/ou/nTCMR/ZR4P8VUDLYs3717d7ynd83x0ksxOMclQtxlJXm6u8Ao
e+K91u23324rJecGOoos+9bXw7nf2v6v//qvkpKSKGboIxEQAREQAREQAREIPgH/
iqV7j/RJsrm5ecWKFZbweOKJJ3Jzc32eGOWwdevW0f3705/+FOWYZD7CSEy1bMZ4
biGZ0tJ3rvRSDLbxipCw4pI8Pay06H/Gey08SKeccopbEUXZ88tf/vLll1+OboY+
FQEREAEREAEREIHgE+jeWUn+r+6fZH5+vp0lD4/Qxo0bt2/fjtMmLy+PnApkNo5X
kEyaNIkxdFYH9W9DpCO5NAZgBsZgEoZhnp1GHLPZH+ncbt8vvRSjCuIVIWHFJXl6
WGnR/0zgWuS2nz59ujvizlMyDRs2jLlM0W3QpyIgAiIgAiIgAiLQIwh0b9Y7/1eP
CyaSyfbYWH6beP9l6Vh70Vgm0tuzoehn2oFz8ZYZ/XgMxuy4brOLD5ZeigE8ARHi
LDHJ051FxdxO+FqZmZnnnHPOz372M0+ZxM5/+7d/C2xG/JhYdIAIiIAIiIAIiIAI
uAl076pK/q/utjz6nrq6urfeeiu6RIny6SuvvGKV/+WXX955553WNsvIkusrylkJ
f4SpGBz9jrr9U+mlbq+CoBjANEFi7ciSR3L9Y489lkVsZ8yYQSJ8/MVWBoigGCo7
REAEREAEREAEREAEohIoKCjYtGkT4mflypXLly9funQpjiM7/i2KvNm2bZtV8ObN
m5FJ1jZFRTnFz0dcGgMwA2MwCcMoEyOj3kRQPpReCkpNyA4REAEREAEREAEREAER
EIGgEZBeClqNyB4REAEREAEREAEREAEREIGgEJBeCkpNyA4REAEREAEREAEREAER
EIGgEZBeClqNyB4REAEREAEREAEREAEREIGgEJBeCkpNyA4REAEREAEREAEREAER
EIGgEZBeClqNyB4REAEREAEREAEREAEREIGgEJBeCkpNyA4REAEREAEREAEREAER
EIGgEZBeClqNyB4REAEREAEREAEREAEREIGgEJBeCkpNyA4REAEREAEREAEREAER
EIGgEZBeClqNyB4REAEREAEREAEREAEREIGgEJBeCkpNyA4REAEREAEREAEREAER
EIGgEZBeClqNyB4REAEREAEREAEREAEREIGgEJBeCkpNyA4REAEREAEREAEREAER
EIGgEZBeClqNyB4REAEREAEREAEREAEREIGgEJBeCkpNyA4REAEREAEREAEREAER
EIGgEZBeClqNyB4REAEREAEREAEREAEREIGgEJBeCkpNyA4REAEREAEREAEREAER
EIGgEZBeClqNyB4REAEREAEREAEREAEREIGgEJBeCkpNyA4REAEREAEREAEREAER
EIGgEZBeClqNyB4REAEREAEREAEREAEREIGgEJBeCkpNyA4REAEREAEREAEREAER
EIGgEZBeClqNyB4REAEREAEREAEREAEREIGgEJBeCkpNyA4REAEREAEREAEREAER
EIGgEZBeClqNyB4REAEREAEREAEREAEREIGgEJBeCkpNyA4REAEREAEREAEREAER
EIGgEZBeClqNyB4REAEREAEREAEREAEREIGgEJBeCkpNyA4REAEREAEREAEREAER
EIGgEZBeClqNyB4REAEREAEREAEREAEREIGgEJBeCkpNyA4REAEREAEREAEREAER
EIGgEZBeClqNyB4REAEREAEREAEREAEREIGgEJBeCkpNyA4REAEREAEREAEREAER
EIGgEZBeClqNyB4REAEREAEREAEREAEREIGgEJBeCkpNyA4REAEREAEREAEREAER
EIGgEZBeClqNyB4REAEREAEREAEREAEREIGgEJBeCkpNyA4REAEREAEREAEREAER
EIGgEZBeClqNyB4REAEREAEREAEREAEREIGgEJBeCkpNyA4REAEREAEREAEREAER
EIGgEZBeClqNyB4REAEREAEREAEREAEREIGgEJBeCkpNyA4REAEREAEREAEREAER
EIGgEZBeClqNyB4REAEREAEREAEREAEREIGgEJBeCkpNyA4REAEREAEREAEREAER
EIGgEZBeClqNyB4REAEREAEREAEREAEREIGgEJBeCkpNyA4REAEREAEREAEREAER
EIGgEZBeClqNyB4REAEREAEREAEREAEREIGgEJBeCkpNyA4REAEREAEREAEREAER
EIGgEZBeClqNyB4REAEREAEREAEREAEREIGgEJBeCkpNyA4REAEREAEREAEREAER
EIGgEZBeClqNyB4REAEREAEREAEREAEREIGgEJBeCkpNyA4REAEREAEREAEREAER
EIGgEZBeClqNyB4REAEREAEREAEREAEREIGgEJBeCkpNyA4REAEREAEREAEREAER
EIGgEZBeClqNyB4REAEREAEREAEREAEREIGgEJBeCkpNyA4REAEREAEREAEREAER
EIGgEZBeClqNyB4REAEREAEREAEREAEREIGgEJBeCkpNyA4REAEREAEREAEREAER
EIGgEZBeClqNyB4REAEREAEREAEREAEREIGgEJBeCkpNyA4REAEREAEREAEREAER
EIGgEZBeClqNyB4REAEREAEREAEREAEREIGgEJBeCkpNyA4REAEREAEREAEREAER
EIGgEZBeClqNyB4REAEREAEREAEREAEREIGgEJBeCkpNyA4REAEREAEREAEREAER
EIGgEZBeClqNyB4REAEREAEREAEREAEREIGgEJBeCkpNyA4REAEREAEREAEREAER
EIGgEZBeClqNyB4REAEREAEREAEREAEREIGgEJBeCkpNyA4REAEREAEREAEREAER
EIGgEZBeClqNyB4REAEREAEREAEREAEREIGgEJBeCkpNyA4REAEREAEREAEREAER
EIGgEZBeClqNyB4REAEREAEREAEREAEREIGgEJBeCkpNyA4REAEREAEREAEREAER
EIGgEZBeClqNyB4REAEREAEREAEREAEREIGgEJBeCkpNyA4REAEREAEREAEREAER
EIGgEZBeClqNyB4REAEREAEREAEREAEREIGgEJBeCkpNyA4REAEREAEREAEREAER
EIGgEZBeClqNyB4REAEREAEREAEREAERCC6BltKS2vWvlt87t3jKxPxTT8w5bEBW
xv9m7vMb3mzwJzv5iAM4jIODeyf+LJNe8sdJR4mACIiACIiACIiACIjAXzGBpl07
KxYuyB81MvP3e8X1zj99BCdyeg+FJ73UQytOZouACIiACIiACIiACIhAVxCofXND
0fhxcWkkz4MphKK6wuKUXiONeskTk3amnEBK24MKEwEREAEREAEREAEREIE2ArVv
rC8YMyq13VcKpNgehFh6KT5/YmqbS0pK60GtTaaKgAiIgAiIgAiIgAj0CAJNO3cw
ByklnVXPQiicS/QIFNJL0ks9oqHKSBEQAREQAREQAREQgS4iUP2XJzN77e2pc1K5
s9feXKiLbimJy0gvSS8l0Xx0qgiIgAiIgAiIgAiIwE+LQOlN16dSFMVKDsHlAs5P
ekl6KeBNVOaJgAiIgAiIgAiIgAh0BYGW8rLCc8/sSrFkXYuLcumuuMOErtF1eimr
z+9yjzk87w/D9E6YAADBGNaIE6p3nSQCIiACIiACIiACIiACHQSaCwry//iHsH5m
l/3JpZvz8zqsCdJW1+kl+vq1G9Y1bv9O74QJABCMYQ03SM1JtoiACIiACIiACIiA
CPQ8Arh38kYeF9bJ7OI/804e3lJREUB2XaeXcKqgEwKIoAeZBEAwhrXdHmS/TBUB
ERABERABERABEQgggW4Jwwvr0/Jn4bgxAYQjvRTASolokvRSRDT6QAREQAREQARE
QAREICECXZzgwS2TnHsCmP5BeimhZtVNJ0kvdRN4XVYEREAEREAEREAEfpoETOrw
WCnsuviAoCUZl17qSU1feqkn1ZZsFQEREAEREAER+OkRaG1tbWxsqapkwk/y79bq
6tb6+j3Nzd3FiRVju2KdpXj1WK+9A7WUrfRSd7XPRK4rvZQINZ0jAiIgAiIgAiIg
Aikh0NKCvGnatbPmxecqlz6S5Ltq+eLa9a82bP2ypbQkJdYlUEjxlIld7DvyeTkM
S+B20nSK9FKawKalWOmltGBVoSIgAiIgAiIgAiLgh0Bzc0tlZf3mj5hjU3jOGcm+
zzurbPat1Wueadrxo5+Lp/yY2jfW+1Qv3XIY5qX8lhMrUHopMW7dc5b0Uvdw11VF
QAREQAREQAREAAJNTS1lZXVvvV54wZicQ/sn+x58YOE5f0IyNXz6cbfQLRgzKuVC
CCbVzz6N/4139aqVyZSPed2CxX1R6SU3k+DukV4Kbt3IMhEQAREQAREQgZ88AfRS
aUnta2vzTzspGSXQdu6+v8054pCiC8+te3PDnpaWPa2tXcmv9s0NKbiFzhOTcgYf
2Pjj9/ZdsJhSkpfASLu0btyQXupG+HFfWnopbmQ98ARW167fsqVq9eryBx4oufnm
wksvzT/zzJzhw7OPOCJr0KDd/Q/Yvf9+vDMHHpw1ZEjOMcfknnJK/vnnFV9zddld
cysfW177xuu0k9a6ui5+7PZA0jJZBERABERABOIkkFq9tM9vsvbfN+/Eo2ueX93a
0GAkUxe+isaPS1LMhJ2O9mvavct5B8nrJYx0Fthd29JL3UU+ketKLyVCLfDntFRV
NWVnoZFqNmyoWrWqYtGi0tmzi66+quDii/POPjt35MjsY47OOuxQBNLu/v1379dv
d98+5n3A/pkHHYSCyjriiJzjh+edfnrB2PMLJ11ePGN62b33VD7+WPWLL9a9+27j
t980FxV1/ahV4KnLQBEQAREQARGIn0Bq9RLOGVxMhx9UtezR5vx8M9bZVS9SVoSp
nST/zB02uDk7K8z85PUSVmFqWLFd/6f0UtczT/yK0kuJswvgmc3N5Nhpralp3L69
5tVXSufOyR97ftbhgxFCu3r3SuaNmso8cAB+p6KrrqxYuqR+04etZWXmKdx96UoD
iF8miYAIiIAIiEDcBFKul/b5TfbA/crvmt3w2addmSWvYuGCJAWS8/Tc44Y25+W6
YaZEL2Gqu+Qu3iO91MXAk7qc9FJS+IJzMtlIGxsbtm2rfm5N6Z13FE6elHf2WTl/
OMGIpf3329UnIxmxZM7N6L27X1/8UdnDjsr94ykFF15QfN11uJuadu7kusHBIEtE
QAREQAREoIcRYKyzqrLh402lN19feO6f4n0z6yn36MHZB/XN3Oc3tt7IHpBRMm1q
7csvuP0z6YOTP2qkbUCSG3knDGsuLLBNbdz+rb2dEr2EqXaB3bUhvdRd5BO5rvRS
ItQCdU5TE88UlFLtm2+WP/gA4XPZxx6ze0D/ZAVSVH8Uwin3pJMqly1r3LGjTS8h
2Fggr7ZWc5wC1TpkjAiIgAiIQNAJkJKhoaE5N5sUeTWrV8X7rlhwb/HkCUxYIgzP
VilZ++9TOG5M5aIHnEojrRxwZNlXT3Ijb+RxLSXFtrVIPvbYf6ZEL2FhV3rebOOd
G9JLThpB35ZeCnoNRbePFcGrKmvffKN09u05J/4ha/BhJG/Y1bcP7qC06qXso4cV
XX45c5l4xFsCCdWEr6k5M5O8qJJM0StNn4qACIiACIiAg0Drnpbm1uqq5sxdTdu/
jfeNyqp8+MHCC87J7P0/tlDJ6vN/80YcVzrjuobPtzgulMbNFC67VLl4kW1oc35e
7rFDcg4bYO9JlV7q9oWYpJfsOu0BG9JLPaCSvEwk6Q1Z7+reead84UNFV0zJPXmk
8SmhlKL6hZL/lOi+7OOOLb7+utrXNzTn5LRJo+bm5sLCyiVLTD69ZUsbPtvC44yn
v5fh2icCIiACIiACIuAigJeJXHbxv5tzc+rfe7d0+rVZGb+z9VJmr71zBh2AiKr/
4D3XldKyo2L+3R1X75wQPO79+/ymevUqrOTWCDXk9HToJQxOCwjfhUov+UYVgAOl
lwJQCXGbQNhb0+7dta+/XnLLzaiXOKLv+mQwDQkfVObBB2UeOgh/VNbhh2cNHdL2
Pnwwe9hvCmTKk8tJhVjKOvIIUj5Uv/SSMz8e6qhhy5aCCy7IPmJo7oiTyhfcX//J
xygokk/EfW86QQREQAREQAREwDeBlspKsr2V3zuXNOIdIXlkFd/v90xtql37Ymtl
pQn9SPOreMrEuHVRFFnVa+/KpY/kHnWYVWY69BIGpxlJjOKll2IACtTH0kuBqg5f
xrS2Nnz1VeXSpfnnjMk+6kiT+853OgeUEissmeWVxo0rmjq1+MYbS2fOLL3zztK7
5vIumXlb8fQbSTuee+ofMw860O2tyj722KIrrqh96y20kDPoDntIWZ5z0okIKrRW
zgnHF02ZXP388007dvi6Ix0kAiIgAiIgAiKQGAFi+RrqK5cvzj64X1bv/3WKltxj
Dq96cnlzVmZrXW1iZfs/K+/k4c5Lp3Y7HXoJg/3fXTqOlF5KB9V0lSm9lC6y6Si3
tbW5qLD+44/LFyzIHzfWSBqXCygs4m73fvvhL8o54YS80WcXXnZZyU0zyubdW7Fk
CYsy1bz6KikimINU9+GHdR99ZN7vvVv9wvNl983LHzPazINyyDD+JDNe8XXX4lli
PYcOsUSah4aG6hdfKLjoQhZ0sq5O8vHsI48g80Tlk082fvcdi0GlA4bKFAEREAER
EAERML/Izc01zz2Tf+qJxOA5hUrO0IHld8+p37yppaw03aCQNM5Lp3Y7HXrJWWa6
4XiWL73kiSWgO6WXAloxbrNC+XPqP9pEDB6JwsN0Ufif6CjWn91vv6whh+eNGlUy
fXrVk082fPqp8QtFebW0NH7/fcXDi/LOOrNTgRkZWUcMLZw4oea118yCS1jS/iLN
Axlm0GCszuT2R+Wfcw5+MONl0jJN7cT0vwiIgAiIgAiknEDdmxuKp0zIO/5Ip1DJ
ObR/ybQral5Y7bmQUWptyMro5NpympH8tlPbpCrfAwanlkC8pUkvxUusO4+XXupO
+v6vTdLwgoLq1atJtJBz/HBmH3XSM51zPOzO6E3+Ohw+ZffeU/Xss7Vvv13/+eeI
lpaSkmjrfDc1cZgRS386I7PdU2SukpFBgnKC9GrfeKMpO9spljAfq2rWri28/DKm
RbmdXaz+xDJQ5Q88UP/xZjPfSS8REAEREAEREIE0EGj4ZHPFvXMLzvyjU5xkH9in
8PyzKhbe37Qz7eHxzuumfDsdegkj01APcRQpvRQHrG4/VHqp26sghgEhPztqp+al
l8zaSkcPi6KUcPIQNYfgKb7xBmLhGrZuNXnqwtxBlZV4mVA+Tbt2Nf7wQ+O333JY
wxdf1G3ebML8xp5v1rdtF2BMjiIVBGKJZXBbKaqx0ay21F5ga1MT6z6V3HJLzoiT
7FPCNiiBUMDyBxZwLeakxrhZfSwCIiACIiACIhA/gcbvv6tZ80zRhAucWoWUDyz8
WnrzDY3fbLN/u+Mv29cZzuumfFt6yVcd2AeFVUDeH4bR3bc/1UYCBKSXEoDWpaew
7HdNDdF0qCAzQQg3TruYcW8Qp1c8bRoTkwirQ5wwsyjMq4OLCYVTs3591VNPVTz6
CA6okttuLZ52DQ4iJkRlH3O0mbbkmBNFPonCSy4mdXgoP3gLlrSUlrYtULtnD5cg
R1/OyBHmrEhWZfQ2kulPZ5Q/9GDD19u6FJ0uJgIiIAIiIAJ/HQSaC/IbtnxScv1V
nbrKvf+HJBCIqPpPP97TnN7VERWPF29Dk38pXmLdebz0UnfSj3ltEjzk5lY//1zR
5EmZgw4xMW9uWYIg2X8/FqstunZaxZLFde+83ZydjbCxyibzOH/Wb/kUEVX52PKy
u/9MRF/hpZfmjx2L2yf39NNwDeUMPw5dROxcJ8/SfvuZRWmvubrm1VdYWpsCm7Ky
Gr/fjhJrK7y1tf7TT8vuuYcTidnzMMxhKgF+zImqfPwxHGVKMh6z2nWACIiACIiA
CMRFoLW6mklKZXNmZfX9vyy+1Kaa9vkNi9gSpMfarC0V5UYype2FC6iTVIuSKzz+
j9LhX3KWmTYq0QqWXopGJ2ifSS8FrUY67GltJbMcOesKL52InvEWJKynRP7u44eT
0YE0dx3pHPBK1dU1Fxcbb9LLL5fPu7fwsktjTnyyL7F7v35ZQ4cWXn559XPPsWgD
CqcpJwdXUt3bbzd89aXJdxdKi1f5xBP5553nf/Un4gkpkDEwAvk6bjMIW6GgR4jh
RgMaCQCbcrLRh02ZmUQtstSV2cjKQrvyEQdwGEI0BctZUE3V1bjpPN/oUreHMA5a
FN7Q4F1+VVVSJbe24mOEgKfZZmdVpe2EjMNgH4e2XbeqKtKljRpnplx7yKiPIrvq
EEziW1Nfz9cHNy9fVdOWcnNNZCytiza2e5fVzNhjWlpBqKWVl1ODSVVWvPcXstMw
tN/xltC9x2N/2C3wZ1e+wq5uY4y50cV2uplgAE9763tdVmZaKQ/D0JvtlvJyvnR8
ar7a3W6q23jtgQDP/Pq6ykUPIAOy9t+nQ7rs85u8kcOrVj7e9MP2tGYVVz7xeJuh
9FK8xLrzeOml7qQf/drNzXXvvFN6++1MSTKLLDncNfZ25sCDWSup4uGH6z/5pKWs
zPSrQi+2mZWEu6noyqm5fzyFdZNYiNZEzfXtY58bZQPPEtoGgdScl8cjmG5czbp1
JTffVPPKWiOWeCjjtsrJKZkxw4QI+iuTyzEVCu1H/okOXRedQFd9Sg/AEPvyS7Rl
xSOPlM6ejWMNAgUXX5R//nn5F4wrGD++aPLk4huuL73zjorFj5JUvX7LFpNXnT5Q
wq/m5paS4roP3ifc0fNNkgy60barMN7rIOrw5nmWX/f2xmRKppk1Z2U1fLbF0+zQ
ztfxaiYFx/NuW1poing1a998I9KlG7/9pjXURD0L6M6dIW2MexbjcbSStb9k9u1m
ubMrpxZOmMBaz/nnn19w8cUk/WcP+0vn3Gla2nNryPjftHMnXdWu6KTSnkM9ZiPS
rHddXerrMX3VYPX46+o67MfT3mX9e66OJHZe3cYYfYOREezk6d2tOoQFfExA1xef
165bV/3ss5WPP84vS/nDi2iHbFetXl27YYNJHZSTY4aKutXU9LWgn0DJ1U+vYI3a
MFdP7rFDy++ZU//Buya0PtaLYxq++Kzu7bdq39yAV8r/u+CsUztEWvwepOjnOn1B
WBj9YJ+far3aWG1BnzsISC85YARok+4RXauye+7OPe00Z5icLXLYSa7wgksurli4
kOVijYzh1dTUUlxc/9kWMumVzZ2Tf+655AF3zkeyT4+0YRI8HDHUJHhYswY9QLej
KTen6plnyubOLb1jdt3771uMjIJ66aX88851rtEUqcyO/X0ymCLVVk7nvOTdgt7I
pIryhm++RhlWPvYYPVRW480fM4aFd5F2mYcMRGGylhSodx84IGvQIIRr7oiTSJJe
OGVK6axZFYsXo6/qN4dUDW6NeHOm0/vftav8/vnIMKaQud9l995L+bgaEoPTuH07
zaCUTrmrcCN9X32FqyfW6eG3ip4TOTzcJZs9qMqZtzV89lnK+9notJpXXin7812s
A+Z96WnX4PPEp9r2dUgMXErPwhI4s2YaAbFVK1ZQp0XXXVtwwTgTCnviHxiYYCCD
hdRMG+vXd3f//pkDBxLgyv7ckSPyzz2HiYW4jsvn31e1ckXN+nX1n35CaaZvnYxQ
j3yDzE5s3Lat+sUX6R9b7+q1a9mZWDuJfJ10fcLTj2cUK2Xb9pP2hpXlTCbleL+e
8duI87C5qKhmw4aOq7djjL3nicerVq6sfmYVHniWbUAkk4OnKXM3I1Npquu2+yOK
obycZDx177/HM59JrTyfef4zsMU4Ud6Y0bxph2wToVA07RrGksoXLape/SyrljMk
x/0aj65eQSJQu/7Vkqsm5R1/lFMzsApTyTWTWaCppbgoprGMOpXeNqPgT6fkjTiO
NAH+39mD9ndeNLXb6dBLFfPvjkkjrQfIv5RWvCkuXHopxUBTVFzjjz9W/eUvpEno
EBud/UtZhw5CrvD7iqSxuwKtlZUNWz4tmTUz95STySoe6dyI+zN601cj8QO9UjMo
29KCf6l241ukJs8fPZpfcZNPPPQi9g9pgfiJWFRna+3D6BcSW1j+4AOmH5D+Hky0
2gh1FBq+/ZZEFDiRMgf0j0/79e7FKTnHHVt83XX0z1oKC02u9jjHXEmAQV/ErDvs
hYv+NB48xHC0u4j8Gfnfi6ZORfi5C8ctiaSpe++9xKqgKTe3dO4c2pi7ZPaQ7D7n
hONrN6yPbFqCn9DUScaYdfjhUWoKlyBrMRvXX7e/Qt6Gxh078BGhIdE/mZ2TqXjS
i7QT9Z73x1MQupTWnJmZQGPzw6Phm29YzDpnxAjbjLwzRpFCM71ddj+W+TsGjVF8
9VXZxx1r248KLb75ptp33jYPnDS/jI/6iy/yL7jAvnp8G8xE7duH72bOH/6Ap7F0
zpyal17EjZ+mujYwaKKNjdQv+YRM1PeRR3hPke38dDLR2ocMLDj//PJ58xgtMsEC
lBPnoy/NVfFXXXz9x5sq7r8XteOUK9kD+xWOGVW5cEFzbk5MOjiXyA+RfVBfJj45
C+ne7XToJVxnMWmk9QDppbTiTXHh0kspBpp8cfiIiorwDOSfM4axZ89fXJO2btLl
RMcRqGOFRpgAudzcqqdWEsxDCgd6V54nRtuJ82fYUUVTr6hd9xruI36km7Iyq559
pnD8JXln/okOX1umh5ALi6HQnGOOMWvUdv4pjf1nnwxkBqPmGG+C/brp1VJdzUQs
wqKKpkxhpB9PHT2VuBxx5k7p3Bx0YPbw4xCuZNEAPhF9cY22ooqRW87unROg8R+O
HcvoeGKQ8Apya55LdTHljO4Rbcw0nvhfzLShnXgqMeynFZFQBEUdf8HRzsDjiieQ
kk1sauSxABo/KR8ZL49WVvo/Y12y+k8+rly2jMz+jNCTUsW4K31HrjqbgbVNJ5WM
LwhRHgsM/5c/9FDtW2/i+02sBiMB6NF6iUdW7ZtvEn7cqc337cPXs2LpEj9hSJGw
+NyfrF7ikYJkoqIPPjjryCNoyVhOYDBh1SxTbrx8KX2ZEIbt31UuX1587bU84U3U
t089z6RZM8F1CCMmDE+U3nln9QvP80tkR4On1EwVFjeBpu+31774XNFF5znlDVnF
c4cdVnbr9KZdO2OW+Nejl7rgsRCdtvRSdD7B+lR6KVj1wZBfVVX9pk0lN99shvrc
eecIDxvQv2DiBBQLP89mVK+lxfzyff119ZrVhePHG6UUf7fMRPcdPrhoyuQqHFZM
6g1lw6t+4QXUF/KG8KGK5cu4Cqz4iDFFuqSJ+K/axZXJe37D9QQppXHoNHK9wq3+
iy+Iy8eTZjrffWIk93N3XsP3IJwOHIAXrmLRwvrPPmOGdOSLd/oEfx2L+eadeWZ4
gSFQxn91/PG4ieJOjxHKxlHxyMNm0tp+/dyFU91m2tvCh8zU7ThfnELAG26xSHPq
6EWV3X03sTpxFhzjcCZcESdGx859O849mfhdzz+f6XwJ3FoMC/x8jNOyurpx5w6c
seSiZLHmSEMeTpvj26a3esD+qIKSm2YQu4WLkvacqq5qD9ZLOMOJHF7xpJlR6ZTT
ocW7YWVNxfRThwkf462XMMa8M6K+rWNcEQHUdf8DyCxadtfc2nfeMbeQEjcOY178
ymzZgoxEzPOV6dQCQ3IINxdNF1Fk3kMOJ8HpbqJGXYuSm7XRjzuWwbuqvzzV8PXX
cY0WJcxZJ0Yn0FJU2PD5FkLyMvf9bSbJ8ULziLLIKn5gBtN1Gr/8PObP7l+JXso/
fUR0kl3wqfRSF0BO2SWkl1KGMkUF8aPIskh5p5/W6Ve/XWng0CDNHasnMTHXGlrm
Jwq3Bt1uxp6NWEqo98+cJWack9SBPEgIMPrxzG8pGHs+UX/0rUkaTlSY1ScjYD3U
xY/Rbe30A9xuvL3TROUdPQzJZwL80jMTI0pt4LGhQ0+0m8ns5+xauey0DY6xQSF0
Mg4cgA4kxJ+B/yhXd34ETGL5cPV4l5+RQYVWrVljlGo8/SRqCv8G8TxGOXveYJ8M
arbk1lsT6GfTQmo3bqS/7l1y715IKfrxyBvnnSa/jQQqmT07+4TjvVnZdde3T/bx
w2vWrvWvWpO3zS4BZUt0U9m8e/EM0A31n2Elxk3Zd2dthNY0M+6mk0cSbFbP/Jyi
[...]
I1Kll7C6vVnLdjmFXA6Y0TUpk8US7r1wyPjCgaN65xaMGjtZ0ZCcDk2dMQ+NcPv2
HaneN7P8JEACJEAC8SGAmQsrP/5k1JiJ6GWcOiB1PL6mYwZE1575uf1HZ3hHz9vP
ZAKDR03pndu/d04/fb2EM2HqderWJ5M58t4zmQCWAA4YPqFXTmHPPn0nf6TayEzR
LbVt32XqRzPj08uyJCRAAiRAAilN4K+//trw3Q+jx04YPLx45lzPG6mLDmvQ0NHt
O2f1yhuYyR097z2TCWCB+tCRk5q1aDd89ATRLmwDqvElnDBwyKgmzdtkZdPxA4eY
Mo/AgGIsAcR0hdbtOvcfOFxvgrjRiJq2aPP12vUp3T2z8CRAAiRAAnEg8Pff//v1
102TpkzPziscN2m6+qO4reUnIidMmdktK6dDl17Z/bjfZuYZORm/Oh0LLoaPmdqu
Y7eWrTskdJqSQC/BqX+rtp2aNm/TK29QJgtQ3nvGEdgllvILh7Vu1wXdCToV0cF4
DRiNqEXr9j9s/CkOfS3LQAIkQAIkkLoENv2+efqsuVm984oGj5w+e5HXLklOj++A
RYNGNG/VHjOJsgvoW5ySKYMIQCzBzUPnbr2bNG+NwSG5XdiGE+glnDNi9IQmzVpD
MnGUKeM0Q6Z+e0ArKho6IbffYHwsaNWmIzw9+PmAV9KIiieiEUEycZQpdW0UlpwE
SIAEkksAPh5++XXTlGkzO3Xp0Su778Qps3z2Teiepkyf27NPPkxGjjLRxsscAlht
MWTUpI5depbU/M7d3Xg/TqyX0Bqz8/vD2kOm+AJB9w+ZU58y804xmbX/kLHwLNms
ZdumLdpiOayf2eHiK0XOP41o6kez6P4huTYHr04CJEACKUcAuy19tXbdwMHDW7bp
0LlbL7ggcmPkiT5IERg9bkrHLlkw81q379Izp4juHzLT+Mmcuy4aNqFg4MiWbTqi
zjdv1c7l6vTEegltDCO2PXrllkimZq3hMa9LVl52Afc4y6BRy4xoRQOK+w0aWzCo
uFdOQat2nVHVsegoO6//R7MWKroZ94dKGlHvPKMRwY0KnIz/uZX7MqWcxcICkwAJ
kEDUBPCJbd36DcVjJ2LaHL5cQ9sMHzUeM73dd0DqlPgsjsXuWMVR0vE1b9OuEyy+
gdyXKSMsn4yaRjSgxONx36IRxrDSLkXTduzEj9StQxx1pZeQeu6iFVhZaFh7Jf83
b92qXZdO3bOzsguxtAkrBbGzbU7hKOOzRG4RfVNSTcWSwICSUqGWooqiM8BgaU7h
8Oy+Q3rlFHXrmde2QzeMKRmVHJ8c8voN9Dk1XDQzIwDJVKoRNWud169o5uz5n3/x
9Q8//vT75i1bt27bsWMnHB9h0kXUHTKvRwIkQAIkkDwCeO3j386df23bvh0b0f7y
y2/frNuwdPnHkEndsvo0a1HSN2HKQ5fuvUcWTwpQLBndEyQTBqw6dO4hzDwsamrf
KQvexnvmDOiTPwRfyXf1mKN2G3i7OlMqChKIGwFJgJSYebnQJgXD+uQPysou6NSt
d/OW7UQNx4KL8ZNnmOw0xU+3eglZzF+yCl8gcAFxMQZIIC0JtO/UHfvMzl24XNFy
tA+NGD2RjSgtqw1vigRIgATCI4DpQzn5RROnzsanN+0OSH3ilI/m9sktwOfC8O6C
OZNAHAj0zO47c+5idXMwHfWgl4wz8VVjwJBRbdp3icMNswwkECSB5m2glFC9gx1W
MjU5/JyzYBmcsbARBfnsds0WZoYkQAIkkG4EMJ2nbSfImDETpgU+rGTtniDG4KMc
ziTgoCjdSLKbyHgCGKGFdxNPw0qijXjWS+LMKdPnDR05DnOWMNEVY7ht2nVu0bpD
yXSm5m3YxkggvgSalyxMQkVFdYViwURwVOD8gkGozHATFN53O9Fw5AD2ZcdA1p5G
1L4zNgEo8TPBRpTxr/X4tiA+GhIggTAINC/pmDALDuoIS4m6dO8DjQSP4WMnfIQP
4f794Mldj5vwrHlLoNDgbbx3TgEmAaJIKBiKB4sTKzL4giKB+BJo3ga1FMOk/zSl
3qjD/QcNHzPe1xcHfb3kpr0xDQmQAAmQAAmQAAmQAAmQAAmkLgHqpVWp+/BYchIg
ARIgARIgARIgARIggVAJUC9RL5EACZAACZAACZAACZAACZCAPQHqJXsuoYpUZk4C
JEACJEACJEACJEACJJASBKiXqJdIgARIgARIgARIgARIgARIwJ4A9ZI9l5QQuywk
CZAACZAACZAACZAACZBAqASol6iXSIAESIAESIAESIAESIAESMCeAPWSPZdQRSoz
JwESIAESIAESIAESIAESSAkC1EvUSyRAAiRAAiRAAiRAAiRAAiRgT4B6yZ5LSohd
FpIESIAESIAESIAESIAESCBUAtRL1EskQAIkQAIkQAIkQAIkQAIkYE+AesmeS6gi
lZmTAAmQAAmQAAmQAAmQAAmkBAHqJeolEiABEiABEiABEiABEiABErAnQL1kzyUl
xC4LSQIkQAIkQAIkQAIkQAIkECoB6iXqJRIgARIgARIgARIgARIgARKwJ0C9ZM8l
VJHKzEmABEiABEiABEiABEiABFKCAPUS9RIJkAAJkAAJkAAJkAAJkAAJ2BOgXrLn
khJil4UkARIgARIgARIgARIgARIIlQD1EvUSCZAACZAACZAACZAACZAACdgToF6y
5xKqSGXmJEACJEACJEACJEACJEACKUGAeol6iQRIgARIgARIgAT+v70775qquvMF
3sY2aZJ4V8z9qzvdHfMebsek7393dfdad627+radOAIyzyoIKgoIMsgk8yQQkVkQ
EJBJQVBQDFMUO63m7fTPdWT3tmpTdZ6hzFPUx+XK2k+d395nn09VKvXNOWcfAgQI
ECgLyEtll64IuyZJgAABAgQIECBAgEBHBeQleYkAAQIECBAgQIAAAQJlAXmp7NLR
kGpwAgQIECBAgAABAgS6QkBekpcIECBAgAABAgQIECBQFpCXyi5dEXZNkgABAgQI
ECBAgACBjgrIS/ISAQIECBAgQIAAAQIEygLyUtmloyHV4AQIECBAgAABAgQIdIWA
vCQvESBAgAABAgQIECBAoCwgL5VduiLsmiQBAgQIECBAgAABAh0VkJfkJQIECBAg
QIAAAQIECJQF5KWyS0dDqsEJECBAgAABAgQIEOgKAXlJXiJAgAABAgQIECBAgEBZ
QF4qu3RF2DVJAgQIECBAgAABAgQ6KiAvyUsECBAgQIAAAQIECBAoC8hLZZeOhlSD
EyBAgAABAgQIECDQFQLykrxEgAABAgQIECBAgACBsoC8VHbpirBrkgQIECBAgAAB
AgQIdFRAXpKXCBAgQIAAAQIECBAgUBaQl8ouHQ2pBidAgAABAgQIECBAoCsE5CV5
iQABAgQIECBAgAABAmUBeans0hVh1yQJECBAgAABAgQIEOiogLwkLxEgQIAAAQIE
CBAgQKAsIC+VXToaUg1OgAABAgQIECBAgEBXCMhL8hIBAgQIECBAgAABAgTKAvJS
2aUrwq5JEiBAgAABAgQIECDQUQF5SV4iQIAAAQIECBAgQIBAWUBeKrt0NKQanAAB
AgQIECBAgACBrhCQl+QlAgQIECBAgAABAgQIlAXkpbJLV4RdkyRAgAABAgQIECBA
oKMC8pK8RIAAAQIECBAgQIAAgbKAvFR26WhINTgBAgQIECBAgAABAl0hIC/JSwQI
ECBAgAABAgQIECgLyEtll64IuyZJgAABAgQIECBAgEBHBeQleYkAAQIECBAgQIAA
AQJlAXmp7NLRkGpwAgQIECBAgAABAgS6QkBekpcIECBAgAABAgQIECBQFpCXyi5d
EXZNkgABAgQIECBAgACBjgrIS/ISAQIECBAgQIAAAQIEygLyUtmloyHV4AQIECBA
gAABAgQIdIWAvCQvESBAgAABAgQIECBAoCwgL5VduiLsmiQBAgQIECBAgAABAh0V
kJfkJQIECBAgQIAAAQIECJQF5KWyS0dDqsEJECBAgAABAgQIEOgKAXlJXiJAgAAB
AgQIECBAgEBZQF4qu3RF2DVJAgQIECBAgAABAgQ6KiAvyUsECBAgQIAAAQIECBAo
C8hLZZeOhlSDEyBAgAABAgQIECDQFQLykrxEgAABAgQIECBAgACBsoC8VHbpirBr
kgQIECBAgAABAgQIdFRAXpKXCBAgQIAAAQIECBAgUBaQl8ouHQ2pBidAgAABAgQI
ECBAoCsE5CV5iQABAgQIECBAgAABAmUBeans0hVh1yQJECBAgAABAgQIEOiogLwk
LxEgQIAAAQIECBAgQKAsIC+VXToaUg1OgAABAgQIECBAgEBXCMhLg5CXPrn2+eHj
727bse+VletnzZ4/fsqM4aMnPTx87L89NOLfH3niocfHjB4/beK0mbEpCqIsii9f
vdkVnw+TJECAAAECBAgQINDLAvJSP/PS9ZtfHTp2ZtmqDROmPvPgwyMjGvXp3+gS
HaN7DBJD9fJH0LETIECAAAECBAgQGLIC8lKf89KZc5eWrdo4cszkPgWkFsUxVASn
GHbIfkpMjAABAgQIECBAgEBvCshLdfPSjc//dODwiWkzZrdIPgPcFIPHLmJHvflZ
dNQECBAgQIAAAQIEhpqAvFQrnOw7eGzSkzMHGIdqdo8d7T14bKh9UMyHAAECBAgQ
IECAQA8KyEtt8tLZC5efeW5e66jzyIhxcWrot4+NTmWxusM7p8+nP6Nx9MTZWAci
vfJgu/udZjw3L3bdg59Ih0yAAAECBAgQIEBg6AjIS7fNS9c+/eLVda/95tFRKeQ0
NEZPeHLl2i3HT58/+PapVBZB6JUV667+4T/jPc7r48/rn3356totaXGIWDrvxflL
YpC8LG/HmFEf0xg6HxczIUCAAAECBAgQINBTAvJSOS+dv3hlytPP5ekltSPnzFmw
9O133qtuNDp09HQ6sxQJZ+e+w+kDlLpEI724/63jscJ4tSnqDx45+faJszFgDJvX
p3ZMIyaTumsQIECAAAECBAgQIPCdCchLhbwUtw89OnJ8SiypEZFm4dLV5y9dTW/P
6bMXU/iJBy5FiEqbopE6RiN//cSZC2n86B5X7sXWGDYGL6amKN574Gg+gjYBAgQI
ECBAgAABAt+BgLz0rbwUp4zWbtxevLloxrNz3zv/cf6WXPrkD0+MnVKFoog9R0+e
y7dG+3Z5KTZFZIq7nqqCGOSDj65VfWMXsaO8Y9WOKcXELJ3XIOxPAgQIECBAgAAB
Ah0VkJf+Oy/duPnVoqWrm7PK8NGTdmVX2VXvRzxk9umZL34TZh4eGY+dbX6f8qGa
t8YKEOmup6nTn4+7m1JN7O7xURPz7lU7pufhtklJgwABAgQIECBAgECnBeSlb/JS
5JD5i1c2R5RZs+fHeaTmt2HDlh2peMvv9jQXxCupIBrFgtd3HUg1azZuz2s+/Pj6
9Flz0tbUiEmKTDmUNgECBAgQIECAAIHOCchLX+eluM6t+cxSXAK3ev3WOOnUrB+3
LaVTQy8tXN5cUL2SQk40blezaNmaqizuXIqL9PKyyEWr1m9tvjgwbnNyYV4OpU2A
AAECBAgQIECgQwLy0td5aX12sqhKL1+vdLf3UBE9ElRaOi9uPbp89WaxLF6sk5d+
f/0/xtxaUnzyU882x7OYRspmacD1m1+/3U69ToAAAQIECBAgQIDAYAnIS3/ad/BY
wzmc+LNFIMkvoovFxFu8EyneRKNFWSwUkSawY89bzZWx5nhasrwaM+pj2s2VXiFA
gAABAgQIECBAYBAFej0vxaON0tLeebyJp8ouW7Wxeuxszh2vjLy1Jt6L81/JNzW3
8wGbt+avzH15WVUcg1+58cd8U9XeuHVnylRVZUzbc5maobxCgAABAgQIECBAYBAF
ejovXfv0i6nTv/VQ2sgkeSwZO/Gphkcqbdm+u4orcY1c/iCm4ltSPy/FUOmiu01b
d+ajffT7TxcsXpnPKg0blwXGIeTF2gQIECBAgAABAgQIDKJAT+ellWu3pOxRNVat
ey1WBh8xelJ6PYJKxJVqibwIJ6PGTa02LV6+tu3bkAaJRtvipa9uqOpjF9Xa4rG7
Tdt2Fk9/pZFXrtncdmQFBAgQIECAAAECBAj0T6B381KscRdL0qXgEY2nZ82pluqO
UzpzFyzNN8WzZddtfj2WXqhejI4XLl1tK56P0Lb4wkfX0nx27z/yu51vpmxWjRPL
Qrx56J2GRcajy6n3Pmw7uAICBAgQIECAAAECBPoh0KN5KdbjTk+brdJIPB82HnmU
C+5/6/jIMZPzzJMumXtx/pK88nbtvO/tavLXY9iqS9pR9Wcs9hArm1c3U8Uk4/m5
+chxIJYXzxm1CRAgQIAAAQIECAyWQI/mpb0HjuaRI9q79h9pNo3FvuMKvYa16aI4
Htb0ybXPm+sbXsl30bCp+c84v5RWfUgdY9mJeDE25fUx1VRQNeJw8gJtAgQIECBA
gAABAgQGRaAX81JcdDd+yow8csx4dm4LzViG7oWXljSsuPDQ42MWvrLqndPnW3TM
d3G7sohku988Mmv2/IhGeX20n5+76My5S8WOM56blxfH4VRXEhaLvUiAAAECBAgQ
IECAQP8EejEv7fn2yaW4Bejshctt+SZOm5lHlNQeM/GpV9duOXbyXHNiSTXRaBg/
bn/63a4Ds+ctbj55VfWKCNTQJf8zJpxudqrq46DyAm0CBAgQIECAAAECBAYu0It5
adqM5/MkExfXtXW8ePlGOv8z64UFDfcXVaPFmhAzZ8+PG43ierkTZy7EjUb5Xk6+
+8Heg8c2vPZGPLVp9Php+abUjhuTXlq0Iv3ZcBlewyRj2qkyGtNmzG4o8CcBAgQI
ECBAgAABAgMU6Lm8FLkljxlxlqbOSnfplqHHnpgQ55FiAb14gOy4ydPzofrdjlNM
s+ctirXvYhnxGze/Sss57NjzVot3N6bdcIopDq1FvU0ECBAgQIAAAQIECPRVoOfy
Ujw3KQ82cxa8Uods4a2TOXFPUV4fi5Kv3rAtHnqbzj7lg7dux1Oe4mzSnjffjluY
8jHn3FrKfP6iFfnrze2YfL6LxcvWNNd4hQABAgQIECBAgACBfgv0Vl6KEzixbnie
MQ4dPV3HbsLUZ6peW7bvLtbHGadYfzxuZIqVG8ZOfKrhzE/0jUAVl+FNf3bukhXr
3th76L3zHxfHiRe37dhX7WvspKdvV1O9HpPPjyUOrXrQbetethIgQIAAAQIECBAg
UFOgt/LSoWNn8oAxcuyUuP6trdSVG39Mp4+On3q/bX0URG65fPVmvq/6SSZdMRgr
8sUgLXYXk49DyPcSB9ii3iYCBAgQIECAAAECBPok0Ft5admqjXm6WLFmcx2sWDS8
6hWpKbJTnS5VTb6v+r2uffpFOj119MTZ1h3jEPK9LFu1oXW9rQQIECBAgAABAgQI
1BforbyULqurMkbbNFI5xroLVX1caFdfNirzJNOnjrGYeNV3+xv7W3eMQ8j3EgfY
ut5WAgQIECBAgAABAgTqC/RQXopr29JldZEx4oGzcSanjtTKW+dwnn3x5Tr1qSZP
MunFOo1YVaLqGyfEWtfHIcSBpB3FAba+hK/1aLYSIECAAAECBAgQIJAL9FBearh5
KZ6VlEO0aM99eVkVSGKphhZlzZtSjIlG89YWryy/dd3gCy8taVFWbZr5/Ev5jtzC
1FZMAQECBAgQIECAAIGaAj2UlzZv25XnilXrt9Y0enrWnKrjhi07anapyvLd9alj
mmo8WrdtxziQfEfRt20XBQQIECBAgAABAgQI1BHoobyUnqFUpYtd+w7XAYqaWNe7
6vJGywfINo+Wx5jmrS1e2XPgaNV31PhpLcqqTXEg+Y7iMNt2UUCAAAECBAgQIECA
QB2BHspLDdetnThzoQ5Q1KRHNh08crJml6osjzF96nj41rrnDw8f27ZjWn+82l0c
ZtsuCggQIECAAAECBAgQqCPQQ3kpLTpX5Yr66yKk1b1rPnwpufc7L+UR6Hq7J0TF
geQ7isNME9AgQIAAAQIECBAgQGAgAj2Ul4aPnpRyxW8eHVVTLZ4zm3qdOXepZq+q
LHWMRp86nr1wOfX95NrnbfvG4aT6OMy29QoIECBAgAABAgQIEKgj0EN5Ka5tS6Ei
LrGroxM1EVdSr3ff/6hmr6osdYxGnzpe+Oha6lsnL+VRsM4lfH2ajGICBAgQIECA
AAECPSvQQ3kpJZA7vtGzn2YHToAAAQIECBAgQGBwBeSlEXdefBrcj4jRCBAgQIAA
AQIECPSsQA/lpfx6vDsvI6Ujcj1ez/6X2YETIECAAAECBAgMukAP5aX8Jp+ULu68
hvUeBv2/JAYkQIAAAQIECBDoWYEeyksN64l/fOWzmu/6n3k98c++bD3POJA89VlP
vDWXrQQIECBAgAABAgTqC/RQXmp4Xm0846gmU3pe7YHDJ2p2qcryGNOnjul5tb99
bHTbjvnDmmKPnlfbVkwBAQIECBAgQIAAgZoCPZSXFi5dnQeYXfsO1zQaO+npquMb
e96q2aUqy3fXp457Dxyt+o4aN7VtxziQfEdxmG27KCBAgAABAgQIECBAoI5AD+Wl
zdt25bli1fqtdYCi5ulZc6qOG7bsqNmlKst316eOaarTZjzftmMcSL6jTdt2tu2i
gAABAgQIECBAgACBOgI9lJcOHTuT54qZs+fXAYqauS8vqzouWbGuZpeqLN9dnzou
X7Wx6vvCS4vbdmy4zjAOs20XBQQIECBAgAABAgQI1BHoobwU6yI8+PDIlGEeenzM
tU+/qGO0cs3mqtezL75cpz7VpH1FI71YpzF73qKq77JVG1rXxyHEgaQdxQFevnqz
dRdbCRAgQIAAAQIECBCoKdBDeSlEJkx9JkWLaBw9cbYO0449b1W9xk58qk59qsn3
lV6s00hL+W17Y3/r+jiEfC9xgK3rbSVAgAABAgQIECBAoL5Ab+WlOF2Tp4sVazbX
kXrn9PmqV5y9uXLjj3W6VDX5vur3ilNGaQXzt9slujiEfC9LX21zPqr+NFQSIECA
AAECBAgQINBbeanhFqaRY6fcuPlV2w9BZKR0Id/xU++3rU8FeZJJL7ZtpPXBH3xo
ROuL62LycQj5Xty81JZXAQECBAgQIECAAIH6Ar2Vl65/9mV6mFIVM2oGjHQh35bt
u+vj5kmmfq9tO/ZVHWMd89a9Dh09ne8iDi0OsHUXWwkQIECAAAECBAgQqC/QW3kp
XBYtW5NnjDkLXqmDlZ7dFCsx1Km/fvOrODWU76h+kpm7YGnVcf6iFa33FZP6En50
AAAQeklEQVTPdxGH1rreVgIECBAgQIAAAQIE+iTQc3npxJkLecaIC+3OffBJW7Jd
+49UvR57YkJkoeb6j37/6ZuH3nl13WuzXlgQ54XSDUhpX/HK6PHTZjw375WV69/Y
e+i98x83DxKvxCV2w0dPqnrFOhPFmurFmHa6SrCqj0NrUW8TAQIECBAgQIAAAQJ9
Fei5vBRAU6c/n2JMNBYsXtlW7eLlGymcHDt5LtWfPntx9YZtU6c/l7bmI7dujxgz
+aVFK/a8+fbvr/9HGjAGT70ufHQtvd7cWLDk1VQZjTpPtm0exCsECBAgQIAAAQIE
CLQQ6MW8tOfA0TxpxJmfsxcutzCqNkUgqXotX70pziZt2rpz3OTp+Tj9bv/2sdFx
mV+cnopr9tIKfpOenNliSjHhhlNYcVAt6m0iQIAAAQIECBAgQKAfAr2Yl+KCuvSA
oyrkxGVybe02bNlRFcfzYX/z6KjmdPTIiHGzZs9fvX5rXLwXl8adv3Q1r4lV7/Ye
OLp+y44XXlryxLip+abUjivxYpDqzzUbtrWYUkw49YpGJLfiVYItRrCJAAECBAgQ
IECAAIG2Ar2YlwKl4RRTRI4IOa2x3vr2YnQprsTdSqvWvXb89PnmxJJqotEw+PmL
V+JZtM/NWViMXlF/8MjJhi7pz923bqZK4zu5lHA0CBAgQIAAAQIECAyiQI/mpRuf
/+mpmS+mvBGNOLfz4cfXi7KRbeKkUDwNKa9/ePjYxcvXxlmjYpfqxbz+dmWfXPt8
595DM56d2zB+/Pn83EVnzl1q6Bh3UqUFIarxn3rmhTichjJ/EiBAgAABAgQIECAw
cIEezUsBd+q9DxtuAZo+a07DOaJYiSHOHcX9RXnyiXas7nC7Be7ytyTvlb9ebB89
ea550Yh4Zd7Ly9LCDzG9mGQ+bBxCHEhxQC8SIECAAAECBAgQIDBAgd7NSwG3cs3m
PHtEO9JRAt3/1vGRYybnBaPGT4v1xKtXlqxYlypv18j73q4mvb505fqq/tGR40fc
WlK8eiUCW0zsyo0/rlq/NR8z2nEIaQQNAgQIECBAgAABAgQGV6Cn89K1T7+Y8vRz
eQKJq+B27Tscy9+lh8ZWWyPDbNq2M+q3bN9dvRL3HV24dLX1m5GP3Lry/YtX0o1M
sfLe1T/85+Ztux4fNTEfIf5suGYvJh9Taj2yrQQIECBAgAABAgQI9Fugp/NSqMW9
SWlJuiqcxBVukY5SUIkr4hYtWxMJqiKOJDNy7JRqa1wp19o9DRKN1pUpnsUZrTiP
VBVfvnozTivFcnz5OKkd047Jtx7WVgIECBAgQIAAAQIEBiLQ63kp7PYdPNZw3iZl
kglTn3nn9PkG39d3HagKotfh4+82bM3/TONEI3+9of32ibNpAjt2H2zY+sFH12JF
h3yoaEd9TLuh0p8ECBAgQIAAAQIECAyugLz09cpy6zb9riGQxJ/xDNni1W43bn6V
ruIbNW5qLHB3u7ckH/N2NbGkxOgJT1aVk56cFYM3VEY8a14HYs3G7Q1l/iRAgAAB
AgQIECBAYNAF5KWv81Ksx71w6eo83kQ7zuHE+goNK+ZVb8DpsxfT7UYLFq+83buS
D3i7mrTfCEXxEKe8LHYd1+OlU09ptHkLl1tAPIfSJkCAAAECBAgQINAhAXnp67wU
/0Y4mb94ZcokqRFPRio+l2nDlh2p5vWmi+iqMVNBNIrv3/Y39qeaFd9e6S52GrtO
W1MjwlIxwhXH9yIBAgQIECBAgAABAgMRkJe+yUuBGNfCLWo6yxRBJRam273/SINy
hJb0xNs413SkdCNTCjnRaOgef0aXdJKqYaW72F3D4njVUDE9YalZ0isECBAgQIAA
AQIEOiQgL/13XgriuM5t7cbtzZfARVx55rl5Zy9czt+GS5/84Ylba+XFanXHT72f
b412i7wUl96ldfliwb1Y1KHqG7uIHeUdq3ZMKSbmMrwGYX8SIECAAAECBAgQ6KiA
vPStvFRZ7z14LF9SPKWXOB0UZ3jOZ49dihuZ0nrfkX+OfTsypY7RyN/FKEthKbpX
S/DF05xi8HTGKe8bk9l74Gg+gjYBAgQIECBAgAABAt+BgLxUyEvhHo82Sovg5dEl
2vGApjkLlh49cbY623Po6OnfPja6qonwky/znXdM7+WeA0dTfaSjg0dOxlAxYAyb
16d2TMNzlpKeBgECBAgQIECAAIHvUkBeKueleA9iMfFX171WPOFThZkxE558de2W
uLLu4NunUllcOLd89abrn30ZI6TME434M15cvmpjutgvAtKL85fEIHlZ3o4xY/zi
mubf5UfEvggQIECAAAECBAj0rIC8dNu8VH0mbndDUR5s4nq5J2fMTmeNYtPkp549
+e4HeU08lHbc5OnplZSa0isNjRlNt0v17GfUgRMgQIAAAQIECBD4cwnIS23yUvXG
xFV2k56c2RBpOvRn7ChuoPpzfSDslwABAgQIECBAgACBJCAv1cpL4RV3Kx04fGLa
jNkdikkxbAweu7AIXvp0ahAgQIAAAQIECBD48wrIS3XzUnqf4kK7RcvWPPbEhMEK
TjFUDBjDpl1oECBAgAABAgQIECAwFATkpT7npepti8UbDh07s2zVhglTn3nw4ZF9
zU5x/1J0jO4xSLU4xFD4NJgDAQIECBAgQIAAAQK5gLzUz7yUI3585bOIPZu27lz4
yqpnnn9p/JQZw0dPSs9limXuHh81MV6MTVEQZVEcXfIRtAkQIECAAAECBAgQGIIC
8tIg5KUh+L6aEgECBAgQIECAAAECAxeQl+QlAgQIECBAgAABAgQIlAXkpbLLwJOo
EQgQIECAAAECBAgQ6HYBeUleIkCAAAECBAgQIECAQFlAXiq7dHsONn8CBAgQIECA
AAECBAYuIC/JSwQIECBAgAABAgQIECgLyEtll4EnUSMQIECAAAECBAgQINDtAvKS
vESAAAECBAgQIECAAIGygLxUdun2HGz+BAgQIECAAAECBAgMXEBekpcIECBAgAAB
AgQIECBQFpCXyi4DT6JGIECAAAECBAgQIECg2wXkJXmJAAECBAgQIECAAAECZQF5
qezS7TnY/AkQIECAAAECBAgQGLiAvCQvESBAgAABAgQIECBAoCwgL5VdBp5EjUCA
AAECBAgQIECAQLcLyEvyEgECBAgQIECAAAECBMoC8lLZpdtzsPkTIECAAAECBAgQ
IDBwAXlJXiJAgAABAgQIECBAgEBZQF4quww8iRqBAAECBAgQIECAAIFuF5CX5CUC
BAgQIECAAAECBAiUBeSlsku352DzJ0CAAAECBAgQIEBg4ALykrxEgAABAgQIECBA
gACBsoC8VHYZeBI1AgECBAgQIECAAAEC3S4gL8lLBAgQIECAAAECBAgQKAvIS2WX
bs/B5k+AAAECBAgQIECAwMAF5CV5iQABAgQIECBAgAABAmUBeansMvAkagQCBAgQ
IECAAAECBLpdQF6SlwgQIECAAAECBAgQIFAWkJfKLt2eg82fAAECBAgQIECAAIGB
C8hL8hIBAgQIECBAgAABAgTKAvJS2WXgSdQIBAgQIECAAAECBAh0u4C8JC8RIECA
AAECBAgQIECgLCAvlV26PQebPwECBAgQIECAAAECAxeQl+QlAgQIECBAgAABAgQI
lAXkpbLLwJOoEQgQIECAAAECBAgQ6HYBeUleIkCAAAECBAgQIECAQFlAXiq7dHsO
Nn8CBAgQIECAAAECBAYuIC/JSwQIECBAgAABAgQIECgLyEtll4EnUSMQIECAAAEC
BAgQINDtAvKSvESAAAECBAgQIECAAIGygLxUdun2HGz+BAgQIECAAAECBAgMXEBe
kpcIEBgEgdNnP1y4ePnDjw7/h1/+6v77f3HfT396zz3f/wv/ECBA4DsUiK+d+PKJ
r6D4Inrk0eGLXllx9sLHA/+pZAQCBHpcQF4ahF+KPf4Zcvg9LnDh0pXRYyf89d/8
7K+GDYsfK3fffff3vve9u+666zv8jWRXBAgQ+EYgvnziKyi+iOLraNiwYX/7d38/
bsLk+Jrq8S9qh0+AwEAE5CV5iQCB/guceu+DXz7w6x//+N74geL3GgECBIaaQHw1
3XvvvQ/86h/jy2ogv5b0JUCglwXkpf7/Uuzlz41jJxAC1z794v/807/E/4P7F84m
DbUfieZDgEASuOuuYcN+GF9W8ZXlq5sAAQL9EJCX5CUCBPopsG7jaz/5yU9cepd+
lWkQIDA0BeJrKr6s4iurH7+TdCFAgIC81M9fij46BAj8v3/9t3vuuWdo/jwyKwIE
COQC8WUVX1m+twkQINAPAXlJXiJAoJ8CP//5/W5byn+QaRMgMGQF4ssqvrL68TtJ
FwIECMhL/fyl6KNDgMCPfvQjF+MN2V+HJkaAQC4QX1bxleV7mwABAv0QkJfkJQIE
+inw8/t/4fxS/oNMmwCBISvg/FI/fiPqQoBAJSAv9fOXog8QAQL/+v//3f1LQ/bX
oYkRIJALuH/J/2YRINBvAXlJXiJAoJ8CGzZv/8l997kkL/9Npk2AwBAUsD5ev38m
6kiAQAjIS/38pejTQ4DA9c++/Od/+b/DfvhDz18agj8QTYkAgW8Evn7+0jDPX/K/
WQQI9FtAXpKXCBDov8C75y7+6tf/+957/4cbmfw2JUBgCArEV9OPf3zvLx/49an3
Puj3TyUdCRDocQF5qf+/FHv8o+PwCVQCFy9fHz9xys/+9u/i/8G95/vfv/sv/zJ+
oHx9kV786x8CBAh8twLx5RNfQXffffc993z/r4YN++u/+dnosRMuXLriG5sAAQL9
FpCX5CUCBAZB4L3zHy1euvKRx0Y88Kt/vP/+X/z0p//zBz/4wdepyT8ECBD4rgRi
UYf77rsvnrP0v/7hgUceHb5wyfLTZz/s9y8kHQkQIFAJyEuD8EvRh4kAAQIECBAg
QIAAgTtSQF6SlwgQIECAAAECBAgQIFAWkJfKLndkOHZQBAgQIECAAAECBAj0SUBe
kpcIECBAgAABAgQIECBQFpCXyi59Cp2KCRAgQIAAAQIECBC4IwXkJXmJAAECBAgQ
IECAAAECZQF5qexyR4ZjB0WAAAECBAgQIECAQJ8E5CV5iQABAgQIECBAgAABAmUB
eans0qfQqZgAAQIECBAgQIAAgTtSQF6SlwgQIECAAAECBAgQIFAWkJfKLndkOHZQ
BAgQIECAAAECBAj0SUBekpcIECBAgAABAgQIECBQFpCXyi59Cp2KCRAgQIAAAQIE
CBC4IwXkJXmJAAECBAgQIECAAAECZQF5qexyR4ZjB0WAAAECBAgQIECAQJ8E5CV5
iQABAgQIECBAgAABAmUBeans0qfQqZgAAQIECBAgQIAAgTtSQF6SlwgQIECAAAEC
BAgQIFAWkJfKLndkOHZQBAgQIECAAAECBAj0SUBekpcIECBAgAABAgQIECBQFpCX
yi59Cp2KCRAgQIAAAQIECBC4IwXkJXmJAIHBEfj08z/Fv937RVnNv9P/yafTwsYn
0L0C3fv9YOYE7mwBeamLf97d2R9NR9dFAs2/Trpo8jHV5vl3+hU+nRY2PoHuFeiu
7wezJdALAvKSvESAQP8FWv8iGfrfoa3n3+mtfDotbHwC3Ssw9L8fzJBA7wj8Fy/k
BK8Uz5JIAAAAAElFTkSuQmCC" width="800px"&gt;</msg>
<status status="PASS" starttime="20230124 16:45:48.603" endtime="20230124 16:45:49.931"/>
</kw>
<msg timestamp="20230124 16:45:49.932" level="FAIL">WebDriverException: Message: Session not started or terminated
</msg>
<status status="FAIL" starttime="20230124 16:45:46.594" endtime="20230124 16:45:49.955"/>
</kw>
<kw name="Get Matching Xpath Count" library="AppiumLibrary">
<var>${count}</var>
<arg>xpath=//XCUIElementTypeStaticText[@name="Payment Information:"]</arg>
<doc>Returns number of elements matching ``xpath``</doc>
<status status="NOT RUN" starttime="20230124 16:45:49.958" endtime="20230124 16:45:49.958"/>
</kw>
<status status="FAIL" starttime="20230124 16:45:46.593" endtime="20230124 16:45:49.960"/>
</iter>
<status status="FAIL" starttime="20230124 16:42:21.966" endtime="20230124 16:45:49.961"/>
</while>
<kw name="Element Should Contain Text" library="AppiumLibrary">
<arg>xpath=//XCUIElementTypeStaticText[@name="SauceCard #31337"]</arg>
<arg>SauceCard #31337</arg>
<doc>Verifies element identified by ``locator`` contains text ``expected``.</doc>
<status status="NOT RUN" starttime="20230124 16:45:49.961" endtime="20230124 16:45:49.961"/>
</kw>
<kw name="Get Matching Xpath Count" library="AppiumLibrary">
<var>${count}</var>
<arg>xpath=//XCUIElementTypeStaticText[@name="Shipping Information:"]</arg>
<doc>Returns number of elements matching ``xpath``</doc>
<status status="NOT RUN" starttime="20230124 16:45:49.962" endtime="20230124 16:45:49.964"/>
</kw>
<while condition="${count}==0">
<iter>
<kw name="Swipe By Percent" library="AppiumLibrary">
<arg>90</arg>
<arg>70</arg>
<arg>90</arg>
<arg>25</arg>
<doc>Swipe from one percent of the screen to another percent, for an optional duration.
Normal swipe fails to scale for different screen resolutions, this can be avoided using percent.</doc>
<status status="NOT RUN" starttime="20230124 16:45:49.966" endtime="20230124 16:45:49.967"/>
</kw>
<kw name="Get Matching Xpath Count" library="AppiumLibrary">
<var>${count}</var>
<arg>xpath=//XCUIElementTypeStaticText[@name="Shipping Information:"]</arg>
<doc>Returns number of elements matching ``xpath``</doc>
<status status="NOT RUN" starttime="20230124 16:45:49.967" endtime="20230124 16:45:49.967"/>
</kw>
<status status="NOT RUN" starttime="20230124 16:45:49.964" endtime="20230124 16:45:49.967"/>
</iter>
<status status="NOT RUN" starttime="20230124 16:45:49.964" endtime="20230124 16:45:49.968"/>
</while>
<kw name="Element Should Contain Text" library="AppiumLibrary">
<arg>xpath=//XCUIElementTypeStaticText[@name="FREE PONY EXPRESS DELIVERY!"]</arg>
<arg>FREE PONY EXPRESS DELIVERY!</arg>
<doc>Verifies element identified by ``locator`` contains text ``expected``.</doc>
<status status="NOT RUN" starttime="20230124 16:45:49.968" endtime="20230124 16:45:49.968"/>
</kw>
<kw name="Sleep" library="BuiltIn">
<arg>10s</arg>
<doc>Pauses the test executed for the given time.</doc>
<status status="NOT RUN" starttime="20230124 16:45:49.969" endtime="20230124 16:45:49.969"/>
</kw>
<kw name="Close Application" library="AppiumLibrary" type="TEARDOWN">
<doc>Closes the current application and also close webdriver session.</doc>
<kw name="Capture Page Screenshot" library="AppiumLibrary">
<doc>Takes a screenshot of the current page and embeds it into the log.</doc>
<msg timestamp="20230124 16:45:52.199" level="FAIL">WebDriverException: Message: Session not started or terminated
</msg>
<status status="FAIL" starttime="20230124 16:45:50.930" endtime="20230124 16:45:52.207"/>
</kw>
<msg timestamp="20230124 16:45:52.211" level="WARN">Keyword 'Capture Page Screenshot' could not be run on failure: WebDriverException: Message: Session not started or terminated
</msg>
<msg timestamp="20230124 16:45:52.212" level="FAIL">WebDriverException: Message: Session not started or terminated
</msg>
<status status="FAIL" starttime="20230124 16:45:49.970" endtime="20230124 16:45:52.220">WebDriverException: Message: Session not started or terminated
</status>
</kw>
<status status="FAIL" starttime="20230124 16:40:20.349" endtime="20230124 16:45:52.221">WebDriverException: Message: Session not started or terminated


Also teardown failed:
WebDriverException: Message: Session not started or terminated
</status>
</test>
<status status="FAIL" starttime="20230124 16:40:19.869" endtime="20230124 16:45:52.224"/>
</suite>
<statistics>
<total>
<stat pass="0" fail="1" skip="0">All Tests</stat>
</total>
<tag>
</tag>
<suite>
<stat pass="0" fail="1" skip="0" id="s1" name="Demo5 Ios Nativeapp">Demo5 Ios Nativeapp</stat>
</suite>
</statistics>
<errors>
<msg timestamp="20230124 16:45:52.211" level="WARN">Keyword 'Capture Page Screenshot' could not be run on failure: WebDriverException: Message: Session not started or terminated
</msg>
</errors>
</robot>
