<?xml version="1.0" encoding="UTF-8"?>
<robot generator="Robot 6.0.2 (Python 3.11.1 on win32)" generated="20230124 11:20:03.524" rpa="false" schemaversion="3">
<suite id="s1" name="Demo3 Open Emr" source="C:\Users\40032486\PycharmProjects\robot_project\selenium_suite\demo3_open_emr.robot">
<test id="s1-t1" name="TC1" line="5">
<kw name="Open Browser" library="SeleniumLibrary">
<arg>url=http://demo.openemr.io/b/openemr/</arg>
<arg>browser=chrome</arg>
<doc>Opens a new browser instance to the optional ``url``.</doc>
<msg timestamp="20230124 11:20:03.855" level="INFO">Opening browser 'chrome' to base url 'http://demo.openemr.io/b/openemr/'.</msg>
<status status="PASS" starttime="20230124 11:20:03.855" endtime="20230124 11:20:17.735"/>
</kw>
<kw name="Maximize Browser Window" library="SeleniumLibrary">
<doc>Maximizes current browser window.</doc>
<status status="PASS" starttime="20230124 11:20:17.735" endtime="20230124 11:20:17.868"/>
</kw>
<kw name="Set Selenium Implicit Wait" library="SeleniumLibrary">
<arg>20s</arg>
<doc>Sets the implicit wait value used by Selenium.</doc>
<status status="PASS" starttime="20230124 11:20:17.868" endtime="20230124 11:20:17.873"/>
</kw>
<kw name="Input Text" library="SeleniumLibrary">
<arg>id:authUser</arg>
<arg>admin</arg>
<doc>Types the given ``text`` into the text field identified by ``locator``.</doc>
<msg timestamp="20230124 11:20:17.873" level="INFO">Typing text 'admin' into text field 'id:authUser'.</msg>
<status status="PASS" starttime="20230124 11:20:17.873" endtime="20230124 11:20:18.013"/>
</kw>
<kw name="Input Text" library="SeleniumLibrary">
<arg>id:clearPass</arg>
<arg>pass</arg>
<doc>Types the given ``text`` into the text field identified by ``locator``.</doc>
<msg timestamp="20230124 11:20:18.013" level="INFO">Typing text 'pass' into text field 'id:clearPass'.</msg>
<status status="PASS" starttime="20230124 11:20:18.013" endtime="20230124 11:20:18.195"/>
</kw>
<kw name="Select From List By Label" library="SeleniumLibrary">
<arg>name=languageChoice</arg>
<arg>English (Indian)</arg>
<doc>Selects options from selection list ``locator`` by ``labels``.</doc>
<msg timestamp="20230124 11:20:18.195" level="INFO">Selecting options from selection list 'name=languageChoice' by label English (Indian).</msg>
<status status="PASS" starttime="20230124 11:20:18.195" endtime="20230124 11:20:18.375"/>
</kw>
<kw name="Click Element" library="SeleniumLibrary">
<arg>id:login-button</arg>
<doc>Click the element identified by ``locator``.</doc>
<msg timestamp="20230124 11:20:18.377" level="INFO">Clicking element 'id:login-button'.</msg>
<status status="PASS" starttime="20230124 11:20:18.377" endtime="20230124 11:20:25.309"/>
</kw>
<kw name="Click Element" library="SeleniumLibrary">
<arg>xpath=//div[text()='Patient']</arg>
<doc>Click the element identified by ``locator``.</doc>
<msg timestamp="20230124 11:20:25.309" level="INFO">Clicking element 'xpath=//div[text()='Patient']'.</msg>
<status status="PASS" starttime="20230124 11:20:25.309" endtime="20230124 11:20:25.414"/>
</kw>
<kw name="Click Element" library="SeleniumLibrary">
<arg>xpath=//div[text()='New/Search']</arg>
<doc>Click the element identified by ``locator``.</doc>
<msg timestamp="20230124 11:20:25.414" level="INFO">Clicking element 'xpath=//div[text()='New/Search']'.</msg>
<status status="PASS" starttime="20230124 11:20:25.414" endtime="20230124 11:20:25.541"/>
</kw>
<kw name="Select Frame" library="SeleniumLibrary">
<arg>xpath=//iframe[@name='pat']</arg>
<doc>Sets frame identified by ``locator`` as the current frame.</doc>
<msg timestamp="20230124 11:20:25.541" level="INFO">Selecting frame 'xpath=//iframe[@name='pat']'.</msg>
<status status="PASS" starttime="20230124 11:20:25.541" endtime="20230124 11:20:28.733"/>
</kw>
<kw name="Input Text" library="SeleniumLibrary">
<arg>id=form_fname</arg>
<arg>hello</arg>
<doc>Types the given ``text`` into the text field identified by ``locator``.</doc>
<msg timestamp="20230124 11:20:28.733" level="INFO">Typing text 'hello' into text field 'id=form_fname'.</msg>
<status status="PASS" starttime="20230124 11:20:28.733" endtime="20230124 11:20:29.111"/>
</kw>
<kw name="Input Text" library="SeleniumLibrary">
<arg>id=form_lname</arg>
<arg>T</arg>
<doc>Types the given ``text`` into the text field identified by ``locator``.</doc>
<msg timestamp="20230124 11:20:29.111" level="INFO">Typing text 'T' into text field 'id=form_lname'.</msg>
<status status="PASS" starttime="20230124 11:20:29.111" endtime="20230124 11:20:29.352"/>
</kw>
<kw name="Click Element" library="SeleniumLibrary">
<arg>id=form_DOB</arg>
<doc>Click the element identified by ``locator``.</doc>
<msg timestamp="20230124 11:20:29.361" level="INFO">Clicking element 'id=form_DOB'.</msg>
<status status="PASS" starttime="20230124 11:20:29.352" endtime="20230124 11:20:29.571"/>
</kw>
<kw name="Input Text" library="SeleniumLibrary">
<arg>id=form_DOB</arg>
<arg>24/01/2023</arg>
<doc>Types the given ``text`` into the text field identified by ``locator``.</doc>
<msg timestamp="20230124 11:20:29.571" level="INFO">Typing text '24/01/2023' into text field 'id=form_DOB'.</msg>
<status status="PASS" starttime="20230124 11:20:29.571" endtime="20230124 11:20:29.943"/>
</kw>
<kw name="Select From List By Label" library="SeleniumLibrary">
<arg>id=form_sex</arg>
<arg>Female</arg>
<doc>Selects options from selection list ``locator`` by ``labels``.</doc>
<msg timestamp="20230124 11:20:29.943" level="INFO">Selecting options from selection list 'id=form_sex' by label Female.</msg>
<status status="PASS" starttime="20230124 11:20:29.943" endtime="20230124 11:20:30.155"/>
</kw>
<kw name="Click Element" library="SeleniumLibrary">
<arg>id=create</arg>
<doc>Click the element identified by ``locator``.</doc>
<msg timestamp="20230124 11:20:30.157" level="INFO">Clicking element 'id=create'.</msg>
<status status="PASS" starttime="20230124 11:20:30.155" endtime="20230124 11:20:30.499"/>
</kw>
<kw name="Unselect Frame" library="SeleniumLibrary">
<doc>Sets the main frame as the current frame.</doc>
<status status="PASS" starttime="20230124 11:20:30.499" endtime="20230124 11:20:30.508"/>
</kw>
<kw name="Select Frame" library="SeleniumLibrary">
<arg>xpath=//iframe[@id='modalframe']</arg>
<doc>Sets frame identified by ``locator`` as the current frame.</doc>
<msg timestamp="20230124 11:20:30.508" level="INFO">Selecting frame 'xpath=//iframe[@id='modalframe']'.</msg>
<status status="PASS" starttime="20230124 11:20:30.508" endtime="20230124 11:20:31.410"/>
</kw>
<kw name="Click Element" library="SeleniumLibrary">
<arg>xpath=//input[@value='Confirm Create New Patient']</arg>
<doc>Click the element identified by ``locator``.</doc>
<msg timestamp="20230124 11:20:31.410" level="INFO">Clicking element 'xpath=//input[@value='Confirm Create New Patient']'.</msg>
<status status="PASS" starttime="20230124 11:20:31.410" endtime="20230124 11:20:31.572"/>
</kw>
<kw name="Handle Alert" library="SeleniumLibrary">
<var>${a}</var>
<arg>action=ACCEPT</arg>
<arg>timeout=20s</arg>
<doc>Handles the current alert and returns its message.</doc>
<msg timestamp="20230124 11:20:31.572" level="INFO">HANDLE::&lt;class 'datetime.timedelta'&gt;::0:00:20</msg>
<msg timestamp="20230124 11:20:38.158" level="INFO">${a} = New Due Clinical Reminders  Assessment: Tobacco  (See the Clinical Reminders widget for more details)</msg>
<status status="PASS" starttime="20230124 11:20:31.572" endtime="20230124 11:20:38.158"/>
</kw>
<kw name="Log To Console" library="BuiltIn">
<arg>${a}</arg>
<doc>Logs the given message to the console.</doc>
<status status="PASS" starttime="20230124 11:20:38.158" endtime="20230124 11:20:38.162"/>
</kw>
<kw name="Element Should Contain" library="SeleniumLibrary">
<arg>xpath=//span[text()='hello T']</arg>
<arg>hello T</arg>
<doc>Verifies that element ``locator`` contains text ``expected``.</doc>
<msg timestamp="20230124 11:20:38.286" level="INFO">Element 'xpath=//span[text()='hello T']' contains text 'hello T'.</msg>
<status status="PASS" starttime="20230124 11:20:38.162" endtime="20230124 11:20:38.286"/>
</kw>
<status status="PASS" starttime="20230124 11:20:03.839" endtime="20230124 11:20:38.286"/>
</test>
<status status="PASS" starttime="20230124 11:20:03.524" endtime="20230124 11:20:38.286"/>
</suite>
<statistics>
<total>
<stat pass="1" fail="0" skip="0">All Tests</stat>
</total>
<tag>
</tag>
<suite>
<stat pass="1" fail="0" skip="0" id="s1" name="Demo3 Open Emr">Demo3 Open Emr</stat>
</suite>
</statistics>
<errors>
</errors>
</robot>
