<?xml version="1.0" encoding="UTF-8"?>
<robot generator="Robot 6.0.2 (Python 3.11.1 on win32)" generated="20230119 15:22:16.059" rpa="false" schemaversion="3">
<suite id="s1" name="Demo3" source="C:\Users\40032486\PycharmProjects\robot_project\robot_suite\demo3.robot">
<test id="s1-t1" name="TC1" line="13">
<kw name="Set Variable" library="BuiltIn">
<var>${my_name}</var>
<arg>Blsy</arg>
<doc>Returns the given values which can then be assigned to a variables.</doc>
<msg timestamp="20230119 15:22:16.411" level="INFO">${my_name} = Blsy</msg>
<status status="PASS" starttime="20230119 15:22:16.411" endtime="20230119 15:22:16.426"/>
</kw>
<kw name="Log To Console" library="BuiltIn">
<arg>${my_name}</arg>
<doc>Logs the given message to the console.</doc>
<status status="PASS" starttime="20230119 15:22:16.426" endtime="20230119 15:22:16.426"/>
</kw>
<status status="PASS" starttime="20230119 15:22:16.411" endtime="20230119 15:22:16.426"/>
</test>
<test id="s1-t2" name="TC2" line="16">
<kw name="Log To Console" library="BuiltIn">
<arg>${MY_NAME}</arg>
<doc>Logs the given message to the console.</doc>
<status status="PASS" starttime="20230119 15:22:16.426" endtime="20230119 15:22:16.426"/>
</kw>
<kw name="Log To Console" library="BuiltIn">
<arg>${COLORS}[1]</arg>
<doc>Logs the given message to the console.</doc>
<status status="PASS" starttime="20230119 15:22:16.426" endtime="20230119 15:22:16.426"/>
</kw>
<kw name="Create List" library="BuiltIn">
<var>@{fruits}</var>
<arg>apple</arg>
<arg>orange</arg>
<arg>mango</arg>
<doc>Returns a list containing given items.</doc>
<msg timestamp="20230119 15:22:16.426" level="INFO">@{fruits} = [ apple | orange | mango ]</msg>
<status status="PASS" starttime="20230119 15:22:16.426" endtime="20230119 15:22:16.426"/>
</kw>
<kw name="Log To Console" library="BuiltIn">
<arg>${fruits}</arg>
<doc>Logs the given message to the console.</doc>
<status status="PASS" starttime="20230119 15:22:16.426" endtime="20230119 15:22:16.426"/>
</kw>
<kw name="Append To List" library="Collections">
<arg>${fruits}</arg>
<arg>grapes</arg>
<doc>Adds ``values`` to the end of ``list``.</doc>
<status status="PASS" starttime="20230119 15:22:16.426" endtime="20230119 15:22:16.426"/>
</kw>
<kw name="Log To Console" library="BuiltIn">
<arg>${fruits}</arg>
<doc>Logs the given message to the console.</doc>
<status status="PASS" starttime="20230119 15:22:16.426" endtime="20230119 15:22:16.426"/>
</kw>
<kw name="Remove From List" library="Collections">
<arg>${fruits}</arg>
<arg>0</arg>
<doc>Removes and returns the value specified with an ``index`` from ``list``.</doc>
<status status="PASS" starttime="20230119 15:22:16.426" endtime="20230119 15:22:16.426"/>
</kw>
<kw name="Log To Console" library="BuiltIn">
<arg>${fruits}</arg>
<doc>Logs the given message to the console.</doc>
<status status="PASS" starttime="20230119 15:22:16.426" endtime="20230119 15:22:16.426"/>
</kw>
<kw name="Insert Into List" library="Collections">
<arg>${fruits}</arg>
<arg>1</arg>
<arg>pineapple</arg>
<doc>Inserts ``value`` into ``list`` to the position specified with ``index``.</doc>
<status status="PASS" starttime="20230119 15:22:16.426" endtime="20230119 15:22:16.426"/>
</kw>
<kw name="Log To Console" library="BuiltIn">
<arg>${fruits}</arg>
<doc>Logs the given message to the console.</doc>
<status status="PASS" starttime="20230119 15:22:16.426" endtime="20230119 15:22:16.426"/>
</kw>
<kw name="Get Length" library="BuiltIn">
<var>${count}</var>
<arg>${fruits}</arg>
<doc>Returns and logs the length of the given item as an integer.</doc>
<msg timestamp="20230119 15:22:16.426" level="INFO">Length is 4</msg>
<msg timestamp="20230119 15:22:16.426" level="INFO">${count} = 4</msg>
<status status="PASS" starttime="20230119 15:22:16.426" endtime="20230119 15:22:16.426"/>
</kw>
<kw name="Log To Console" library="BuiltIn">
<arg>${count}</arg>
<doc>Logs the given message to the console.</doc>
<status status="PASS" starttime="20230119 15:22:16.426" endtime="20230119 15:22:16.426"/>
</kw>
<kw name="Log To Console" library="BuiltIn">
<arg>${fruits}</arg>
<doc>Logs the given message to the console.</doc>
<status status="PASS" starttime="20230119 15:22:16.426" endtime="20230119 15:22:16.426"/>
</kw>
<status status="PASS" starttime="20230119 15:22:16.426" endtime="20230119 15:22:16.426"/>
</test>
<test id="s1-t3" name="TC3" line="31">
<kw name="Create List" library="BuiltIn">
<var>@{fruits}</var>
<arg>orange</arg>
<arg>mango</arg>
<arg>apple</arg>
<arg>pineapple</arg>
<doc>Returns a list containing given items.</doc>
<msg timestamp="20230119 15:22:16.426" level="INFO">@{fruits} = [ orange | mango | apple | pineapple ]</msg>
<status status="PASS" starttime="20230119 15:22:16.426" endtime="20230119 15:22:16.426"/>
</kw>
<for flavor="IN RANGE">
<var>${i}</var>
<value>0</value>
<value>4</value>
<iter>
<var name="${i}">0</var>
<kw name="Log To Console" library="BuiltIn">
<arg>${fruits}[${i}]</arg>
<doc>Logs the given message to the console.</doc>
<status status="PASS" starttime="20230119 15:22:16.426" endtime="20230119 15:22:16.426"/>
</kw>
<status status="PASS" starttime="20230119 15:22:16.426" endtime="20230119 15:22:16.426"/>
</iter>
<iter>
<var name="${i}">1</var>
<kw name="Log To Console" library="BuiltIn">
<arg>${fruits}[${i}]</arg>
<doc>Logs the given message to the console.</doc>
<status status="PASS" starttime="20230119 15:22:16.426" endtime="20230119 15:22:16.426"/>
</kw>
<status status="PASS" starttime="20230119 15:22:16.426" endtime="20230119 15:22:16.426"/>
</iter>
<iter>
<var name="${i}">2</var>
<kw name="Log To Console" library="BuiltIn">
<arg>${fruits}[${i}]</arg>
<doc>Logs the given message to the console.</doc>
<status status="PASS" starttime="20230119 15:22:16.426" endtime="20230119 15:22:16.426"/>
</kw>
<status status="PASS" starttime="20230119 15:22:16.426" endtime="20230119 15:22:16.426"/>
</iter>
<iter>
<var name="${i}">3</var>
<kw name="Log To Console" library="BuiltIn">
<arg>${fruits}[${i}]</arg>
<doc>Logs the given message to the console.</doc>
<status status="PASS" starttime="20230119 15:22:16.426" endtime="20230119 15:22:16.426"/>
</kw>
<status status="PASS" starttime="20230119 15:22:16.426" endtime="20230119 15:22:16.426"/>
</iter>
<status status="PASS" starttime="20230119 15:22:16.426" endtime="20230119 15:22:16.426"/>
</for>
<status status="PASS" starttime="20230119 15:22:16.426" endtime="20230119 15:22:16.426"/>
</test>
<test id="s1-t4" name="TC4" line="36">
<kw name="Log To Console" library="BuiltIn">
<arg>${Details}[name]</arg>
<doc>Logs the given message to the console.</doc>
<status status="PASS" starttime="20230119 15:22:16.442" endtime="20230119 15:22:16.442"/>
</kw>
<kw name="Create Dictionary" library="BuiltIn">
<var>&amp;{emp_dic}</var>
<arg>id=12</arg>
<arg>name=paul</arg>
<doc>Creates and returns a dictionary based on the given ``items``.</doc>
<msg timestamp="20230119 15:22:16.442" level="INFO">&amp;{emp_dic} = { id=12 | name=paul }</msg>
<status status="PASS" starttime="20230119 15:22:16.442" endtime="20230119 15:22:16.442"/>
</kw>
<kw name="Log To Console" library="BuiltIn">
<arg>${emp_dic}[name]</arg>
<doc>Logs the given message to the console.</doc>
<status status="PASS" starttime="20230119 15:22:16.442" endtime="20230119 15:22:16.442"/>
</kw>
<status status="PASS" starttime="20230119 15:22:16.442" endtime="20230119 15:22:16.442"/>
</test>
<test id="s1-t5" name="TC5" line="41">
<kw name="List Files In Directory" library="OperatingSystem">
<var>${files}</var>
<arg>C:\\Users\\40032486\\PycharmProjects\\robot_project\\robot_suite</arg>
<doc>Wrapper for `List Directory` that returns only files.</doc>
<msg timestamp="20230119 15:22:16.442" level="INFO" html="true">Listing contents of directory '&lt;a href="file://C:\Users\40032486\PycharmProjects\robot_project\robot_suite"&gt;C:\Users\40032486\PycharmProjects\robot_project\robot_suite&lt;/a&gt;'.</msg>
<msg timestamp="20230119 15:22:16.442" level="INFO">12 files:
demo1.robot
demo10_actions.robot
demo11_advance.robot
demo2.robot
demo3.robot
demo3_salesforce.robot
demo4_gotomeeting.robot
demo5_medibuddy.robot
demo6_tabs.robot
demo7_citibank.robot
demo8_frame.robot
demo9_alert.robot</msg>
<msg timestamp="20230119 15:22:16.442" level="INFO">${files} = ['demo1.robot', 'demo10_actions.robot', 'demo11_advance.robot', 'demo2.robot', 'demo3.robot', 'demo3_salesforce.robot', 'demo4_gotomeeting.robot', 'demo5_medibuddy.robot', 'demo6_tabs.robot', 'demo7_c...</msg>
<status status="PASS" starttime="20230119 15:22:16.442" endtime="20230119 15:22:16.442"/>
</kw>
<kw name="Log To Console" library="BuiltIn">
<arg>${files}</arg>
<doc>Logs the given message to the console.</doc>
<status status="PASS" starttime="20230119 15:22:16.442" endtime="20230119 15:22:16.442"/>
</kw>
<status status="PASS" starttime="20230119 15:22:16.442" endtime="20230119 15:22:16.442"/>
</test>
<test id="s1-t6" name="TC6" line="45">
<kw name="Set Variable" library="BuiltIn">
<var>${a}</var>
<arg>robot framework session</arg>
<doc>Returns the given values which can then be assigned to a variables.</doc>
<msg timestamp="20230119 15:22:16.442" level="INFO">${a} = robot framework session</msg>
<status status="PASS" starttime="20230119 15:22:16.442" endtime="20230119 15:22:16.442"/>
</kw>
<kw name="Log To Console" library="BuiltIn">
<arg>${a}</arg>
<doc>Logs the given message to the console.</doc>
<status status="PASS" starttime="20230119 15:22:16.442" endtime="20230119 15:22:16.442"/>
</kw>
<kw name="Convert To Upper Case" library="String">
<var>${b}</var>
<arg>${a}</arg>
<doc>Converts string to upper case.</doc>
<msg timestamp="20230119 15:22:16.442" level="INFO">${b} = ROBOT FRAMEWORK SESSION</msg>
<status status="PASS" starttime="20230119 15:22:16.442" endtime="20230119 15:22:16.442"/>
</kw>
<kw name="Log To Console" library="BuiltIn">
<arg>${b}</arg>
<doc>Logs the given message to the console.</doc>
<status status="PASS" starttime="20230119 15:22:16.442" endtime="20230119 15:22:16.442"/>
</kw>
<kw name="Remove String" library="String">
<var>${c}</var>
<arg>${b}</arg>
<arg>SESSION</arg>
<doc>Removes all ``removables`` from the given ``string``.</doc>
<msg timestamp="20230119 15:22:16.442" level="INFO">${c} = ROBOT FRAMEWORK </msg>
<status status="PASS" starttime="20230119 15:22:16.442" endtime="20230119 15:22:16.442"/>
</kw>
<kw name="Log To Console" library="BuiltIn">
<arg>${c}</arg>
<doc>Logs the given message to the console.</doc>
<status status="PASS" starttime="20230119 15:22:16.442" endtime="20230119 15:22:16.442"/>
</kw>
<status status="PASS" starttime="20230119 15:22:16.442" endtime="20230119 15:22:16.442"/>
</test>
<test id="s1-t7" name="TC7" line="53">
<kw name="Set Variable" library="BuiltIn">
<var>${num1}</var>
<arg>$200,100</arg>
<doc>Returns the given values which can then be assigned to a variables.</doc>
<msg timestamp="20230119 15:22:16.442" level="INFO">${num1} = $200,100</msg>
<status status="PASS" starttime="20230119 15:22:16.442" endtime="20230119 15:22:16.442"/>
</kw>
<kw name="Set Variable" library="BuiltIn">
<var>${num2}</var>
<arg>$100</arg>
<doc>Returns the given values which can then be assigned to a variables.</doc>
<msg timestamp="20230119 15:22:16.457" level="INFO">${num2} = $100</msg>
<status status="PASS" starttime="20230119 15:22:16.442" endtime="20230119 15:22:16.457"/>
</kw>
<kw name="Remove String" library="String">
<var>${num3}</var>
<arg>${num1}</arg>
<arg>$</arg>
<arg>,</arg>
<doc>Removes all ``removables`` from the given ``string``.</doc>
<msg timestamp="20230119 15:22:16.457" level="INFO">${num3} = 200100</msg>
<status status="PASS" starttime="20230119 15:22:16.457" endtime="20230119 15:22:16.457"/>
</kw>
<kw name="Remove String" library="String">
<var>${num4}</var>
<arg>${num2}</arg>
<arg>$</arg>
<doc>Removes all ``removables`` from the given ``string``.</doc>
<msg timestamp="20230119 15:22:16.457" level="INFO">${num4} = 100</msg>
<status status="PASS" starttime="20230119 15:22:16.457" endtime="20230119 15:22:16.457"/>
</kw>
<kw name="Evaluate" library="BuiltIn">
<var>${num}</var>
<arg>${num3}+${num4}</arg>
<doc>Evaluates the given expression in Python and returns the result.</doc>
<msg timestamp="20230119 15:22:16.457" level="INFO">${num} = 200200</msg>
<status status="PASS" starttime="20230119 15:22:16.457" endtime="20230119 15:22:16.457"/>
</kw>
<kw name="Log To Console" library="BuiltIn">
<arg>${num}</arg>
<doc>Logs the given message to the console.</doc>
<status status="PASS" starttime="20230119 15:22:16.457" endtime="20230119 15:22:16.457"/>
</kw>
<status status="PASS" starttime="20230119 15:22:16.442" endtime="20230119 15:22:16.457"/>
</test>
<status status="PASS" starttime="20230119 15:22:16.059" endtime="20230119 15:22:16.457"/>
</suite>
<statistics>
<total>
<stat pass="7" fail="0" skip="0">All Tests</stat>
</total>
<tag>
</tag>
<suite>
<stat pass="7" fail="0" skip="0" id="s1" name="Demo3">Demo3</stat>
</suite>
</statistics>
<errors>
</errors>
</robot>
