<?xml version="1.0" encoding="UTF-8"?>
<robot generator="Robot 6.0.2 (Python 3.11.1 on win32)" generated="20230119 14:25:11.491" rpa="false" schemaversion="3">
<suite id="s1" name="Demo3" source="C:\Users\40032486\PycharmProjects\robot_project\robot_suite\demo3.robot">
<test id="s1-t1" name="TC4" line="33">
<kw name="Log To Console" library="BuiltIn">
<arg>${Details}[name]</arg>
<doc>Logs the given message to the console.</doc>
<status status="PASS" starttime="20230119 14:25:11.524" endtime="20230119 14:25:11.540"/>
</kw>
<kw name="Create Dictionary" library="BuiltIn">
<var>&amp;{emp_dic}</var>
<arg>id=12</arg>
<arg>name=paul</arg>
<doc>Creates and returns a dictionary based on the given ``items``.</doc>
<msg timestamp="20230119 14:25:11.540" level="INFO">&amp;{emp_dic} = { id=12 | name=paul }</msg>
<status status="PASS" starttime="20230119 14:25:11.540" endtime="20230119 14:25:11.540"/>
</kw>
<kw name="Log To Console" library="BuiltIn">
<arg>${emp_dic}[name]</arg>
<doc>Logs the given message to the console.</doc>
<status status="PASS" starttime="20230119 14:25:11.540" endtime="20230119 14:25:11.540"/>
</kw>
<status status="PASS" starttime="20230119 14:25:11.524" endtime="20230119 14:25:11.540"/>
</test>
<status status="PASS" starttime="20230119 14:25:11.492" endtime="20230119 14:25:11.540"/>
</suite>
<statistics>
<total>
<stat pass="1" fail="0" skip="0">All Tests</stat>
</total>
<tag>
</tag>
<suite>
<stat pass="1" fail="0" skip="0" id="s1" name="Demo3">Demo3</stat>
</suite>
</statistics>
<errors>
</errors>
</robot>
