<?xml version="1.0" encoding="UTF-8"?>
<robot generator="Robot 6.0.2 (Python 3.11.1 on win32)" generated="20230127 10:28:48.475" rpa="false" schemaversion="3">
<suite id="s1" name="Demo2" source="C:\Users\40032486\PycharmProjects\robot_project\api_suite\demo2.robot">
<test id="s1-t1" name="TC1 Get Pet" line="5">
<kw name="Create Session" library="RequestsLibrary">
<arg>alias=petshop</arg>
<arg>url=https://petstore.swagger.io/v2</arg>
<doc>Create Session: create a HTTP session to a server</doc>
<msg timestamp="20230127 10:28:48.741" level="INFO">Creating Session using : alias=petshop, url=https://petstore.swagger.io/v2, headers={},                     cookies={}, auth=None, timeout=None, proxies=None, verify=False,                     debug=0 </msg>
<status status="PASS" starttime="20230127 10:28:48.740" endtime="20230127 10:28:48.742"/>
</kw>
<kw name="GET On Session" library="RequestsLibrary">
<var>${response}</var>
<arg>alias=petshop</arg>
<arg>url=pet/101</arg>
<doc>Sends a GET request on a previously created HTTP Session.</doc>
<msg timestamp="20230127 10:28:49.731" level="INFO">GET Request : url=https://petstore.swagger.io/v2/pet/101 
 path_url=/v2/pet/101 
 headers={'User-Agent': 'python-requests/2.28.2', 'Accept-Encoding': 'gzip, deflate', 'Accept': '*/*', 'Connection': 'keep-alive'} 
 body=None 
 </msg>
<msg timestamp="20230127 10:28:49.731" level="INFO">GET Response : url=https://petstore.swagger.io/v2/pet/101 
 status=200, reason=OK 
 headers={'Date': 'Fri, 27 Jan 2023 04:58:44 GMT', 'Content-Type': 'application/json', 'Transfer-Encoding': 'chunked', 'Connection': 'keep-alive', 'Access-Control-Allow-Origin': '*', 'Access-Control-Allow-Methods': 'GET, POST, DELETE, PUT', 'Access-Control-Allow-Headers': 'Content-Type, api_key, Authorization', 'Server': 'Jetty(9.2.9.v20150224)'} 
 body={"id":101,"category":{"id":0,"name":"string"},"name":"doggie","photoUrls":["string"],"tags":[{"id":0,"name":"string"}],"status":"available"} 
 </msg>
<msg timestamp="20230127 10:28:49.731" level="INFO">C:\Users\40032486\AppData\Local\Programs\Python\Python311\Lib\site-packages\urllib3\connectionpool.py:1045: InsecureRequestWarning: Unverified HTTPS request is being made to host 'petstore.swagger.io'. Adding certificate verification is strongly advised. See: https://urllib3.readthedocs.io/en/1.26.x/advanced-usage.html#ssl-warnings
  warnings.warn(</msg>
<msg timestamp="20230127 10:28:49.732" level="INFO">${response} = &lt;Response [200]&gt;</msg>
<status status="PASS" starttime="20230127 10:28:48.742" endtime="20230127 10:28:49.732"/>
</kw>
<kw name="Status Should Be" library="RequestsLibrary">
<arg>200</arg>
<doc>Fails if response status code is different than the expected.</doc>
<status status="PASS" starttime="20230127 10:28:49.732" endtime="20230127 10:28:49.732"/>
</kw>
<status status="PASS" starttime="20230127 10:28:48.739" endtime="20230127 10:28:49.733"/>
</test>
<test id="s1-t2" name="TC2" line="9">
<kw name="Create Session" library="RequestsLibrary">
<arg>alias=petshop</arg>
<arg>url=https://petstore.swagger.io/v2</arg>
<doc>Create Session: create a HTTP session to a server</doc>
<msg timestamp="20230127 10:28:49.735" level="INFO">Creating Session using : alias=petshop, url=https://petstore.swagger.io/v2, headers={},                     cookies={}, auth=None, timeout=None, proxies=None, verify=False,                     debug=0 </msg>
<status status="PASS" starttime="20230127 10:28:49.734" endtime="20230127 10:28:49.735"/>
</kw>
<kw name="GET On Session" library="RequestsLibrary">
<var>${response}</var>
<arg>alias=petshop</arg>
<arg>url=pet/102</arg>
<arg>expected_status=404</arg>
<doc>Sends a GET request on a previously created HTTP Session.</doc>
<msg timestamp="20230127 10:28:50.661" level="INFO">GET Request : url=https://petstore.swagger.io/v2/pet/102 
 path_url=/v2/pet/102 
 headers={'User-Agent': 'python-requests/2.28.2', 'Accept-Encoding': 'gzip, deflate', 'Accept': '*/*', 'Connection': 'keep-alive'} 
 body=None 
 </msg>
<msg timestamp="20230127 10:28:50.661" level="INFO">GET Response : url=https://petstore.swagger.io/v2/pet/102 
 status=404, reason=Not Found 
 headers={'Date': 'Fri, 27 Jan 2023 04:58:45 GMT', 'Content-Type': 'application/json', 'Transfer-Encoding': 'chunked', 'Connection': 'keep-alive', 'Access-Control-Allow-Origin': '*', 'Access-Control-Allow-Methods': 'GET, POST, DELETE, PUT', 'Access-Control-Allow-Headers': 'Content-Type, api_key, Authorization', 'Server': 'Jetty(9.2.9.v20150224)'} 
 body={"code":1,"type":"error","message":"Pet not found"} 
 </msg>
<msg timestamp="20230127 10:28:50.661" level="INFO">C:\Users\40032486\AppData\Local\Programs\Python\Python311\Lib\site-packages\urllib3\connectionpool.py:1045: InsecureRequestWarning: Unverified HTTPS request is being made to host 'petstore.swagger.io'. Adding certificate verification is strongly advised. See: https://urllib3.readthedocs.io/en/1.26.x/advanced-usage.html#ssl-warnings
  warnings.warn(</msg>
<msg timestamp="20230127 10:28:50.662" level="INFO">${response} = &lt;Response [404]&gt;</msg>
<status status="PASS" starttime="20230127 10:28:49.735" endtime="20230127 10:28:50.663"/>
</kw>
<kw name="Status Should Be" library="RequestsLibrary">
<arg>404</arg>
<doc>Fails if response status code is different than the expected.</doc>
<status status="PASS" starttime="20230127 10:28:50.664" endtime="20230127 10:28:50.665"/>
</kw>
<kw name="Convert To String" library="BuiltIn">
<var>${response_body}</var>
<arg>${response.json()}</arg>
<doc>Converts the given item to a Unicode string.</doc>
<msg timestamp="20230127 10:28:50.666" level="INFO">${response_body} = {'code': 1, 'type': 'error', 'message': 'Pet not found'}</msg>
<status status="PASS" starttime="20230127 10:28:50.665" endtime="20230127 10:28:50.666"/>
</kw>
<kw name="Should Contain" library="BuiltIn">
<arg>${response_body}</arg>
<arg>Pet not found</arg>
<doc>Fails if ``container`` does not contain ``item`` one or more times.</doc>
<status status="PASS" starttime="20230127 10:28:50.666" endtime="20230127 10:28:50.667"/>
</kw>
<status status="PASS" starttime="20230127 10:28:49.734" endtime="20230127 10:28:50.667"/>
</test>
<test id="s1-t3" name="TC3" line="15">
<kw name="GET On Session" library="RequestsLibrary">
<var>${response}</var>
<arg>alias=petshop</arg>
<arg>url=pet/findByStatus?status=sold</arg>
<doc>Sends a GET request on a previously created HTTP Session.</doc>
<msg timestamp="20230127 10:28:50.928" level="INFO">GET Request : url=https://petstore.swagger.io/v2/pet/findByStatus?status=sold 
 path_url=/v2/pet/findByStatus?status=sold 
 headers={'User-Agent': 'python-requests/2.28.2', 'Accept-Encoding': 'gzip, deflate', 'Accept': '*/*', 'Connection': 'keep-alive'} 
 body=None 
 </msg>
<msg timestamp="20230127 10:28:50.928" level="INFO">GET Response : url=https://petstore.swagger.io/v2/pet/findByStatus?status=sold 
 status=200, reason=OK 
 headers={'Date': 'Fri, 27 Jan 2023 04:58:46 GMT', 'Content-Type': 'application/json', 'Transfer-Encoding': 'chunked', 'Connection': 'keep-alive', 'Access-Control-Allow-Origin': '*', 'Access-Control-Allow-Methods': 'GET, POST, DELETE, PUT', 'Access-Control-Allow-Headers': 'Content-Type, api_key, Authorization', 'Server': 'Jetty(9.2.9.v20150224)'} 
 body=[{"id":1122338506818,"category":{"id":5436,"name":"soaspec_test"},"name":"Charlie","photoUrls":["string"],"tags":[{"id":1,"name":"string"}],"status":"sold"},{"id":9223372016900013315,"name":"Charlie","photoUrls":[],"tags":[],"status":"sold"},{"id":15435006001660,"category":{"id":2432432,"name":"category_name"},"name":"5239423","photoUrls":["test URL"],"tags":[{"id":5,"name":"fact tag"}],"status":"sold"},{"id":9223372016900013376,"category":{"id":-12451059,"name":"pariatur"},"name":"doggie","photoUrls":["proident reprehenderit","aliqua nisi"],"tags":[{"id":-51074348,"name":"nisi nulla"},{"id":85662688,"name":"deserunt incididunt laboris"}],"status":"sold"},{"id":13,"category":{"id":0,"name":"cats"},"photoUrls":["string"],"tags":[{"id":0,"name":"string"}],"status":"sold"},{"id":9223372016900013961,"category":{"id":-41236579,"name":"proident eu"},"name":"doggie","photoUrls":["http://img2.joyreactor.cc/pics/post/%D0%BA%D1%80%D0%B0%D1%81%D0%B0%D0%B2%D0%B8%D1%86%D0%B0-%D0%BF%D0%B5%D1%81%D0%BE%D1%87%D0%BD%D0%B8%D1%86%D0%B0-2720769.jpeg"],"tags":[{"id":75889240,"name":"nostrud pariatur ullamco"},{"id":34200791,"name":"veniam incididunt do"}],"status":"sold"}] 
 </msg>
<msg timestamp="20230127 10:28:50.929" level="INFO">C:\Users\40032486\AppData\Local\Programs\Python\Python311\Lib\site-packages\urllib3\connectionpool.py:1045: InsecureRequestWarning: Unverified HTTPS request is being made to host 'petstore.swagger.io'. Adding certificate verification is strongly advised. See: https://urllib3.readthedocs.io/en/1.26.x/advanced-usage.html#ssl-warnings
  warnings.warn(</msg>
<msg timestamp="20230127 10:28:50.930" level="INFO">${response} = &lt;Response [200]&gt;</msg>
<status status="PASS" starttime="20230127 10:28:50.668" endtime="20230127 10:28:50.930"/>
</kw>
<kw name="Status Should Be" library="RequestsLibrary">
<arg>200</arg>
<doc>Fails if response status code is different than the expected.</doc>
<status status="PASS" starttime="20230127 10:28:50.931" endtime="20230127 10:28:50.931"/>
</kw>
<kw name="Log" library="BuiltIn">
<arg>${response.json()}</arg>
<doc>Logs the given message with the given level.</doc>
<msg timestamp="20230127 10:28:50.933" level="INFO">[{'id': 1122338506818, 'category': {'id': 5436, 'name': 'soaspec_test'}, 'name': 'Charlie', 'photoUrls': ['string'], 'tags': [{'id': 1, 'name': 'string'}], 'status': 'sold'}, {'id': 9223372016900013315, 'name': 'Charlie', 'photoUrls': [], 'tags': [], 'status': 'sold'}, {'id': 15435006001660, 'category': {'id': 2432432, 'name': 'category_name'}, 'name': '5239423', 'photoUrls': ['test URL'], 'tags': [{'id': 5, 'name': 'fact tag'}], 'status': 'sold'}, {'id': 9223372016900013376, 'category': {'id': -12451059, 'name': 'pariatur'}, 'name': 'doggie', 'photoUrls': ['proident reprehenderit', 'aliqua nisi'], 'tags': [{'id': -51074348, 'name': 'nisi nulla'}, {'id': 85662688, 'name': 'deserunt incididunt laboris'}], 'status': 'sold'}, {'id': 13, 'category': {'id': 0, 'name': 'cats'}, 'photoUrls': ['string'], 'tags': [{'id': 0, 'name': 'string'}], 'status': 'sold'}, {'id': 9223372016900013961, 'category': {'id': -41236579, 'name': 'proident eu'}, 'name': 'doggie', 'photoUrls': ['http://img2.joyreactor.cc/pics/post/%D0%BA%D1%80%D0%B0%D1%81%D0%B0%D0%B2%D0%B8%D1%86%D0%B0-%D0%BF%D0%B5%D1%81%D0%BE%D1%87%D0%BD%D0%B8%D1%86%D0%B0-2720769.jpeg'], 'tags': [{'id': 75889240, 'name': 'nostrud pariatur ullamco'}, {'id': 34200791, 'name': 'veniam incididunt do'}], 'status': 'sold'}]</msg>
<status status="PASS" starttime="20230127 10:28:50.932" endtime="20230127 10:28:50.933"/>
</kw>
<kw name="Log" library="BuiltIn">
<arg>${response.json()}[0][category]</arg>
<doc>Logs the given message with the given level.</doc>
<msg timestamp="20230127 10:28:50.934" level="INFO">{'id': 5436, 'name': 'soaspec_test'}</msg>
<status status="PASS" starttime="20230127 10:28:50.933" endtime="20230127 10:28:50.934"/>
</kw>
<status status="PASS" starttime="20230127 10:28:50.667" endtime="20230127 10:28:50.934"/>
</test>
<status status="PASS" starttime="20230127 10:28:48.482" endtime="20230127 10:28:50.935"/>
</suite>
<statistics>
<total>
<stat pass="3" fail="0" skip="0">All Tests</stat>
</total>
<tag>
</tag>
<suite>
<stat pass="3" fail="0" skip="0" id="s1" name="Demo2">Demo2</stat>
</suite>
</statistics>
<errors>
</errors>
</robot>
